lame10.enst.fr: Experience Sacrifice.py 0 - Mon Mar 25 17:42:20 CET 2019 demarrage
...lame10.enst.fr: Experience Sacrifice.py 0 - Mon Mar 25 17:42:20 CET 2019
changed parameter: NbTraitors
	chosen value: 90
changed parameter: JoiningBonus
	chosen value: 10
changed parameter: FriendshipValue
	chosen value: 5
changed parameter: Judas
	chosen value: 40
changed parameter: DenunciationCost
	chosen value: 100
lame10.enst.fr: Experience Sacrifice.py 0 - Mon Mar 25 17:42:22 CET 2019 demarrage
...lame10.enst.fr: Experience Sacrifice.py 0 - Mon Mar 25 17:42:22 CET 2019
changed parameter: NbTraitors
	chosen value: 70
changed parameter: JoiningBonus
	chosen value: 20
changed parameter: FriendshipValue
	chosen value: 20
changed parameter: Judas
	chosen value: 0
changed parameter: DenunciationCost
	chosen value: 200
lame10.enst.fr: Experience Sacrifice.py 0 - Mon Mar 25 17:42:24 CET 2019 demarrage
...lame10.enst.fr: Experience Sacrifice.py 0 - Mon Mar 25 17:42:24 CET 2019
changed parameter: NbTraitors
	chosen value: 30
changed parameter: JoiningBonus
	chosen value: 5
changed parameter: FriendshipValue
	chosen value: 10
changed parameter: Judas
	chosen value: 10
changed parameter: DenunciationCost
	chosen value: 0
lame10.enst.fr: Experience Sacrifice.py 0 - Mon Mar 25 17:42:26 CET 2019 demarrage
...lame10.enst.fr: Experience Sacrifice.py 0 - Mon Mar 25 17:42:26 CET 2019
changed parameter: NbTraitors
	chosen value: 100
changed parameter: JoiningBonus
	chosen value: 15
changed parameter: FriendshipValue
	chosen value: 0
changed parameter: Judas
	chosen value: 30
changed parameter: DenunciationCost
	chosen value: 200
lame10.enst.fr: Experience Sacrifice.py 0 - Mon Mar 25 17:42:28 CET 2019 demarrage
...lame10.enst.fr: Experience Sacrifice.py 0 - Mon Mar 25 17:42:28 CET 2019
changed parameter: NbTraitors
	chosen value: 50
changed parameter: JoiningBonus
	chosen value: 0
changed parameter: FriendshipValue
	chosen value: 15
changed parameter: Judas
	chosen value: 20
changed parameter: DenunciationCost
	chosen value: 0
lame10.enst.fr: Experience Sacrifice.py 0 - Mon Mar 25 17:42:30 CET 2019 demarrage
...lame10.enst.fr: Experience Sacrifice.py 0 - Mon Mar 25 17:42:30 CET 2019
changed parameter: NbTraitors
	chosen value: 10
changed parameter: JoiningBonus
	chosen value: 5
changed parameter: FriendshipValue
	chosen value: 5
changed parameter: Judas
	chosen value: 50
changed parameter: DenunciationCost
	chosen value: 100
lame10.enst.fr: Experience Sacrifice.py 0 - Mon Mar 25 17:42:32 CET 2019 demarrage
...lame10.enst.fr: Experience Sacrifice.py 0 - Mon Mar 25 17:42:32 CET 2019
changed parameter: NbTraitors
	chosen value: 0
changed parameter: JoiningBonus
	chosen value: 0
changed parameter: FriendshipValue
	chosen value: 15
changed parameter: Judas
	chosen value: 0
changed parameter: DenunciationCost
	chosen value: 100
lame10.enst.fr: Experience Sacrifice.py 0 - Mon Mar 25 17:42:34 CET 2019 demarrage
...lame10.enst.fr: Experience Sacrifice.py 0 - Mon Mar 25 17:42:34 CET 2019
changed parameter: NbTraitors
	chosen value: 60
changed parameter: JoiningBonus
	chosen value: 10
changed parameter: FriendshipValue
	chosen value: 10
changed parameter: Judas
	chosen value: 40
changed parameter: DenunciationCost
	chosen value: 200
lame10.enst.fr: Experience Sacrifice.py 0 - Mon Mar 25 17:42:36 CET 2019 demarrage
...lame10.enst.fr: Experience Sacrifice.py 0 - Mon Mar 25 17:42:36 CET 2019
changed parameter: NbTraitors
	chosen value: 20
changed parameter: JoiningBonus
	chosen value: 20
changed parameter: FriendshipValue
	chosen value: 20
changed parameter: Judas
	chosen value: 10
changed parameter: DenunciationCost
	chosen value: 0
lame10.enst.fr: Experience Sacrifice.py 0 - Mon Mar 25 17:42:38 CET 2019 demarrage
...lame10.enst.fr: Experience Sacrifice.py 0 - Mon Mar 25 17:42:38 CET 2019
changed parameter: NbTraitors
	chosen value: 80
changed parameter: JoiningBonus
	chosen value: 15
changed parameter: FriendshipValue
	chosen value: 0
changed parameter: Judas
	chosen value: 50
changed parameter: DenunciationCost
	chosen value: 0
lame10.enst.fr: Experience Sacrifice.py 0 - Mon Mar 25 17:43:30 CET 2019 demarrage
...lame10.enst.fr: Experience Sacrifice.py 0 - Mon Mar 25 17:43:30 CET 2019
changed parameter: NbTraitors
	chosen value: 60
changed parameter: JoiningBonus
	chosen value: 0
changed parameter: FriendshipValue
	chosen value: 5
changed parameter: Judas
	chosen value: 30
changed parameter: DenunciationCost
	chosen value: 200
lame10.enst.fr: Experience Sacrifice.py 0 - Mon Mar 25 17:43:32 CET 2019 demarrage
...lame10.enst.fr: Experience Sacrifice.py 0 - Mon Mar 25 17:43:32 CET 2019
changed parameter: NbTraitors
	chosen value: 10
changed parameter: JoiningBonus
	chosen value: 10
changed parameter: FriendshipValue
	chosen value: 20
changed parameter: Judas
	chosen value: 20
changed parameter: DenunciationCost
	chosen value: 100
lame10.enst.fr: Experience Sacrifice.py 0 - Mon Mar 25 17:43:34 CET 2019 demarrage
...lame10.enst.fr: Experience Sacrifice.py 0 - Mon Mar 25 17:43:34 CET 2019
changed parameter: NbTraitors
	chosen value: 40
changed parameter: JoiningBonus
	chosen value: 5
changed parameter: FriendshipValue
	chosen value: 15
changed parameter: Judas
	chosen value: 50
changed parameter: DenunciationCost
	chosen value: 100
lame10.enst.fr: Experience Sacrifice.py 0 - Mon Mar 25 17:43:36 CET 2019 demarrage
...lame10.enst.fr: Experience Sacrifice.py 0 - Mon Mar 25 17:43:36 CET 2019
changed parameter: NbTraitors
	chosen value: 90
changed parameter: JoiningBonus
	chosen value: 15
changed parameter: FriendshipValue
	chosen value: 0
changed parameter: Judas
	chosen value: 0
changed parameter: DenunciationCost
	chosen value: 0
lame10.enst.fr: Experience Sacrifice.py 0 - Mon Mar 25 17:43:38 CET 2019 demarrage
...lame10.enst.fr: Experience Sacrifice.py 0 - Mon Mar 25 17:43:38 CET 2019
changed parameter: NbTraitors
	chosen value: 50
changed parameter: JoiningBonus
	chosen value: 20
changed parameter: FriendshipValue
	chosen value: 10
changed parameter: Judas
	chosen value: 40
changed parameter: DenunciationCost
	chosen value: 200
lame10.enst.fr: Experience Sacrifice.py 0 - Mon Mar 25 17:43:40 CET 2019 demarrage
...lame10.enst.fr: Experience Sacrifice.py 0 - Mon Mar 25 17:43:40 CET 2019
changed parameter: NbTraitors
	chosen value: 30
changed parameter: JoiningBonus
	chosen value: 0
changed parameter: FriendshipValue
	chosen value: 10
changed parameter: Judas
	chosen value: 30
changed parameter: DenunciationCost
	chosen value: 100
lame10.enst.fr: Experience Sacrifice.py 0 - Mon Mar 25 17:43:42 CET 2019 demarrage
...lame10.enst.fr: Experience Sacrifice.py 0 - Mon Mar 25 17:43:42 CET 2019
changed parameter: NbTraitors
	chosen value: 100
changed parameter: JoiningBonus
	chosen value: 10
changed parameter: FriendshipValue
	chosen value: 0
changed parameter: Judas
	chosen value: 20
changed parameter: DenunciationCost
	chosen value: 200
lame10.enst.fr: Experience Sacrifice.py 0 - Mon Mar 25 17:43:44 CET 2019 demarrage
...lame10.enst.fr: Experience Sacrifice.py 0 - Mon Mar 25 17:43:44 CET 2019
changed parameter: NbTraitors
	chosen value: 80
changed parameter: JoiningBonus
	chosen value: 15
changed parameter: FriendshipValue
	chosen value: 20
changed parameter: Judas
	chosen value: 10
changed parameter: DenunciationCost
	chosen value: 0
lame10.enst.fr: Experience Sacrifice.py 0 - Mon Mar 25 17:43:46 CET 2019 demarrage
...lame10.enst.fr: Experience Sacrifice.py 0 - Mon Mar 25 17:43:46 CET 2019
changed parameter: NbTraitors
	chosen value: 70
changed parameter: JoiningBonus
	chosen value: 5
changed parameter: FriendshipValue
	chosen value: 5
changed parameter: Judas
	chosen value: 40
changed parameter: DenunciationCost
	chosen value: 200
lame10.enst.fr: Experience Sacrifice.py 0 - Mon Mar 25 17:43:48 CET 2019 demarrage
...lame10.enst.fr: Experience Sacrifice.py 0 - Mon Mar 25 17:43:48 CET 2019
changed parameter: NbTraitors
	chosen value: 0
changed parameter: JoiningBonus
	chosen value: 20
changed parameter: FriendshipValue
	chosen value: 15
changed parameter: Judas
	chosen value: 0
changed parameter: DenunciationCost
	chosen value: 0
 Study of the possibility of honoring being an ESS (once SS is stable)
Adding a Demand gene --> which should prevent a dishonest signal // should be null in time of peace

...lame10.enst.fr: Experience Sacrifice.py 1 - Mon Mar 25 18:02:40 CET 2019
changed parameter: NbTraitors
	chosen value: 20
changed parameter: JoiningBonus
	chosen value: 0
changed parameter: FriendshipValue
	chosen value: 5
changed parameter: Judas
	chosen value: 50
changed parameter: DenunciationCost
	chosen value: 100
 Study of the possibility of honoring being an ESS (once SS is stable)
Adding a Demand gene --> which should prevent a dishonest signal // should be null in time of peace

...lame10.enst.fr: Experience Sacrifice.py 1 - Mon Mar 25 18:04:23 CET 2019
changed parameter: NbTraitors
	chosen value: 90
changed parameter: JoiningBonus
	chosen value: 20
changed parameter: FriendshipValue
	chosen value: 0
changed parameter: Judas
	chosen value: 20
changed parameter: DenunciationCost
	chosen value: 100
 Study of the possibility of honoring being an ESS (once SS is stable)
Adding a Demand gene --> which should prevent a dishonest signal // should be null in time of peace

...lame10.enst.fr: Experience Sacrifice.py 1 - Mon Mar 25 18:04:41 CET 2019
changed parameter: NbTraitors
	chosen value: 0
changed parameter: JoiningBonus
	chosen value: 5
changed parameter: FriendshipValue
	chosen value: 10
changed parameter: Judas
	chosen value: 10
changed parameter: DenunciationCost
	chosen value: 0
 Study of the possibility of honoring being an ESS (once SS is stable)
Adding a Demand gene --> which should prevent a dishonest signal // should be null in time of peace

...lame10.enst.fr: Experience Sacrifice.py 1 - Mon Mar 25 18:04:42 CET 2019
changed parameter: NbTraitors
	chosen value: 70
changed parameter: JoiningBonus
	chosen value: 10
changed parameter: FriendshipValue
	chosen value: 15
changed parameter: Judas
	chosen value: 30
changed parameter: DenunciationCost
	chosen value: 200
 Study of the possibility of honoring being an ESS (once SS is stable)
Adding a Demand gene --> which should prevent a dishonest signal // should be null in time of peace

...lame10.enst.fr: Experience Sacrifice.py 1 - Mon Mar 25 18:05:52 CET 2019
changed parameter: NbTraitors
	chosen value: 80
changed parameter: JoiningBonus
	chosen value: 15
changed parameter: FriendshipValue
	chosen value: 20
changed parameter: Judas
	chosen value: 50
changed parameter: DenunciationCost
	chosen value: 200
 Study of the possibility of honoring being an ESS (once SS is stable)
Adding a Demand gene --> which should prevent a dishonest signal // should be null in time of peace

...lame10.enst.fr: Experience Sacrifice.py 1 - Mon Mar 25 18:09:08 CET 2019
changed parameter: NbTraitors
	chosen value: 30
changed parameter: JoiningBonus
	chosen value: 20
changed parameter: FriendshipValue
	chosen value: 10
changed parameter: Judas
	chosen value: 30
changed parameter: DenunciationCost
	chosen value: 0
 Study of the possibility of honoring being an ESS (once SS is stable)
Adding a Demand gene --> which should prevent a dishonest signal // should be null in time of peace

...lame10.enst.fr: Experience Sacrifice.py 1 - Mon Mar 25 18:09:57 CET 2019
changed parameter: NbTraitors
	chosen value: 100
changed parameter: JoiningBonus
	chosen value: 10
changed parameter: FriendshipValue
	chosen value: 20
changed parameter: Judas
	chosen value: 0
changed parameter: DenunciationCost
	chosen value: 100
 Study of the possibility of honoring being an ESS (once SS is stable)
Adding a Demand gene --> which should prevent a dishonest signal // should be null in time of peace

...lame10.enst.fr: Experience Sacrifice.py 1 - Mon Mar 25 18:10:20 CET 2019
changed parameter: NbTraitors
	chosen value: 50
changed parameter: JoiningBonus
	chosen value: 0
changed parameter: FriendshipValue
	chosen value: 15
changed parameter: Judas
	chosen value: 40
changed parameter: DenunciationCost
	chosen value: 0
 Study of the possibility of honoring being an ESS (once SS is stable)
Adding a Demand gene --> which should prevent a dishonest signal // should be null in time of peace

...lame10.enst.fr: Experience Sacrifice.py 1 - Mon Mar 25 18:12:23 CET 2019
changed parameter: NbTraitors
	chosen value: 10
changed parameter: JoiningBonus
	chosen value: 5
changed parameter: FriendshipValue
	chosen value: 0
changed parameter: Judas
	chosen value: 10
changed parameter: DenunciationCost
	chosen value: 200
 Study of the possibility of honoring being an ESS (once SS is stable)
Adding a Demand gene --> which should prevent a dishonest signal // should be null in time of peace

...lame10.enst.fr: Experience Sacrifice.py 1 - Mon Mar 25 18:12:40 CET 2019
changed parameter: NbTraitors
	chosen value: 60
changed parameter: JoiningBonus
	chosen value: 15
changed parameter: FriendshipValue
	chosen value: 5
changed parameter: Judas
	chosen value: 20
changed parameter: DenunciationCost
	chosen value: 100
 Study of the possibility of honoring being an ESS (once SS is stable)
Adding a Demand gene --> which should prevent a dishonest signal // should be null in time of peace

...lame10.enst.fr: Experience Sacrifice.py 1 - Mon Mar 25 18:13:59 CET 2019
changed parameter: NbTraitors
	chosen value: 20
changed parameter: JoiningBonus
	chosen value: 10
changed parameter: FriendshipValue
	chosen value: 20
changed parameter: Judas
	chosen value: 20
changed parameter: DenunciationCost
	chosen value: 200
 Study of the possibility of honoring being an ESS (once SS is stable)
Adding a Demand gene --> which should prevent a dishonest signal // should be null in time of peace

...lame10.enst.fr: Experience Sacrifice.py 1 - Mon Mar 25 18:14:38 CET 2019
changed parameter: NbTraitors
	chosen value: 40
changed parameter: JoiningBonus
	chosen value: 15
changed parameter: FriendshipValue
	chosen value: 5
changed parameter: Judas
	chosen value: 50
changed parameter: DenunciationCost
	chosen value: 100
 Study of the possibility of honoring being an ESS (once SS is stable)
Adding a Demand gene --> which should prevent a dishonest signal // should be null in time of peace

...lame10.enst.fr: Experience Sacrifice.py 1 - Mon Mar 25 18:15:06 CET 2019
changed parameter: NbTraitors
	chosen value: 100
changed parameter: JoiningBonus
	chosen value: 0
changed parameter: FriendshipValue
	chosen value: 15
changed parameter: Judas
	chosen value: 10
changed parameter: DenunciationCost
	chosen value: 0
 Study of the possibility of honoring being an ESS (once SS is stable)
Adding a Demand gene --> which should prevent a dishonest signal // should be null in time of peace

...lame10.enst.fr: Experience Sacrifice.py 1 - Mon Mar 25 18:15:28 CET 2019
changed parameter: NbTraitors
	chosen value: 20
changed parameter: JoiningBonus
	chosen value: 5
changed parameter: FriendshipValue
	chosen value: 10
changed parameter: Judas
	chosen value: 0
changed parameter: DenunciationCost
	chosen value: 100
 Study of the possibility of honoring being an ESS (once SS is stable)
Adding a Demand gene --> which should prevent a dishonest signal // should be null in time of peace

...lame10.enst.fr: Experience Sacrifice.py 1 - Mon Mar 25 18:16:27 CET 2019
changed parameter: NbTraitors
	chosen value: 40
changed parameter: JoiningBonus
	chosen value: 20
changed parameter: FriendshipValue
	chosen value: 0
changed parameter: Judas
	chosen value: 40
changed parameter: DenunciationCost
	chosen value: 0
 Study of the possibility of honoring being an ESS (once SS is stable)
Adding a Demand gene --> which should prevent a dishonest signal // should be null in time of peace

...lame10.enst.fr: Experience Sacrifice.py 1 - Mon Mar 25 18:16:52 CET 2019
changed parameter: NbTraitors
	chosen value: 90
changed parameter: JoiningBonus
	chosen value: 15
changed parameter: FriendshipValue
	chosen value: 10
changed parameter: Judas
	chosen value: 30
changed parameter: DenunciationCost
	chosen value: 200
 Study of the possibility of honoring being an ESS (once SS is stable)
Adding a Demand gene --> which should prevent a dishonest signal // should be null in time of peace

 Study of the possibility of honoring being an ESS (once SS is stable)
Adding a Demand gene --> which should prevent a dishonest signal // should be null in time of peace

...lame10.enst.fr: Experience Sacrifice.py 1 - Mon Mar 25 18:18:54 CET 2019
changed parameter: NbTraitors
	chosen value: 0
changed parameter: JoiningBonus
	chosen value: 5
changed parameter: FriendshipValue
	chosen value: 5
changed parameter: Judas
	chosen value: 30
changed parameter: DenunciationCost
	chosen value: 100
...lame10.enst.fr: Experience Sacrifice.py 1 - Mon Mar 25 18:18:57 CET 2019
changed parameter: NbTraitors
	chosen value: 80
changed parameter: JoiningBonus
	chosen value: 0
changed parameter: FriendshipValue
	chosen value: 20
changed parameter: Judas
	chosen value: 10
changed parameter: DenunciationCost
	chosen value: 200
 Study of the possibility of honoring being an ESS (once SS is stable)
Adding a Demand gene --> which should prevent a dishonest signal // should be null in time of peace

 Study of the possibility of honoring being an ESS (once SS is stable)
Adding a Demand gene --> which should prevent a dishonest signal // should be null in time of peace

...lame10.enst.fr: Experience Sacrifice.py 1 - Mon Mar 25 18:19:36 CET 2019
changed parameter: NbTraitors
	chosen value: 30
changed parameter: JoiningBonus
	chosen value: 20
changed parameter: FriendshipValue
	chosen value: 15
changed parameter: Judas
	chosen value: 0
changed parameter: DenunciationCost
	chosen value: 0
...lame10.enst.fr: Experience Sacrifice.py 1 - Mon Mar 25 18:19:45 CET 2019
changed parameter: NbTraitors
	chosen value: 10
changed parameter: JoiningBonus
	chosen value: 10
changed parameter: FriendshipValue
	chosen value: 0
changed parameter: Judas
	chosen value: 40
changed parameter: DenunciationCost
	chosen value: 200
 Study of the possibility of honoring being an ESS (once SS is stable)
Adding a Demand gene --> which should prevent a dishonest signal // should be null in time of peace

...lame10.enst.fr: Experience Sacrifice.py 2 - Mon Mar 25 18:21:54 CET 2019
changed parameter: NbTraitors
	chosen value: 70
changed parameter: JoiningBonus
	chosen value: 5
changed parameter: FriendshipValue
	chosen value: 20
changed parameter: Judas
	chosen value: 50
changed parameter: DenunciationCost
	chosen value: 0
 Study of the possibility of honoring being an ESS (once SS is stable)
Adding a Demand gene --> which should prevent a dishonest signal // should be null in time of peace

...lame10.enst.fr: Experience Sacrifice.py 2 - Mon Mar 25 18:31:38 CET 2019
changed parameter: NbTraitors
	chosen value: 60
changed parameter: JoiningBonus
	chosen value: 15
changed parameter: FriendshipValue
	chosen value: 15
changed parameter: Judas
	chosen value: 20
changed parameter: DenunciationCost
	chosen value: 100
 Study of the possibility of honoring being an ESS (once SS is stable)
Adding a Demand gene --> which should prevent a dishonest signal // should be null in time of peace

 Study of the possibility of honoring being an ESS (once SS is stable)
Adding a Demand gene --> which should prevent a dishonest signal // should be null in time of peace

...lame10.enst.fr: Experience Sacrifice.py 2 - Mon Mar 25 18:34:01 CET 2019
changed parameter: NbTraitors
	chosen value: 50
changed parameter: JoiningBonus
	chosen value: 10
changed parameter: FriendshipValue
	chosen value: 0
changed parameter: Judas
	chosen value: 50
changed parameter: DenunciationCost
	chosen value: 100
...lame10.enst.fr: Experience Sacrifice.py 2 - Mon Mar 25 18:34:11 CET 2019
changed parameter: NbTraitors
	chosen value: 50
changed parameter: JoiningBonus
	chosen value: 20
changed parameter: FriendshipValue
	chosen value: 10
changed parameter: Judas
	chosen value: 40
changed parameter: DenunciationCost
	chosen value: 0
 Study of the possibility of honoring being an ESS (once SS is stable)
Adding a Demand gene --> which should prevent a dishonest signal // should be null in time of peace

...lame10.enst.fr: Experience Sacrifice.py 2 - Mon Mar 25 18:36:17 CET 2019
changed parameter: NbTraitors
	chosen value: 70
changed parameter: JoiningBonus
	chosen value: 0
changed parameter: FriendshipValue
	chosen value: 5
changed parameter: Judas
	chosen value: 20
changed parameter: DenunciationCost
	chosen value: 200
 Study of the possibility of honoring being an ESS (once SS is stable)
Adding a Demand gene --> which should prevent a dishonest signal // should be null in time of peace

...lame10.enst.fr: Experience Sacrifice.py 2 - Mon Mar 25 18:37:11 CET 2019
changed parameter: NbTraitors
	chosen value: 20
changed parameter: JoiningBonus
	chosen value: 5
changed parameter: FriendshipValue
	chosen value: 5
changed parameter: Judas
	chosen value: 10
changed parameter: DenunciationCost
	chosen value: 100
 Study of the possibility of honoring being an ESS (once SS is stable)
Adding a Demand gene --> which should prevent a dishonest signal // should be null in time of peace

...lame10.enst.fr: Experience Sacrifice.py 2 - Mon Mar 25 18:37:42 CET 2019
changed parameter: NbTraitors
	chosen value: 80
changed parameter: JoiningBonus
	chosen value: 15
changed parameter: FriendshipValue
	chosen value: 10
changed parameter: Judas
	chosen value: 30
changed parameter: DenunciationCost
	chosen value: 0
 Study of the possibility of honoring being an ESS (once SS is stable)
Adding a Demand gene --> which should prevent a dishonest signal // should be null in time of peace

...lame10.enst.fr: Experience Sacrifice.py 2 - Mon Mar 25 18:38:30 CET 2019
changed parameter: NbTraitors
	chosen value: 90
changed parameter: JoiningBonus
	chosen value: 10
changed parameter: FriendshipValue
	chosen value: 0
changed parameter: Judas
	chosen value: 0
changed parameter: DenunciationCost
	chosen value: 200
 Study of the possibility of honoring being an ESS (once SS is stable)
Adding a Demand gene --> which should prevent a dishonest signal // should be null in time of peace

...lame10.enst.fr: Experience Sacrifice.py 2 - Mon Mar 25 18:39:44 CET 2019
changed parameter: NbTraitors
	chosen value: 40
changed parameter: JoiningBonus
	chosen value: 20
changed parameter: FriendshipValue
	chosen value: 20
changed parameter: Judas
	chosen value: 50
changed parameter: DenunciationCost
	chosen value: 200
 Study of the possibility of honoring being an ESS (once SS is stable)
Adding a Demand gene --> which should prevent a dishonest signal // should be null in time of peace

...lame10.enst.fr: Experience Sacrifice.py 2 - Mon Mar 25 18:42:34 CET 2019
changed parameter: NbTraitors
	chosen value: 60
changed parameter: JoiningBonus
	chosen value: 0
changed parameter: FriendshipValue
	chosen value: 15
changed parameter: Judas
	chosen value: 0
changed parameter: DenunciationCost
	chosen value: 100
 Study of the possibility of honoring being an ESS (once SS is stable)
Adding a Demand gene --> which should prevent a dishonest signal // should be null in time of peace

 Study of the possibility of honoring being an ESS (once SS is stable)
Adding a Demand gene --> which should prevent a dishonest signal // should be null in time of peace

...lame10.enst.fr: Experience Sacrifice.py 2 - Mon Mar 25 18:43:06 CET 2019
changed parameter: NbTraitors
	chosen value: 0
changed parameter: JoiningBonus
	chosen value: 0
changed parameter: FriendshipValue
	chosen value: 20
changed parameter: Judas
	chosen value: 20
changed parameter: DenunciationCost
	chosen value: 0
...lame10.enst.fr: Experience Sacrifice.py 2 - Mon Mar 25 18:43:14 CET 2019
changed parameter: NbTraitors
	chosen value: 30
changed parameter: JoiningBonus
	chosen value: 15
changed parameter: FriendshipValue
	chosen value: 5
changed parameter: Judas
	chosen value: 10
changed parameter: DenunciationCost
	chosen value: 0
 Study of the possibility of honoring being an ESS (once SS is stable)
Adding a Demand gene --> which should prevent a dishonest signal // should be null in time of peace

...lame10.enst.fr: Experience Sacrifice.py 2 - Mon Mar 25 18:44:20 CET 2019
changed parameter: NbTraitors
	chosen value: 100
changed parameter: JoiningBonus
	chosen value: 10
changed parameter: FriendshipValue
	chosen value: 0
changed parameter: Judas
	chosen value: 40
changed parameter: DenunciationCost
	chosen value: 100
 Study of the possibility of honoring being an ESS (once SS is stable)
Adding a Demand gene --> which should prevent a dishonest signal // should be null in time of peace

...lame10.enst.fr: Experience Sacrifice.py 2 - Mon Mar 25 18:44:50 CET 2019
changed parameter: NbTraitors
	chosen value: 10
changed parameter: JoiningBonus
	chosen value: 20
changed parameter: FriendshipValue
	chosen value: 10
changed parameter: Judas
	chosen value: 30
changed parameter: DenunciationCost
	chosen value: 200
 Study of the possibility of honoring being an ESS (once SS is stable)
Adding a Demand gene --> which should prevent a dishonest signal // should be null in time of peace

 Study of the possibility of honoring being an ESS (once SS is stable)
Adding a Demand gene --> which should prevent a dishonest signal // should be null in time of peace

...lame10.enst.fr: Experience Sacrifice.py 2 - Mon Mar 25 18:46:15 CET 2019
changed parameter: NbTraitors
	chosen value: 60
changed parameter: JoiningBonus
	chosen value: 5
changed parameter: FriendshipValue
	chosen value: 15
changed parameter: Judas
	chosen value: 10
changed parameter: DenunciationCost
	chosen value: 100
...lame10.enst.fr: Experience Sacrifice.py 2 - Mon Mar 25 18:46:24 CET 2019
changed parameter: NbTraitors
	chosen value: 40
changed parameter: JoiningBonus
	chosen value: 20
changed parameter: FriendshipValue
	chosen value: 0
changed parameter: Judas
	chosen value: 40
changed parameter: DenunciationCost
	chosen value: 200
 Study of the possibility of honoring being an ESS (once SS is stable)
Adding a Demand gene --> which should prevent a dishonest signal // should be null in time of peace

...lame10.enst.fr: Experience Sacrifice.py 2 - Mon Mar 25 18:46:51 CET 2019
changed parameter: NbTraitors
	chosen value: 100
changed parameter: JoiningBonus
	chosen value: 10
changed parameter: FriendshipValue
	chosen value: 5
changed parameter: Judas
	chosen value: 0
changed parameter: DenunciationCost
	chosen value: 0
 Study of the possibility of honoring being an ESS (once SS is stable)
Adding a Demand gene --> which should prevent a dishonest signal // should be null in time of peace

...lame10.enst.fr: Experience Sacrifice.py 2 - Mon Mar 25 18:48:00 CET 2019
changed parameter: NbTraitors
	chosen value: 50
changed parameter: JoiningBonus
	chosen value: 15
changed parameter: FriendshipValue
	chosen value: 20
changed parameter: Judas
	chosen value: 30
changed parameter: DenunciationCost
	chosen value: 100
 Study of the possibility of honoring being an ESS (once SS is stable)
Adding a Demand gene --> which should prevent a dishonest signal // should be null in time of peace

...lame10.enst.fr: Experience Sacrifice.py 2 - Mon Mar 25 18:51:51 CET 2019
changed parameter: NbTraitors
	chosen value: 90
changed parameter: JoiningBonus
	chosen value: 0
changed parameter: FriendshipValue
	chosen value: 10
changed parameter: Judas
	chosen value: 50
changed parameter: DenunciationCost
	chosen value: 200
 Study of the possibility of honoring being an ESS (once SS is stable)
Adding a Demand gene --> which should prevent a dishonest signal // should be null in time of peace

...lame10.enst.fr: Experience Sacrifice.py 2 - Mon Mar 25 18:52:43 CET 2019
changed parameter: NbTraitors
	chosen value: 20
changed parameter: JoiningBonus
	chosen value: 5
changed parameter: FriendshipValue
	chosen value: 15
changed parameter: Judas
	chosen value: 20
changed parameter: DenunciationCost
	chosen value: 0
 Study of the possibility of honoring being an ESS (once SS is stable)
Adding a Demand gene --> which should prevent a dishonest signal // should be null in time of peace

...lame10.enst.fr: Experience Sacrifice.py 3 - Mon Mar 25 18:54:06 CET 2019
changed parameter: NbTraitors
	chosen value: 10
changed parameter: JoiningBonus
	chosen value: 10
changed parameter: FriendshipValue
	chosen value: 15
changed parameter: Judas
	chosen value: 20
changed parameter: DenunciationCost
	chosen value: 0
 Study of the possibility of honoring being an ESS (once SS is stable)
Adding a Demand gene --> which should prevent a dishonest signal // should be null in time of peace

...lame10.enst.fr: Experience Sacrifice.py 3 - Mon Mar 25 18:55:27 CET 2019
changed parameter: NbTraitors
	chosen value: 80
changed parameter: JoiningBonus
	chosen value: 15
changed parameter: FriendshipValue
	chosen value: 10
changed parameter: Judas
	chosen value: 10
changed parameter: DenunciationCost
	chosen value: 100
 Study of the possibility of honoring being an ESS (once SS is stable)
Adding a Demand gene --> which should prevent a dishonest signal // should be null in time of peace

...lame10.enst.fr: Experience Sacrifice.py 3 - Mon Mar 25 18:57:37 CET 2019
changed parameter: NbTraitors
	chosen value: 70
changed parameter: JoiningBonus
	chosen value: 20
changed parameter: FriendshipValue
	chosen value: 0
changed parameter: Judas
	chosen value: 50
changed parameter: DenunciationCost
	chosen value: 200
 Study of the possibility of honoring being an ESS (once SS is stable)
Adding a Demand gene --> which should prevent a dishonest signal // should be null in time of peace

...lame10.enst.fr: Experience Sacrifice.py 3 - Mon Mar 25 19:00:13 CET 2019
changed parameter: NbTraitors
	chosen value: 0
changed parameter: JoiningBonus
	chosen value: 0
changed parameter: FriendshipValue
	chosen value: 20
changed parameter: Judas
	chosen value: 30
changed parameter: DenunciationCost
	chosen value: 100
 Study of the possibility of honoring being an ESS (once SS is stable)
Adding a Demand gene --> which should prevent a dishonest signal // should be null in time of peace

...lame10.enst.fr: Experience Sacrifice.py 3 - Mon Mar 25 19:01:49 CET 2019
changed parameter: NbTraitors
	chosen value: 30
changed parameter: JoiningBonus
	chosen value: 5
changed parameter: FriendshipValue
	chosen value: 5
changed parameter: Judas
	chosen value: 40
changed parameter: DenunciationCost
	chosen value: 200
 Study of the possibility of honoring being an ESS (once SS is stable)
Adding a Demand gene --> which should prevent a dishonest signal // should be null in time of peace

...lame10.enst.fr: Experience Sacrifice.py 3 - Mon Mar 25 19:03:19 CET 2019
changed parameter: NbTraitors
	chosen value: 100
changed parameter: JoiningBonus
	chosen value: 5
changed parameter: FriendshipValue
	chosen value: 10
changed parameter: Judas
	chosen value: 0
changed parameter: DenunciationCost
	chosen value: 0
 Study of the possibility of honoring being an ESS (once SS is stable)
Adding a Demand gene --> which should prevent a dishonest signal // should be null in time of peace

...lame10.enst.fr: Experience Sacrifice.py 3 - Mon Mar 25 19:05:19 CET 2019
changed parameter: NbTraitors
	chosen value: 70
changed parameter: JoiningBonus
	chosen value: 10
changed parameter: FriendshipValue
	chosen value: 0
changed parameter: Judas
	chosen value: 50
changed parameter: DenunciationCost
	chosen value: 100
 Study of the possibility of honoring being an ESS (once SS is stable)
Adding a Demand gene --> which should prevent a dishonest signal // should be null in time of peace

...lame10.enst.fr: Experience Sacrifice.py 3 - Mon Mar 25 19:06:34 CET 2019
changed parameter: NbTraitors
	chosen value: 0
changed parameter: JoiningBonus
	chosen value: 0
changed parameter: FriendshipValue
	chosen value: 15
changed parameter: Judas
	chosen value: 20
changed parameter: DenunciationCost
	chosen value: 0
 Study of the possibility of honoring being an ESS (once SS is stable)
Adding a Demand gene --> which should prevent a dishonest signal // should be null in time of peace

...lame10.enst.fr: Experience Sacrifice.py 3 - Mon Mar 25 19:08:22 CET 2019
changed parameter: NbTraitors
	chosen value: 80
changed parameter: JoiningBonus
	chosen value: 15
changed parameter: FriendshipValue
	chosen value: 5
changed parameter: Judas
	chosen value: 40
changed parameter: DenunciationCost
	chosen value: 200
 Study of the possibility of honoring being an ESS (once SS is stable)
Adding a Demand gene --> which should prevent a dishonest signal // should be null in time of peace

...lame10.enst.fr: Experience Sacrifice.py 3 - Mon Mar 25 19:09:11 CET 2019
changed parameter: NbTraitors
	chosen value: 40
changed parameter: JoiningBonus
	chosen value: 20
changed parameter: FriendshipValue
	chosen value: 20
changed parameter: Judas
	chosen value: 0
changed parameter: DenunciationCost
	chosen value: 0
 Study of the possibility of honoring being an ESS (once SS is stable)
Adding a Demand gene --> which should prevent a dishonest signal // should be null in time of peace

 Study of the possibility of honoring being an ESS (once SS is stable)
Adding a Demand gene --> which should prevent a dishonest signal // should be null in time of peace

...lame10.enst.fr: Experience Sacrifice.py 3 - Mon Mar 25 19:10:11 CET 2019
changed parameter: NbTraitors
	chosen value: 10
changed parameter: JoiningBonus
	chosen value: 5
changed parameter: FriendshipValue
	chosen value: 0
changed parameter: Judas
	chosen value: 10
changed parameter: DenunciationCost
	chosen value: 100
 Study of the possibility of honoring being an ESS (once SS is stable)
Adding a Demand gene --> which should prevent a dishonest signal // should be null in time of peace

...lame10.enst.fr: Experience Sacrifice.py 3 - Mon Mar 25 19:10:22 CET 2019
changed parameter: NbTraitors
	chosen value: 30
changed parameter: JoiningBonus
	chosen value: 10
changed parameter: FriendshipValue
	chosen value: 15
changed parameter: Judas
	chosen value: 30
changed parameter: DenunciationCost
	chosen value: 200
...lame10.enst.fr: Experience Sacrifice.py 3 - Mon Mar 25 19:10:30 CET 2019
changed parameter: NbTraitors
	chosen value: 20
changed parameter: JoiningBonus
	chosen value: 20
changed parameter: FriendshipValue
	chosen value: 20
changed parameter: Judas
	chosen value: 50
changed parameter: DenunciationCost
	chosen value: 0
 Study of the possibility of honoring being an ESS (once SS is stable)
Adding a Demand gene --> which should prevent a dishonest signal // should be null in time of peace

...lame10.enst.fr: Experience Sacrifice.py 3 - Mon Mar 25 19:14:25 CET 2019
changed parameter: NbTraitors
	chosen value: 50
changed parameter: JoiningBonus
	chosen value: 15
changed parameter: FriendshipValue
	chosen value: 10
changed parameter: Judas
	chosen value: 10
changed parameter: DenunciationCost
	chosen value: 200
 Study of the possibility of honoring being an ESS (once SS is stable)
Adding a Demand gene --> which should prevent a dishonest signal // should be null in time of peace

 Study of the possibility of honoring being an ESS (once SS is stable)
Adding a Demand gene --> which should prevent a dishonest signal // should be null in time of peace

...lame10.enst.fr: Experience Sacrifice.py 3 - Mon Mar 25 19:17:23 CET 2019
changed parameter: NbTraitors
	chosen value: 90
changed parameter: JoiningBonus
	chosen value: 0
changed parameter: FriendshipValue
	chosen value: 5
changed parameter: Judas
	chosen value: 0
changed parameter: DenunciationCost
	chosen value: 100
...lame10.enst.fr: Experience Sacrifice.py 3 - Mon Mar 25 19:17:30 CET 2019
changed parameter: NbTraitors
	chosen value: 60
changed parameter: JoiningBonus
	chosen value: 15
changed parameter: FriendshipValue
	chosen value: 15
changed parameter: Judas
	chosen value: 40
changed parameter: DenunciationCost
	chosen value: 200
 Study of the possibility of honoring being an ESS (once SS is stable)
Adding a Demand gene --> which should prevent a dishonest signal // should be null in time of peace

...lame10.enst.fr: Experience Sacrifice.py 3 - Mon Mar 25 19:18:11 CET 2019
changed parameter: NbTraitors
	chosen value: 30
changed parameter: JoiningBonus
	chosen value: 0
changed parameter: FriendshipValue
	chosen value: 0
changed parameter: Judas
	chosen value: 20
changed parameter: DenunciationCost
	chosen value: 0
 Study of the possibility of honoring being an ESS (once SS is stable)
Adding a Demand gene --> which should prevent a dishonest signal // should be null in time of peace

...lame10.enst.fr: Experience Sacrifice.py 3 - Mon Mar 25 19:19:04 CET 2019
changed parameter: NbTraitors
	chosen value: 70
changed parameter: JoiningBonus
	chosen value: 20
changed parameter: FriendshipValue
	chosen value: 5
changed parameter: Judas
	chosen value: 30
changed parameter: DenunciationCost
	chosen value: 100
 Study of the possibility of honoring being an ESS (once SS is stable)
Adding a Demand gene --> which should prevent a dishonest signal // should be null in time of peace

...lame10.enst.fr: Experience Sacrifice.py 3 - Mon Mar 25 19:20:30 CET 2019
changed parameter: NbTraitors
	chosen value: 60
changed parameter: JoiningBonus
	chosen value: 10
changed parameter: FriendshipValue
	chosen value: 20
changed parameter: Judas
	chosen value: 0
changed parameter: DenunciationCost
	chosen value: 200
 Study of the possibility of honoring being an ESS (once SS is stable)
Adding a Demand gene --> which should prevent a dishonest signal // should be null in time of peace

...lame10.enst.fr: Experience Sacrifice.py 4 - Mon Mar 25 19:23:06 CET 2019
changed parameter: NbTraitors
	chosen value: 90
changed parameter: JoiningBonus
	chosen value: 5
changed parameter: FriendshipValue
	chosen value: 10
changed parameter: Judas
	chosen value: 10
changed parameter: DenunciationCost
	chosen value: 100
 Study of the possibility of honoring being an ESS (once SS is stable)
Adding a Demand gene --> which should prevent a dishonest signal // should be null in time of peace

...lame10.enst.fr: Experience Sacrifice.py 4 - Mon Mar 25 19:26:34 CET 2019
changed parameter: NbTraitors
	chosen value: 100
changed parameter: JoiningBonus
	chosen value: 15
changed parameter: FriendshipValue
	chosen value: 20
changed parameter: Judas
	chosen value: 50
changed parameter: DenunciationCost
	chosen value: 0
 Study of the possibility of honoring being an ESS (once SS is stable)
Adding a Demand gene --> which should prevent a dishonest signal // should be null in time of peace

 Study of the possibility of honoring being an ESS (once SS is stable)
Adding a Demand gene --> which should prevent a dishonest signal // should be null in time of peace

...lame10.enst.fr: Experience Sacrifice.py 4 - Mon Mar 25 19:27:23 CET 2019
changed parameter: NbTraitors
	chosen value: 50
changed parameter: JoiningBonus
	chosen value: 0
changed parameter: FriendshipValue
	chosen value: 5
changed parameter: Judas
	chosen value: 30
changed parameter: DenunciationCost
	chosen value: 100
...lame10.enst.fr: Experience Sacrifice.py 3 - Mon Mar 25 19:27:34 CET 2019
changed parameter: NbTraitors
	chosen value: 80
changed parameter: JoiningBonus
	chosen value: 5
changed parameter: FriendshipValue
	chosen value: 0
changed parameter: Judas
	chosen value: 40
changed parameter: DenunciationCost
	chosen value: 0
 Study of the possibility of honoring being an ESS (once SS is stable)
Adding a Demand gene --> which should prevent a dishonest signal // should be null in time of peace

...lame10.enst.fr: Experience Sacrifice.py 4 - Mon Mar 25 19:28:39 CET 2019
changed parameter: NbTraitors
	chosen value: 10
changed parameter: JoiningBonus
	chosen value: 20
changed parameter: FriendshipValue
	chosen value: 15
changed parameter: Judas
	chosen value: 20
changed parameter: DenunciationCost
	chosen value: 200
 Study of the possibility of honoring being an ESS (once SS is stable)
Adding a Demand gene --> which should prevent a dishonest signal // should be null in time of peace

...lame10.enst.fr: Experience Sacrifice.py 4 - Mon Mar 25 19:29:36 CET 2019
changed parameter: NbTraitors
	chosen value: 0
changed parameter: JoiningBonus
	chosen value: 10
changed parameter: FriendshipValue
	chosen value: 10
changed parameter: Judas
	chosen value: 40
changed parameter: DenunciationCost
	chosen value: 200
 Study of the possibility of honoring being an ESS (once SS is stable)
Adding a Demand gene --> which should prevent a dishonest signal // should be null in time of peace

...lame10.enst.fr: Experience Sacrifice.py 4 - Mon Mar 25 19:31:47 CET 2019
changed parameter: NbTraitors
	chosen value: 20
changed parameter: JoiningBonus
	chosen value: 5
changed parameter: FriendshipValue
	chosen value: 15
changed parameter: Judas
	chosen value: 30
changed parameter: DenunciationCost
	chosen value: 100
 Study of the possibility of honoring being an ESS (once SS is stable)
Adding a Demand gene --> which should prevent a dishonest signal // should be null in time of peace

...lame10.enst.fr: Experience Sacrifice.py 4 - Mon Mar 25 19:34:18 CET 2019
changed parameter: NbTraitors
	chosen value: 40
changed parameter: JoiningBonus
	chosen value: 10
changed parameter: FriendshipValue
	chosen value: 0
changed parameter: Judas
	chosen value: 50
changed parameter: DenunciationCost
	chosen value: 0
 Study of the possibility of honoring being an ESS (once SS is stable)
Adding a Demand gene --> which should prevent a dishonest signal // should be null in time of peace

...lame10.enst.fr: Experience Sacrifice.py 4 - Mon Mar 25 19:36:54 CET 2019
changed parameter: NbTraitors
	chosen value: 70
changed parameter: JoiningBonus
	chosen value: 0
changed parameter: FriendshipValue
	chosen value: 5
changed parameter: Judas
	chosen value: 20
changed parameter: DenunciationCost
	chosen value: 200
 Study of the possibility of honoring being an ESS (once SS is stable)
Adding a Demand gene --> which should prevent a dishonest signal // should be null in time of peace

...lame10.enst.fr: Experience Sacrifice.py 4 - Mon Mar 25 19:38:16 CET 2019
changed parameter: NbTraitors
	chosen value: 90
changed parameter: JoiningBonus
	chosen value: 20
changed parameter: FriendshipValue
	chosen value: 10
changed parameter: Judas
	chosen value: 0
changed parameter: DenunciationCost
	chosen value: 0
 Study of the possibility of honoring being an ESS (once SS is stable)
Adding a Demand gene --> which should prevent a dishonest signal // should be null in time of peace

...lame10.enst.fr: Experience Sacrifice.py 4 - Mon Mar 25 19:39:13 CET 2019
changed parameter: NbTraitors
	chosen value: 30
changed parameter: JoiningBonus
	chosen value: 15
changed parameter: FriendshipValue
	chosen value: 20
changed parameter: Judas
	chosen value: 10
changed parameter: DenunciationCost
	chosen value: 100
 Study of the possibility of honoring being an ESS (once SS is stable)
Adding a Demand gene --> which should prevent a dishonest signal // should be null in time of peace

...lame10.enst.fr: Experience Sacrifice.py 4 - Mon Mar 25 19:40:09 CET 2019
changed parameter: NbTraitors
	chosen value: 0
changed parameter: JoiningBonus
	chosen value: 0
changed parameter: FriendshipValue
	chosen value: 5
changed parameter: Judas
	chosen value: 0
changed parameter: DenunciationCost
	chosen value: 200
 Study of the possibility of honoring being an ESS (once SS is stable)
Adding a Demand gene --> which should prevent a dishonest signal // should be null in time of peace

...lame10.enst.fr: Experience Sacrifice.py 4 - Mon Mar 25 19:41:07 CET 2019
changed parameter: NbTraitors
	chosen value: 100
changed parameter: JoiningBonus
	chosen value: 10
changed parameter: FriendshipValue
	chosen value: 20
changed parameter: Judas
	chosen value: 50
changed parameter: DenunciationCost
	chosen value: 100
 Study of the possibility of honoring being an ESS (once SS is stable)
Adding a Demand gene --> which should prevent a dishonest signal // should be null in time of peace

...lame10.enst.fr: Experience Sacrifice.py 4 - Mon Mar 25 19:43:17 CET 2019
changed parameter: NbTraitors
	chosen value: 10
changed parameter: JoiningBonus
	chosen value: 5
changed parameter: FriendshipValue
	chosen value: 10
changed parameter: Judas
	chosen value: 10
changed parameter: DenunciationCost
	chosen value: 0
 Study of the possibility of honoring being an ESS (once SS is stable)
Adding a Demand gene --> which should prevent a dishonest signal // should be null in time of peace

 Study of the possibility of honoring being an ESS (once SS is stable)
Adding a Demand gene --> which should prevent a dishonest signal // should be null in time of peace

...lame10.enst.fr: Experience Sacrifice.py 4 - Mon Mar 25 19:44:22 CET 2019
changed parameter: NbTraitors
	chosen value: 60
changed parameter: JoiningBonus
	chosen value: 20
changed parameter: FriendshipValue
	chosen value: 0
changed parameter: Judas
	chosen value: 30
changed parameter: DenunciationCost
	chosen value: 0
...lame10.enst.fr: Experience Sacrifice.py 4 - Mon Mar 25 19:44:31 CET 2019
changed parameter: NbTraitors
	chosen value: 80
changed parameter: JoiningBonus
	chosen value: 15
changed parameter: FriendshipValue
	chosen value: 15
changed parameter: Judas
	chosen value: 20
changed parameter: DenunciationCost
	chosen value: 200
 Study of the possibility of honoring being an ESS (once SS is stable)
Adding a Demand gene --> which should prevent a dishonest signal // should be null in time of peace

...lame10.enst.fr: Experience Sacrifice.py 5 - Mon Mar 25 19:45:15 CET 2019
changed parameter: NbTraitors
	chosen value: 50
changed parameter: JoiningBonus
	chosen value: 20
changed parameter: FriendshipValue
	chosen value: 5
changed parameter: Judas
	chosen value: 40
changed parameter: DenunciationCost
	chosen value: 100
 Study of the possibility of honoring being an ESS (once SS is stable)
Adding a Demand gene --> which should prevent a dishonest signal // should be null in time of peace

 Study of the possibility of honoring being an ESS (once SS is stable)
Adding a Demand gene --> which should prevent a dishonest signal // should be null in time of peace

...lame10.enst.fr: Experience Sacrifice.py 5 - Mon Mar 25 19:46:18 CET 2019
changed parameter: NbTraitors
	chosen value: 20
changed parameter: JoiningBonus
	chosen value: 5
changed parameter: FriendshipValue
	chosen value: 0
changed parameter: Judas
	chosen value: 20
changed parameter: DenunciationCost
	chosen value: 100
...lame10.enst.fr: Experience Sacrifice.py 4 - Mon Mar 25 19:46:30 CET 2019
changed parameter: NbTraitors
	chosen value: 40
changed parameter: JoiningBonus
	chosen value: 10
changed parameter: FriendshipValue
	chosen value: 10
changed parameter: Judas
	chosen value: 50
changed parameter: DenunciationCost
	chosen value: 200
 Study of the possibility of honoring being an ESS (once SS is stable)
Adding a Demand gene --> which should prevent a dishonest signal // should be null in time of peace

...lame10.enst.fr: Experience Sacrifice.py 4 - Mon Mar 25 19:48:52 CET 2019
changed parameter: NbTraitors
	chosen value: 100
changed parameter: JoiningBonus
	chosen value: 15
changed parameter: FriendshipValue
	chosen value: 15
changed parameter: Judas
	chosen value: 30
changed parameter: DenunciationCost
	chosen value: 0
 Study of the possibility of honoring being an ESS (once SS is stable)
Adding a Demand gene --> which should prevent a dishonest signal // should be null in time of peace

...lame10.enst.fr: Experience Sacrifice.py 4 - Mon Mar 25 19:50:07 CET 2019
changed parameter: NbTraitors
	chosen value: 10
changed parameter: JoiningBonus
	chosen value: 0
changed parameter: FriendshipValue
	chosen value: 20
changed parameter: Judas
	chosen value: 0
changed parameter: DenunciationCost
	chosen value: 100
 Study of the possibility of honoring being an ESS (once SS is stable)
Adding a Demand gene --> which should prevent a dishonest signal // should be null in time of peace

...lame10.enst.fr: Experience Sacrifice.py 4 - Mon Mar 25 19:50:56 CET 2019
changed parameter: NbTraitors
	chosen value: 90
changed parameter: JoiningBonus
	chosen value: 10
changed parameter: FriendshipValue
	chosen value: 5
changed parameter: Judas
	chosen value: 40
changed parameter: DenunciationCost
	chosen value: 0
 Study of the possibility of honoring being an ESS (once SS is stable)
Adding a Demand gene --> which should prevent a dishonest signal // should be null in time of peace

...lame10.enst.fr: Experience Sacrifice.py 5 - Mon Mar 25 19:55:49 CET 2019
changed parameter: NbTraitors
	chosen value: 30
changed parameter: JoiningBonus
	chosen value: 0
changed parameter: FriendshipValue
	chosen value: 10
changed parameter: Judas
	chosen value: 10
changed parameter: DenunciationCost
	chosen value: 200
 Study of the possibility of honoring being an ESS (once SS is stable)
Adding a Demand gene --> which should prevent a dishonest signal // should be null in time of peace

...lame10.enst.fr: Experience Sacrifice.py 4 - Mon Mar 25 19:56:58 CET 2019
changed parameter: NbTraitors
	chosen value: 50
changed parameter: JoiningBonus
	chosen value: 15
changed parameter: FriendshipValue
	chosen value: 15
changed parameter: Judas
	chosen value: 30
changed parameter: DenunciationCost
	chosen value: 100
 Study of the possibility of honoring being an ESS (once SS is stable)
Adding a Demand gene --> which should prevent a dishonest signal // should be null in time of peace

...lame10.enst.fr: Experience Sacrifice.py 5 - Mon Mar 25 19:57:21 CET 2019
changed parameter: NbTraitors
	chosen value: 40
changed parameter: JoiningBonus
	chosen value: 20
changed parameter: FriendshipValue
	chosen value: 20
changed parameter: Judas
	chosen value: 10
changed parameter: DenunciationCost
	chosen value: 0
 Study of the possibility of honoring being an ESS (once SS is stable)
Adding a Demand gene --> which should prevent a dishonest signal // should be null in time of peace

...lame10.enst.fr: Experience Sacrifice.py 5 - Mon Mar 25 19:59:43 CET 2019
changed parameter: NbTraitors
	chosen value: 70
changed parameter: JoiningBonus
	chosen value: 5
changed parameter: FriendshipValue
	chosen value: 0
changed parameter: Judas
	chosen value: 0
changed parameter: DenunciationCost
	chosen value: 200
 Study of the possibility of honoring being an ESS (once SS is stable)
Adding a Demand gene --> which should prevent a dishonest signal // should be null in time of peace

...lame10.enst.fr: Experience Sacrifice.py 5 - Mon Mar 25 20:00:26 CET 2019
changed parameter: NbTraitors
	chosen value: 0
changed parameter: JoiningBonus
	chosen value: 10
changed parameter: FriendshipValue
	chosen value: 0
changed parameter: Judas
	chosen value: 40
changed parameter: DenunciationCost
	chosen value: 100
 Study of the possibility of honoring being an ESS (once SS is stable)
Adding a Demand gene --> which should prevent a dishonest signal // should be null in time of peace

...lame10.enst.fr: Experience Sacrifice.py 5 - Mon Mar 25 20:00:34 CET 2019
changed parameter: NbTraitors
	chosen value: 80
changed parameter: JoiningBonus
	chosen value: 5
changed parameter: FriendshipValue
	chosen value: 10
changed parameter: Judas
	chosen value: 50
changed parameter: DenunciationCost
	chosen value: 200
 Study of the possibility of honoring being an ESS (once SS is stable)
Adding a Demand gene --> which should prevent a dishonest signal // should be null in time of peace

...lame10.enst.fr: Experience Sacrifice.py 5 - Mon Mar 25 20:03:19 CET 2019
changed parameter: NbTraitors
	chosen value: 60
changed parameter: JoiningBonus
	chosen value: 0
changed parameter: FriendshipValue
	chosen value: 15
changed parameter: Judas
	chosen value: 20
changed parameter: DenunciationCost
	chosen value: 0
 Study of the possibility of honoring being an ESS (once SS is stable)
Adding a Demand gene --> which should prevent a dishonest signal // should be null in time of peace

lame10.enst.fr: Experience Sacrifice.py 6 - Mon Mar 25 20:06:28 CET 2019 terminee
 Study of the possibility of honoring being an ESS (once SS is stable)
Adding a Demand gene --> which should prevent a dishonest signal // should be null in time of peace

 Study of the possibility of honoring being an ESS (once SS is stable)
Adding a Demand gene --> which should prevent a dishonest signal // should be null in time of peace

...lame10.enst.fr: Experience Sacrifice.py 5 - Mon Mar 25 20:10:39 CET 2019
changed parameter: NbTraitors
	chosen value: 20
changed parameter: JoiningBonus
	chosen value: 15
changed parameter: FriendshipValue
	chosen value: 20
changed parameter: Judas
	chosen value: 50
changed parameter: DenunciationCost
	chosen value: 0
...lame10.enst.fr: Experience Sacrifice.py 5 - Mon Mar 25 20:10:59 CET 2019
changed parameter: NbTraitors
	chosen value: 40
changed parameter: JoiningBonus
	chosen value: 20
changed parameter: FriendshipValue
	chosen value: 5
changed parameter: Judas
	chosen value: 0
changed parameter: DenunciationCost
	chosen value: 200
 Study of the possibility of honoring being an ESS (once SS is stable)
Adding a Demand gene --> which should prevent a dishonest signal // should be null in time of peace

 Study of the possibility of honoring being an ESS (once SS is stable)
Adding a Demand gene --> which should prevent a dishonest signal // should be null in time of peace

...lame10.enst.fr: Experience Sacrifice.py 5 - Mon Mar 25 20:15:54 CET 2019
changed parameter: NbTraitors
	chosen value: 70
changed parameter: JoiningBonus
	chosen value: 15
changed parameter: FriendshipValue
	chosen value: 5
changed parameter: Judas
	chosen value: 10
changed parameter: DenunciationCost
	chosen value: 100
...lame10.enst.fr: Experience Sacrifice.py 5 - Mon Mar 25 20:16:27 CET 2019
changed parameter: NbTraitors
	chosen value: 30
changed parameter: JoiningBonus
	chosen value: 0
changed parameter: FriendshipValue
	chosen value: 20
changed parameter: Judas
	chosen value: 40
changed parameter: DenunciationCost
	chosen value: 200
 Study of the possibility of honoring being an ESS (once SS is stable)
Adding a Demand gene --> which should prevent a dishonest signal // should be null in time of peace

...lame10.enst.fr: Experience Sacrifice.py 5 - Mon Mar 25 20:21:14 CET 2019
changed parameter: NbTraitors
	chosen value: 10
changed parameter: JoiningBonus
	chosen value: 5
changed parameter: FriendshipValue
	chosen value: 10
changed parameter: Judas
	chosen value: 30
changed parameter: DenunciationCost
	chosen value: 0
 Study of the possibility of honoring being an ESS (once SS is stable)
Adding a Demand gene --> which should prevent a dishonest signal // should be null in time of peace

...lame10.enst.fr: Experience Sacrifice.py 5 - Mon Mar 25 20:24:33 CET 2019
changed parameter: NbTraitors
	chosen value: 100
changed parameter: JoiningBonus
	chosen value: 10
changed parameter: FriendshipValue
	chosen value: 0
changed parameter: Judas
	chosen value: 20
changed parameter: DenunciationCost
	chosen value: 100
 Study of the possibility of honoring being an ESS (once SS is stable)
Adding a Demand gene --> which should prevent a dishonest signal // should be null in time of peace

lame10.enst.fr: Experience Sacrifice.py 6 - Mon Mar 25 20:26:49 CET 2019 terminee
 Study of the possibility of honoring being an ESS (once SS is stable)
Adding a Demand gene --> which should prevent a dishonest signal // should be null in time of peace

...lame10.enst.fr: Experience Sacrifice.py 5 - Mon Mar 25 20:29:23 CET 2019
changed parameter: NbTraitors
	chosen value: 90
changed parameter: JoiningBonus
	chosen value: 20
changed parameter: FriendshipValue
	chosen value: 15
changed parameter: Judas
	chosen value: 50
changed parameter: DenunciationCost
	chosen value: 0
 Study of the possibility of honoring being an ESS (once SS is stable)
Adding a Demand gene --> which should prevent a dishonest signal // should be null in time of peace

lame10.enst.fr: Experience Sacrifice.py 6 - Mon Mar 25 20:29:51 CET 2019 terminee
 Study of the possibility of honoring being an ESS (once SS is stable)
Adding a Demand gene --> which should prevent a dishonest signal // should be null in time of peace

...lame10.enst.fr: Experience Sacrifice.py 5 - Mon Mar 25 20:31:41 CET 2019
changed parameter: NbTraitors
	chosen value: 60
changed parameter: JoiningBonus
	chosen value: 20
changed parameter: FriendshipValue
	chosen value: 10
changed parameter: Judas
	chosen value: 0
changed parameter: DenunciationCost
	chosen value: 100
 Study of the possibility of honoring being an ESS (once SS is stable)
Adding a Demand gene --> which should prevent a dishonest signal // should be null in time of peace

lame10.enst.fr: Experience Sacrifice.py 6 - Mon Mar 25 20:37:52 CET 2019 terminee
 Study of the possibility of honoring being an ESS (once SS is stable)
Adding a Demand gene --> which should prevent a dishonest signal // should be null in time of peace

...lame10.enst.fr: Experience Sacrifice.py 5 - Mon Mar 25 20:46:32 CET 2019
changed parameter: NbTraitors
	chosen value: 20
changed parameter: JoiningBonus
	chosen value: 10
changed parameter: FriendshipValue
	chosen value: 5
changed parameter: Judas
	chosen value: 40
changed parameter: DenunciationCost
	chosen value: 200
 Study of the possibility of honoring being an ESS (once SS is stable)
Adding a Demand gene --> which should prevent a dishonest signal // should be null in time of peace

lame10.enst.fr: Experience Sacrifice.py 6 - Mon Mar 25 20:46:41 CET 2019 terminee
 Study of the possibility of honoring being an ESS (once SS is stable)
Adding a Demand gene --> which should prevent a dishonest signal // should be null in time of peace

...lame10.enst.fr: Experience Sacrifice.py 5 - Mon Mar 25 20:47:36 CET 2019
changed parameter: NbTraitors
	chosen value: 0
changed parameter: JoiningBonus
	chosen value: 15
changed parameter: FriendshipValue
	chosen value: 15
changed parameter: Judas
	chosen value: 30
changed parameter: DenunciationCost
	chosen value: 0
 Study of the possibility of honoring being an ESS (once SS is stable)
Adding a Demand gene --> which should prevent a dishonest signal // should be null in time of peace

...lame10.enst.fr: Experience Sacrifice.py 5 - Mon Mar 25 20:50:31 CET 2019
changed parameter: NbTraitors
	chosen value: 50
changed parameter: JoiningBonus
	chosen value: 0
changed parameter: FriendshipValue
	chosen value: 20
changed parameter: Judas
	chosen value: 20
changed parameter: DenunciationCost
	chosen value: 200
 Study of the possibility of honoring being an ESS (once SS is stable)
Adding a Demand gene --> which should prevent a dishonest signal // should be null in time of peace

...lame10.enst.fr: Experience Sacrifice.py 5 - Mon Mar 25 21:01:34 CET 2019
changed parameter: NbTraitors
	chosen value: 80
changed parameter: JoiningBonus
	chosen value: 5
changed parameter: FriendshipValue
	chosen value: 0
changed parameter: Judas
	chosen value: 10
changed parameter: DenunciationCost
	chosen value: 100
 Study of the possibility of honoring being an ESS (once SS is stable)
Adding a Demand gene --> which should prevent a dishonest signal // should be null in time of peace

lame10.enst.fr: Experience Sacrifice.py 6 - Mon Mar 25 21:06:33 CET 2019 terminee
 Study of the possibility of honoring being an ESS (once SS is stable)
Adding a Demand gene --> which should prevent a dishonest signal // should be null in time of peace

lame10.enst.fr: Experience Sacrifice.py 6 - Mon Mar 25 21:07:53 CET 2019 terminee
 Study of the possibility of honoring being an ESS (once SS is stable)
Adding a Demand gene --> which should prevent a dishonest signal // should be null in time of peace

lame10.enst.fr: Experience Sacrifice.py 6 - Mon Mar 25 21:16:11 CET 2019 terminee
 Study of the possibility of honoring being an ESS (once SS is stable)
Adding a Demand gene --> which should prevent a dishonest signal // should be null in time of peace

lame10.enst.fr: Experience Sacrifice.py 6 - Mon Mar 25 21:28:17 CET 2019 terminee
 Study of the possibility of honoring being an ESS (once SS is stable)
Adding a Demand gene --> which should prevent a dishonest signal // should be null in time of peace

lame10.enst.fr: Experience Sacrifice.py 6 - Mon Mar 25 21:41:17 CET 2019 terminee
 Study of the possibility of honoring being an ESS (once SS is stable)
Adding a Demand gene --> which should prevent a dishonest signal // should be null in time of peace

lame10.enst.fr: Experience Sacrifice.py 6 - Mon Mar 25 21:45:29 CET 2019 terminee
 Study of the possibility of honoring being an ESS (once SS is stable)
Adding a Demand gene --> which should prevent a dishonest signal // should be null in time of peace

lame10.enst.fr: Experience Sacrifice.py 6 - Mon Mar 25 21:45:55 CET 2019 terminee
 Study of the possibility of honoring being an ESS (once SS is stable)
Adding a Demand gene --> which should prevent a dishonest signal // should be null in time of peace

lame10.enst.fr: Experience Sacrifice.py 6 - Mon Mar 25 21:46:43 CET 2019 terminee
 Study of the possibility of honoring being an ESS (once SS is stable)
Adding a Demand gene --> which should prevent a dishonest signal // should be null in time of peace

lame10.enst.fr: Experience Sacrifice.py 6 - Mon Mar 25 21:49:37 CET 2019 terminee
 Study of the possibility of honoring being an ESS (once SS is stable)
Adding a Demand gene --> which should prevent a dishonest signal // should be null in time of peace

lame10.enst.fr: Experience Sacrifice.py 6 - Mon Mar 25 21:57:32 CET 2019 terminee
 Study of the possibility of honoring being an ESS (once SS is stable)
Adding a Demand gene --> which should prevent a dishonest signal // should be null in time of peace

 Study of the possibility of honoring being an ESS (once SS is stable)
Adding a Demand gene --> which should prevent a dishonest signal // should be null in time of peace

lame10.enst.fr: Experience Sacrifice.py 6 - Mon Mar 25 22:00:45 CET 2019 terminee
 Study of the possibility of honoring being an ESS (once SS is stable)
Adding a Demand gene --> which should prevent a dishonest signal // should be null in time of peace

lame10.enst.fr: Experience Sacrifice.py 6 - Mon Mar 25 22:00:57 CET 2019 terminee
lame10.enst.fr: Experience Sacrifice.py 6 - Mon Mar 25 22:01:07 CET 2019 terminee
 Study of the possibility of honoring being an ESS (once SS is stable)
Adding a Demand gene --> which should prevent a dishonest signal // should be null in time of peace

lame10.enst.fr: Experience Sacrifice.py 6 - Mon Mar 25 22:09:06 CET 2019 terminee
 Study of the possibility of honoring being an ESS (once SS is stable)
Adding a Demand gene --> which should prevent a dishonest signal // should be null in time of peace

lame10.enst.fr: Experience Sacrifice.py 6 - Mon Mar 25 22:23:48 CET 2019 terminee
lame10.enst.fr: Experience Sacrifice.py 0 - Tue Mar 26 12:01:31 CET 2019 demarrage
...lame10.enst.fr: Experience Sacrifice.py 0 - Tue Mar 26 12:01:31 CET 2019
changed parameter: NbTraitors
	chosen value: 60
changed parameter: JoiningBonus
	chosen value: 5
changed parameter: FriendshipValue
	chosen value: 20
changed parameter: Judas
	chosen value: 30
changed parameter: DenunciationCost
	chosen value: 200
lame10.enst.fr: Experience Sacrifice.py 0 - Tue Mar 26 12:01:33 CET 2019 demarrage
...lame10.enst.fr: Experience Sacrifice.py 0 - Tue Mar 26 12:01:33 CET 2019
changed parameter: NbTraitors
	chosen value: 0
changed parameter: JoiningBonus
	chosen value: 15
changed parameter: FriendshipValue
	chosen value: 0
changed parameter: Judas
	chosen value: 50
changed parameter: DenunciationCost
	chosen value: 100
lame10.enst.fr: Experience Sacrifice.py 0 - Tue Mar 26 12:01:35 CET 2019 demarrage
...lame10.enst.fr: Experience Sacrifice.py 0 - Tue Mar 26 12:01:35 CET 2019
changed parameter: NbTraitors
	chosen value: 30
changed parameter: JoiningBonus
	chosen value: 20
changed parameter: FriendshipValue
	chosen value: 15
changed parameter: Judas
	chosen value: 20
changed parameter: DenunciationCost
	chosen value: 0
lame10.enst.fr: Experience Sacrifice.py 0 - Tue Mar 26 12:01:37 CET 2019 demarrage
...lame10.enst.fr: Experience Sacrifice.py 0 - Tue Mar 26 12:01:37 CET 2019
changed parameter: NbTraitors
	chosen value: 40
changed parameter: JoiningBonus
	chosen value: 10
changed parameter: FriendshipValue
	chosen value: 10
changed parameter: Judas
	chosen value: 0
changed parameter: DenunciationCost
	chosen value: 100
lame10.enst.fr: Experience Sacrifice.py 0 - Tue Mar 26 12:01:39 CET 2019 demarrage
...lame10.enst.fr: Experience Sacrifice.py 0 - Tue Mar 26 12:01:39 CET 2019
changed parameter: NbTraitors
	chosen value: 80
changed parameter: JoiningBonus
	chosen value: 0
changed parameter: FriendshipValue
	chosen value: 5
changed parameter: Judas
	chosen value: 40
changed parameter: DenunciationCost
	chosen value: 0
lame10.enst.fr: Experience Sacrifice.py 0 - Tue Mar 26 12:01:41 CET 2019 demarrage
...lame10.enst.fr: Experience Sacrifice.py 0 - Tue Mar 26 12:01:41 CET 2019
changed parameter: NbTraitors
	chosen value: 90
changed parameter: JoiningBonus
	chosen value: 20
changed parameter: FriendshipValue
	chosen value: 10
changed parameter: Judas
	chosen value: 10
changed parameter: DenunciationCost
	chosen value: 200
lame10.enst.fr: Experience Sacrifice.py 0 - Tue Mar 26 12:01:43 CET 2019 demarrage
...lame10.enst.fr: Experience Sacrifice.py 0 - Tue Mar 26 12:01:43 CET 2019
changed parameter: NbTraitors
	chosen value: 10
changed parameter: JoiningBonus
	chosen value: 5
changed parameter: FriendshipValue
	chosen value: 5
changed parameter: Judas
	chosen value: 30
changed parameter: DenunciationCost
	chosen value: 200
lame10.enst.fr: Experience Sacrifice.py 0 - Tue Mar 26 12:01:45 CET 2019 demarrage
...lame10.enst.fr: Experience Sacrifice.py 0 - Tue Mar 26 12:01:45 CET 2019
changed parameter: NbTraitors
	chosen value: 100
changed parameter: JoiningBonus
	chosen value: 15
changed parameter: FriendshipValue
	chosen value: 15
changed parameter: Judas
	chosen value: 50
changed parameter: DenunciationCost
	chosen value: 100
lame10.enst.fr: Experience Sacrifice.py 0 - Tue Mar 26 12:01:47 CET 2019 demarrage
...lame10.enst.fr: Experience Sacrifice.py 0 - Tue Mar 26 12:01:47 CET 2019
changed parameter: NbTraitors
	chosen value: 70
changed parameter: JoiningBonus
	chosen value: 0
changed parameter: FriendshipValue
	chosen value: 0
changed parameter: Judas
	chosen value: 20
changed parameter: DenunciationCost
	chosen value: 0
lame10.enst.fr: Experience Sacrifice.py 0 - Tue Mar 26 12:01:49 CET 2019 demarrage
...lame10.enst.fr: Experience Sacrifice.py 0 - Tue Mar 26 12:01:49 CET 2019
changed parameter: NbTraitors
	chosen value: 50
changed parameter: JoiningBonus
	chosen value: 10
changed parameter: FriendshipValue
	chosen value: 20
changed parameter: Judas
	chosen value: 40
changed parameter: DenunciationCost
	chosen value: 100
lame10.enst.fr: Experience Sacrifice.py 0 - Tue Mar 26 12:02:20 CET 2019 demarrage
...lame10.enst.fr: Experience Sacrifice.py 0 - Tue Mar 26 12:02:20 CET 2019
changed parameter: NbTraitors
	chosen value: 20
changed parameter: JoiningBonus
	chosen value: 5
changed parameter: FriendshipValue
	chosen value: 5
changed parameter: Judas
	chosen value: 0
changed parameter: DenunciationCost
	chosen value: 200
lame10.enst.fr: Experience Sacrifice.py 0 - Tue Mar 26 12:02:22 CET 2019 demarrage
...lame10.enst.fr: Experience Sacrifice.py 0 - Tue Mar 26 12:02:22 CET 2019
changed parameter: NbTraitors
	chosen value: 10
changed parameter: JoiningBonus
	chosen value: 15
changed parameter: FriendshipValue
	chosen value: 10
changed parameter: Judas
	chosen value: 10
changed parameter: DenunciationCost
	chosen value: 0
lame10.enst.fr: Experience Sacrifice.py 0 - Tue Mar 26 12:02:24 CET 2019 demarrage
...lame10.enst.fr: Experience Sacrifice.py 0 - Tue Mar 26 12:02:25 CET 2019
changed parameter: NbTraitors
	chosen value: 70
changed parameter: JoiningBonus
	chosen value: 10
changed parameter: FriendshipValue
	chosen value: 0
changed parameter: Judas
	chosen value: 50
changed parameter: DenunciationCost
	chosen value: 200
lame10.enst.fr: Experience Sacrifice.py 0 - Tue Mar 26 12:02:26 CET 2019 demarrage
...lame10.enst.fr: Experience Sacrifice.py 0 - Tue Mar 26 12:02:26 CET 2019
changed parameter: NbTraitors
	chosen value: 40
changed parameter: JoiningBonus
	chosen value: 0
changed parameter: FriendshipValue
	chosen value: 15
changed parameter: Judas
	chosen value: 30
changed parameter: DenunciationCost
	chosen value: 100
lame10.enst.fr: Experience Sacrifice.py 0 - Tue Mar 26 12:02:28 CET 2019 demarrage
...lame10.enst.fr: Experience Sacrifice.py 0 - Tue Mar 26 12:02:28 CET 2019
changed parameter: NbTraitors
	chosen value: 50
changed parameter: JoiningBonus
	chosen value: 20
changed parameter: FriendshipValue
	chosen value: 20
changed parameter: Judas
	chosen value: 40
changed parameter: DenunciationCost
	chosen value: 0
lame10.enst.fr: Experience Sacrifice.py 0 - Tue Mar 26 12:02:30 CET 2019 demarrage
...lame10.enst.fr: Experience Sacrifice.py 0 - Tue Mar 26 12:02:30 CET 2019
changed parameter: NbTraitors
	chosen value: 30
changed parameter: JoiningBonus
	chosen value: 0
changed parameter: FriendshipValue
	chosen value: 10
changed parameter: Judas
	chosen value: 0
changed parameter: DenunciationCost
	chosen value: 0
lame10.enst.fr: Experience Sacrifice.py 0 - Tue Mar 26 12:02:32 CET 2019 demarrage
...lame10.enst.fr: Experience Sacrifice.py 0 - Tue Mar 26 12:02:32 CET 2019
changed parameter: NbTraitors
	chosen value: 100
changed parameter: JoiningBonus
	chosen value: 5
changed parameter: FriendshipValue
	chosen value: 20
changed parameter: Judas
	chosen value: 10
changed parameter: DenunciationCost
	chosen value: 100
lame10.enst.fr: Experience Sacrifice.py 0 - Tue Mar 26 12:02:34 CET 2019 demarrage
...lame10.enst.fr: Experience Sacrifice.py 0 - Tue Mar 26 12:02:34 CET 2019
changed parameter: NbTraitors
	chosen value: 20
changed parameter: JoiningBonus
	chosen value: 10
changed parameter: FriendshipValue
	chosen value: 5
changed parameter: Judas
	chosen value: 20
changed parameter: DenunciationCost
	chosen value: 200
lame10.enst.fr: Experience Sacrifice.py 0 - Tue Mar 26 12:02:36 CET 2019 demarrage
...lame10.enst.fr: Experience Sacrifice.py 0 - Tue Mar 26 12:02:36 CET 2019
changed parameter: NbTraitors
	chosen value: 90
changed parameter: JoiningBonus
	chosen value: 15
changed parameter: FriendshipValue
	chosen value: 15
changed parameter: Judas
	chosen value: 50
changed parameter: DenunciationCost
	chosen value: 0
lame10.enst.fr: Experience Sacrifice.py 0 - Tue Mar 26 12:02:38 CET 2019 demarrage
...lame10.enst.fr: Experience Sacrifice.py 0 - Tue Mar 26 12:02:38 CET 2019
changed parameter: NbTraitors
	chosen value: 0
changed parameter: JoiningBonus
	chosen value: 20
changed parameter: FriendshipValue
	chosen value: 0
changed parameter: Judas
	chosen value: 0
changed parameter: DenunciationCost
	chosen value: 200
 Study of the possibility of honoring being an ESS (once SS is stable)
Adding a Demand gene --> which should prevent a dishonest signal // should be null in time of peace

...lame10.enst.fr: Experience Sacrifice.py 1 - Wed Mar 27 13:28:09 CET 2019
changed parameter: NbTraitors
	chosen value: 80
changed parameter: JoiningBonus
	chosen value: 5
changed parameter: FriendshipValue
	chosen value: 20
changed parameter: Judas
	chosen value: 20
changed parameter: DenunciationCost
	chosen value: 100
