lame23: Experience Sacrifice.py 0 - lundi 25 mars 2019, 17:48:45 (UTC+0100) demarrage
...lame23: Experience Sacrifice.py 0 - lundi 25 mars 2019, 17:48:45 (UTC+0100)
Warning: Explored parameter not metaparameter: MaxOffer
changed parameter: NbTraitors
	chosen value: 10
changed parameter: JoiningBonus
	chosen value: 20
changed parameter: FriendshipValue
	chosen value: 5
changed parameter: Judas
	chosen value: 10
changed parameter: DenunciationCost
	chosen value: 100
lame23: Experience Sacrifice.py 0 - lundi 25 mars 2019, 17:48:47 (UTC+0100) demarrage
...lame23: Experience Sacrifice.py 0 - lundi 25 mars 2019, 17:48:47 (UTC+0100)
changed parameter: NbTraitors
	chosen value: 50
changed parameter: JoiningBonus
	chosen value: 0
changed parameter: FriendshipValue
	chosen value: 20
changed parameter: Judas
	chosen value: 0
changed parameter: DenunciationCost
	chosen value: 0
lame23: Experience Sacrifice.py 0 - lundi 25 mars 2019, 17:48:49 (UTC+0100) demarrage
...lame23: Experience Sacrifice.py 0 - lundi 25 mars 2019, 17:48:49 (UTC+0100)
changed parameter: NbTraitors
	chosen value: 80
changed parameter: JoiningBonus
	chosen value: 5
changed parameter: FriendshipValue
	chosen value: 15
changed parameter: Judas
	chosen value: 40
changed parameter: DenunciationCost
	chosen value: 200
lame23: Experience Sacrifice.py 0 - lundi 25 mars 2019, 17:48:51 (UTC+0100) demarrage
...lame23: Experience Sacrifice.py 0 - lundi 25 mars 2019, 17:48:51 (UTC+0100)
changed parameter: NbTraitors
	chosen value: 70
changed parameter: JoiningBonus
	chosen value: 10
changed parameter: FriendshipValue
	chosen value: 10
changed parameter: Judas
	chosen value: 20
changed parameter: DenunciationCost
	chosen value: 100
lame23: Experience Sacrifice.py 0 - lundi 25 mars 2019, 17:48:53 (UTC+0100) demarrage
...lame23: Experience Sacrifice.py 0 - lundi 25 mars 2019, 17:48:53 (UTC+0100)
changed parameter: NbTraitors
	chosen value: 90
changed parameter: JoiningBonus
	chosen value: 15
changed parameter: FriendshipValue
	chosen value: 0
changed parameter: Judas
	chosen value: 30
changed parameter: DenunciationCost
	chosen value: 0
lame23: Experience Sacrifice.py 0 - lundi 25 mars 2019, 17:48:55 (UTC+0100) demarrage
...lame23: Experience Sacrifice.py 0 - lundi 25 mars 2019, 17:48:55 (UTC+0100)
changed parameter: NbTraitors
	chosen value: 60
changed parameter: JoiningBonus
	chosen value: 20
changed parameter: FriendshipValue
	chosen value: 0
changed parameter: Judas
	chosen value: 50
changed parameter: DenunciationCost
	chosen value: 200
lame23: Experience Sacrifice.py 0 - lundi 25 mars 2019, 17:48:57 (UTC+0100) demarrage
...lame23: Experience Sacrifice.py 0 - lundi 25 mars 2019, 17:48:57 (UTC+0100)
changed parameter: NbTraitors
	chosen value: 30
changed parameter: JoiningBonus
	chosen value: 15
changed parameter: FriendshipValue
	chosen value: 5
changed parameter: Judas
	chosen value: 10
changed parameter: DenunciationCost
	chosen value: 0
lame23: Experience Sacrifice.py 0 - lundi 25 mars 2019, 17:48:59 (UTC+0100) demarrage
...lame23: Experience Sacrifice.py 0 - lundi 25 mars 2019, 17:48:59 (UTC+0100)
changed parameter: NbTraitors
	chosen value: 0
changed parameter: JoiningBonus
	chosen value: 5
changed parameter: FriendshipValue
	chosen value: 20
changed parameter: Judas
	chosen value: 30
changed parameter: DenunciationCost
	chosen value: 200
lame23: Experience Sacrifice.py 0 - lundi 25 mars 2019, 17:49:01 (UTC+0100) demarrage
...lame23: Experience Sacrifice.py 0 - lundi 25 mars 2019, 17:49:01 (UTC+0100)
changed parameter: NbTraitors
	chosen value: 100
changed parameter: JoiningBonus
	chosen value: 0
changed parameter: FriendshipValue
	chosen value: 10
changed parameter: Judas
	chosen value: 50
changed parameter: DenunciationCost
	chosen value: 100
lame23: Experience Sacrifice.py 0 - lundi 25 mars 2019, 17:49:03 (UTC+0100) demarrage
...lame23: Experience Sacrifice.py 0 - lundi 25 mars 2019, 17:49:03 (UTC+0100)
changed parameter: NbTraitors
	chosen value: 20
changed parameter: JoiningBonus
	chosen value: 10
changed parameter: FriendshipValue
	chosen value: 15
changed parameter: Judas
	chosen value: 40
changed parameter: DenunciationCost
	chosen value: 0
lame23: Experience Sacrifice.py 0 - lundi 25 mars 2019, 17:50:10 (UTC+0100) demarrage
...lame23: Experience Sacrifice.py 0 - lundi 25 mars 2019, 17:50:10 (UTC+0100)
changed parameter: NbTraitors
	chosen value: 90
changed parameter: JoiningBonus
	chosen value: 5
changed parameter: FriendshipValue
	chosen value: 0
changed parameter: Judas
	chosen value: 20
changed parameter: DenunciationCost
	chosen value: 200
lame23: Experience Sacrifice.py 0 - lundi 25 mars 2019, 17:50:12 (UTC+0100) demarrage
...lame23: Experience Sacrifice.py 0 - lundi 25 mars 2019, 17:50:12 (UTC+0100)
changed parameter: NbTraitors
	chosen value: 20
changed parameter: JoiningBonus
	chosen value: 20
changed parameter: FriendshipValue
	chosen value: 15
changed parameter: Judas
	chosen value: 0
changed parameter: DenunciationCost
	chosen value: 100
lame23: Experience Sacrifice.py 0 - lundi 25 mars 2019, 17:50:14 (UTC+0100) demarrage
...lame23: Experience Sacrifice.py 0 - lundi 25 mars 2019, 17:50:14 (UTC+0100)
changed parameter: NbTraitors
	chosen value: 40
changed parameter: JoiningBonus
	chosen value: 10
changed parameter: FriendshipValue
	chosen value: 10
changed parameter: Judas
	chosen value: 40
changed parameter: DenunciationCost
	chosen value: 100
lame23: Experience Sacrifice.py 0 - lundi 25 mars 2019, 17:50:16 (UTC+0100) demarrage
...lame23: Experience Sacrifice.py 0 - lundi 25 mars 2019, 17:50:16 (UTC+0100)
changed parameter: NbTraitors
	chosen value: 100
changed parameter: JoiningBonus
	chosen value: 0
changed parameter: FriendshipValue
	chosen value: 5
changed parameter: Judas
	chosen value: 10
changed parameter: DenunciationCost
	chosen value: 200
lame23: Experience Sacrifice.py 0 - lundi 25 mars 2019, 17:50:18 (UTC+0100) demarrage
...lame23: Experience Sacrifice.py 0 - lundi 25 mars 2019, 17:50:18 (UTC+0100)
changed parameter: NbTraitors
	chosen value: 70
changed parameter: JoiningBonus
	chosen value: 15
changed parameter: FriendshipValue
	chosen value: 20
changed parameter: Judas
	chosen value: 0
changed parameter: DenunciationCost
	chosen value: 0
lame23: Experience Sacrifice.py 0 - lundi 25 mars 2019, 17:50:20 (UTC+0100) demarrage
...lame23: Experience Sacrifice.py 0 - lundi 25 mars 2019, 17:50:20 (UTC+0100)
changed parameter: NbTraitors
	chosen value: 80
changed parameter: JoiningBonus
	chosen value: 10
changed parameter: FriendshipValue
	chosen value: 0
changed parameter: Judas
	chosen value: 50
changed parameter: DenunciationCost
	chosen value: 0
lame23: Experience Sacrifice.py 0 - lundi 25 mars 2019, 17:50:22 (UTC+0100) demarrage
...lame23: Experience Sacrifice.py 0 - lundi 25 mars 2019, 17:50:22 (UTC+0100)
changed parameter: NbTraitors
	chosen value: 10
changed parameter: JoiningBonus
	chosen value: 20
changed parameter: FriendshipValue
	chosen value: 20
changed parameter: Judas
	chosen value: 20
changed parameter: DenunciationCost
	chosen value: 200
lame23: Experience Sacrifice.py 0 - lundi 25 mars 2019, 17:50:24 (UTC+0100) demarrage
...lame23: Experience Sacrifice.py 0 - lundi 25 mars 2019, 17:50:24 (UTC+0100)
changed parameter: NbTraitors
	chosen value: 50
changed parameter: JoiningBonus
	chosen value: 0
changed parameter: FriendshipValue
	chosen value: 5
changed parameter: Judas
	chosen value: 30
changed parameter: DenunciationCost
	chosen value: 100
lame23: Experience Sacrifice.py 0 - lundi 25 mars 2019, 17:50:26 (UTC+0100) demarrage
...lame23: Experience Sacrifice.py 0 - lundi 25 mars 2019, 17:50:26 (UTC+0100)
changed parameter: NbTraitors
	chosen value: 30
changed parameter: JoiningBonus
	chosen value: 15
changed parameter: FriendshipValue
	chosen value: 10
changed parameter: Judas
	chosen value: 10
changed parameter: DenunciationCost
	chosen value: 200
lame23: Experience Sacrifice.py 0 - lundi 25 mars 2019, 17:50:28 (UTC+0100) demarrage
...lame23: Experience Sacrifice.py 0 - lundi 25 mars 2019, 17:50:28 (UTC+0100)
changed parameter: NbTraitors
	chosen value: 0
changed parameter: JoiningBonus
	chosen value: 5
changed parameter: FriendshipValue
	chosen value: 15
changed parameter: Judas
	chosen value: 30
changed parameter: DenunciationCost
	chosen value: 100
 Study of the possibility of honoring being an ESS (once SS is stable)
Adding a Demand gene --> which should prevent a dishonest signal // should be null in time of peace

...lame23: Experience Sacrifice.py 1 - lundi 25 mars 2019, 17:54:49 (UTC+0100)
changed parameter: NbTraitors
	chosen value: 60
changed parameter: JoiningBonus
	chosen value: 20
changed parameter: FriendshipValue
	chosen value: 15
changed parameter: Judas
	chosen value: 20
changed parameter: DenunciationCost
	chosen value: 0
 Study of the possibility of honoring being an ESS (once SS is stable)
Adding a Demand gene --> which should prevent a dishonest signal // should be null in time of peace

...lame23: Experience Sacrifice.py 1 - lundi 25 mars 2019, 17:56:10 (UTC+0100)
changed parameter: NbTraitors
	chosen value: 40
changed parameter: JoiningBonus
	chosen value: 15
changed parameter: FriendshipValue
	chosen value: 10
changed parameter: Judas
	chosen value: 50
changed parameter: DenunciationCost
	chosen value: 200
 Study of the possibility of honoring being an ESS (once SS is stable)
Adding a Demand gene --> which should prevent a dishonest signal // should be null in time of peace

...lame23: Experience Sacrifice.py 1 - lundi 25 mars 2019, 17:56:21 (UTC+0100)
changed parameter: NbTraitors
	chosen value: 0
changed parameter: JoiningBonus
	chosen value: 5
changed parameter: FriendshipValue
	chosen value: 5
changed parameter: Judas
	chosen value: 0
changed parameter: DenunciationCost
	chosen value: 0
 Study of the possibility of honoring being an ESS (once SS is stable)
Adding a Demand gene --> which should prevent a dishonest signal // should be null in time of peace

...lame23: Experience Sacrifice.py 1 - lundi 25 mars 2019, 17:56:24 (UTC+0100)
changed parameter: NbTraitors
	chosen value: 10
changed parameter: JoiningBonus
	chosen value: 0
changed parameter: FriendshipValue
	chosen value: 0
changed parameter: Judas
	chosen value: 40
changed parameter: DenunciationCost
	chosen value: 100
 Study of the possibility of honoring being an ESS (once SS is stable)
Adding a Demand gene --> which should prevent a dishonest signal // should be null in time of peace

 Study of the possibility of honoring being an ESS (once SS is stable)
Adding a Demand gene --> which should prevent a dishonest signal // should be null in time of peace

...lame23: Experience Sacrifice.py 1 - lundi 25 mars 2019, 17:57:43 (UTC+0100)
changed parameter: NbTraitors
	chosen value: 70
changed parameter: JoiningBonus
	chosen value: 10
changed parameter: FriendshipValue
	chosen value: 20
changed parameter: Judas
	chosen value: 20
changed parameter: DenunciationCost
	chosen value: 200
...lame23: Experience Sacrifice.py 1 - lundi 25 mars 2019, 17:57:43 (UTC+0100)
changed parameter: NbTraitors
	chosen value: 80
changed parameter: JoiningBonus
	chosen value: 15
changed parameter: FriendshipValue
	chosen value: 5
changed parameter: Judas
	chosen value: 0
changed parameter: DenunciationCost
	chosen value: 0
 Study of the possibility of honoring being an ESS (once SS is stable)
Adding a Demand gene --> which should prevent a dishonest signal // should be null in time of peace

...lame23: Experience Sacrifice.py 1 - lundi 25 mars 2019, 17:58:13 (UTC+0100)
changed parameter: NbTraitors
	chosen value: 90
changed parameter: JoiningBonus
	chosen value: 0
changed parameter: FriendshipValue
	chosen value: 0
changed parameter: Judas
	chosen value: 40
changed parameter: DenunciationCost
	chosen value: 100
 Study of the possibility of honoring being an ESS (once SS is stable)
Adding a Demand gene --> which should prevent a dishonest signal // should be null in time of peace

...lame23: Experience Sacrifice.py 1 - lundi 25 mars 2019, 17:58:43 (UTC+0100)
changed parameter: NbTraitors
	chosen value: 50
changed parameter: JoiningBonus
	chosen value: 10
changed parameter: FriendshipValue
	chosen value: 15
changed parameter: Judas
	chosen value: 30
changed parameter: DenunciationCost
	chosen value: 0
 Study of the possibility of honoring being an ESS (once SS is stable)
Adding a Demand gene --> which should prevent a dishonest signal // should be null in time of peace

 Study of the possibility of honoring being an ESS (once SS is stable)
Adding a Demand gene --> which should prevent a dishonest signal // should be null in time of peace

...lame23: Experience Sacrifice.py 1 - lundi 25 mars 2019, 17:58:57 (UTC+0100)
changed parameter: NbTraitors
	chosen value: 20
changed parameter: JoiningBonus
	chosen value: 5
changed parameter: FriendshipValue
	chosen value: 20
changed parameter: Judas
	chosen value: 50
changed parameter: DenunciationCost
	chosen value: 200
...lame23: Experience Sacrifice.py 1 - lundi 25 mars 2019, 17:59:01 (UTC+0100)
changed parameter: NbTraitors
	chosen value: 60
changed parameter: JoiningBonus
	chosen value: 20
changed parameter: FriendshipValue
	chosen value: 10
changed parameter: Judas
	chosen value: 10
changed parameter: DenunciationCost
	chosen value: 100
 Study of the possibility of honoring being an ESS (once SS is stable)
Adding a Demand gene --> which should prevent a dishonest signal // should be null in time of peace

 Study of the possibility of honoring being an ESS (once SS is stable)
Adding a Demand gene --> which should prevent a dishonest signal // should be null in time of peace

 Study of the possibility of honoring being an ESS (once SS is stable)
Adding a Demand gene --> which should prevent a dishonest signal // should be null in time of peace

...lame23: Experience Sacrifice.py 1 - lundi 25 mars 2019, 17:59:37 (UTC+0100)
changed parameter: NbTraitors
	chosen value: 100
changed parameter: JoiningBonus
	chosen value: 5
changed parameter: FriendshipValue
	chosen value: 20
changed parameter: Judas
	chosen value: 0
changed parameter: DenunciationCost
	chosen value: 0
 Study of the possibility of honoring being an ESS (once SS is stable)
Adding a Demand gene --> which should prevent a dishonest signal // should be null in time of peace

...lame23: Experience Sacrifice.py 1 - lundi 25 mars 2019, 17:59:42 (UTC+0100)
changed parameter: NbTraitors
	chosen value: 30
changed parameter: JoiningBonus
	chosen value: 20
changed parameter: FriendshipValue
	chosen value: 5
changed parameter: Judas
	chosen value: 30
changed parameter: DenunciationCost
	chosen value: 100
 Study of the possibility of honoring being an ESS (once SS is stable)
Adding a Demand gene --> which should prevent a dishonest signal // should be null in time of peace

...lame23: Experience Sacrifice.py 1 - lundi 25 mars 2019, 17:59:43 (UTC+0100)
changed parameter: NbTraitors
	chosen value: 60
changed parameter: JoiningBonus
	chosen value: 0
changed parameter: FriendshipValue
	chosen value: 15
changed parameter: Judas
	chosen value: 40
changed parameter: DenunciationCost
	chosen value: 200
...lame23: Experience Sacrifice.py 1 - lundi 25 mars 2019, 17:59:59 (UTC+0100)
changed parameter: NbTraitors
	chosen value: 10
changed parameter: JoiningBonus
	chosen value: 15
changed parameter: FriendshipValue
	chosen value: 10
changed parameter: Judas
	chosen value: 50
changed parameter: DenunciationCost
	chosen value: 200
...lame23: Experience Sacrifice.py 1 - lundi 25 mars 2019, 18:00:00 (UTC+0100)
changed parameter: NbTraitors
	chosen value: 30
changed parameter: JoiningBonus
	chosen value: 10
changed parameter: FriendshipValue
	chosen value: 0
changed parameter: Judas
	chosen value: 20
changed parameter: DenunciationCost
	chosen value: 100
 Study of the possibility of honoring being an ESS (once SS is stable)
Adding a Demand gene --> which should prevent a dishonest signal // should be null in time of peace

...lame23: Experience Sacrifice.py 1 - lundi 25 mars 2019, 18:00:18 (UTC+0100)
changed parameter: NbTraitors
	chosen value: 0
changed parameter: JoiningBonus
	chosen value: 20
changed parameter: FriendshipValue
	chosen value: 20
changed parameter: Judas
	chosen value: 10
changed parameter: DenunciationCost
	chosen value: 0
 Study of the possibility of honoring being an ESS (once SS is stable)
Adding a Demand gene --> which should prevent a dishonest signal // should be null in time of peace

...lame23: Experience Sacrifice.py 1 - lundi 25 mars 2019, 18:00:45 (UTC+0100)
changed parameter: NbTraitors
	chosen value: 100
changed parameter: JoiningBonus
	chosen value: 0
changed parameter: FriendshipValue
	chosen value: 10
changed parameter: Judas
	chosen value: 30
changed parameter: DenunciationCost
	chosen value: 0
 Study of the possibility of honoring being an ESS (once SS is stable)
Adding a Demand gene --> which should prevent a dishonest signal // should be null in time of peace

...lame23: Experience Sacrifice.py 1 - lundi 25 mars 2019, 18:01:03 (UTC+0100)
changed parameter: NbTraitors
	chosen value: 70
changed parameter: JoiningBonus
	chosen value: 5
changed parameter: FriendshipValue
	chosen value: 0
changed parameter: Judas
	chosen value: 10
changed parameter: DenunciationCost
	chosen value: 200
 Study of the possibility of honoring being an ESS (once SS is stable)
Adding a Demand gene --> which should prevent a dishonest signal // should be null in time of peace

 Study of the possibility of honoring being an ESS (once SS is stable)
Adding a Demand gene --> which should prevent a dishonest signal // should be null in time of peace

...lame23: Experience Sacrifice.py 1 - lundi 25 mars 2019, 18:01:32 (UTC+0100)
changed parameter: NbTraitors
	chosen value: 40
changed parameter: JoiningBonus
	chosen value: 15
changed parameter: FriendshipValue
	chosen value: 5
changed parameter: Judas
	chosen value: 0
changed parameter: DenunciationCost
	chosen value: 100
...lame23: Experience Sacrifice.py 1 - lundi 25 mars 2019, 18:01:36 (UTC+0100)
changed parameter: NbTraitors
	chosen value: 50
changed parameter: JoiningBonus
	chosen value: 10
changed parameter: FriendshipValue
	chosen value: 15
changed parameter: Judas
	chosen value: 50
changed parameter: DenunciationCost
	chosen value: 0
 Study of the possibility of honoring being an ESS (once SS is stable)
Adding a Demand gene --> which should prevent a dishonest signal // should be null in time of peace

...lame23: Experience Sacrifice.py 2 - lundi 25 mars 2019, 18:02:49 (UTC+0100)
changed parameter: NbTraitors
	chosen value: 80
changed parameter: JoiningBonus
	chosen value: 5
changed parameter: FriendshipValue
	chosen value: 10
changed parameter: Judas
	chosen value: 40
changed parameter: DenunciationCost
	chosen value: 100
 Study of the possibility of honoring being an ESS (once SS is stable)
Adding a Demand gene --> which should prevent a dishonest signal // should be null in time of peace

...lame23: Experience Sacrifice.py 2 - lundi 25 mars 2019, 18:04:38 (UTC+0100)
changed parameter: NbTraitors
	chosen value: 90
changed parameter: JoiningBonus
	chosen value: 20
changed parameter: FriendshipValue
	chosen value: 15
changed parameter: Judas
	chosen value: 20
changed parameter: DenunciationCost
	chosen value: 200
 Study of the possibility of honoring being an ESS (once SS is stable)
Adding a Demand gene --> which should prevent a dishonest signal // should be null in time of peace

...lame23: Experience Sacrifice.py 2 - lundi 25 mars 2019, 18:05:44 (UTC+0100)
changed parameter: NbTraitors
	chosen value: 20
changed parameter: JoiningBonus
	chosen value: 0
changed parameter: FriendshipValue
	chosen value: 20
changed parameter: Judas
	chosen value: 10
changed parameter: DenunciationCost
	chosen value: 0
 Study of the possibility of honoring being an ESS (once SS is stable)
Adding a Demand gene --> which should prevent a dishonest signal // should be null in time of peace

...lame23: Experience Sacrifice.py 2 - lundi 25 mars 2019, 18:05:57 (UTC+0100)
changed parameter: NbTraitors
	chosen value: 100
changed parameter: JoiningBonus
	chosen value: 15
changed parameter: FriendshipValue
	chosen value: 0
changed parameter: Judas
	chosen value: 0
changed parameter: DenunciationCost
	chosen value: 200
 Study of the possibility of honoring being an ESS (once SS is stable)
Adding a Demand gene --> which should prevent a dishonest signal // should be null in time of peace

...lame23: Experience Sacrifice.py 2 - lundi 25 mars 2019, 18:06:37 (UTC+0100)
changed parameter: NbTraitors
	chosen value: 90
changed parameter: JoiningBonus
	chosen value: 10
changed parameter: FriendshipValue
	chosen value: 5
changed parameter: Judas
	chosen value: 20
changed parameter: DenunciationCost
	chosen value: 100
 Study of the possibility of honoring being an ESS (once SS is stable)
Adding a Demand gene --> which should prevent a dishonest signal // should be null in time of peace

...lame23: Experience Sacrifice.py 2 - lundi 25 mars 2019, 18:06:37 (UTC+0100)
changed parameter: NbTraitors
	chosen value: 70
changed parameter: JoiningBonus
	chosen value: 0
changed parameter: FriendshipValue
	chosen value: 20
changed parameter: Judas
	chosen value: 50
changed parameter: DenunciationCost
	chosen value: 0
 Study of the possibility of honoring being an ESS (once SS is stable)
Adding a Demand gene --> which should prevent a dishonest signal // should be null in time of peace

...lame23: Experience Sacrifice.py 2 - lundi 25 mars 2019, 18:07:25 (UTC+0100)
changed parameter: NbTraitors
	chosen value: 80
changed parameter: JoiningBonus
	chosen value: 20
changed parameter: FriendshipValue
	chosen value: 5
changed parameter: Judas
	chosen value: 40
changed parameter: DenunciationCost
	chosen value: 200
 Study of the possibility of honoring being an ESS (once SS is stable)
Adding a Demand gene --> which should prevent a dishonest signal // should be null in time of peace

...lame23: Experience Sacrifice.py 2 - lundi 25 mars 2019, 18:07:33 (UTC+0100)
changed parameter: NbTraitors
	chosen value: 40
changed parameter: JoiningBonus
	chosen value: 15
changed parameter: FriendshipValue
	chosen value: 10
changed parameter: Judas
	chosen value: 30
changed parameter: DenunciationCost
	chosen value: 100
 Study of the possibility of honoring being an ESS (once SS is stable)
Adding a Demand gene --> which should prevent a dishonest signal // should be null in time of peace

...lame23: Experience Sacrifice.py 2 - lundi 25 mars 2019, 18:07:52 (UTC+0100)
changed parameter: NbTraitors
	chosen value: 20
changed parameter: JoiningBonus
	chosen value: 10
changed parameter: FriendshipValue
	chosen value: 0
changed parameter: Judas
	chosen value: 0
changed parameter: DenunciationCost
	chosen value: 200
 Study of the possibility of honoring being an ESS (once SS is stable)
Adding a Demand gene --> which should prevent a dishonest signal // should be null in time of peace

...lame23: Experience Sacrifice.py 2 - lundi 25 mars 2019, 18:08:43 (UTC+0100)
changed parameter: NbTraitors
	chosen value: 0
changed parameter: JoiningBonus
	chosen value: 5
changed parameter: FriendshipValue
	chosen value: 15
changed parameter: Judas
	chosen value: 40
changed parameter: DenunciationCost
	chosen value: 0
 Study of the possibility of honoring being an ESS (once SS is stable)
Adding a Demand gene --> which should prevent a dishonest signal // should be null in time of peace

...lame23: Experience Sacrifice.py 2 - lundi 25 mars 2019, 18:08:50 (UTC+0100)
changed parameter: NbTraitors
	chosen value: 50
changed parameter: JoiningBonus
	chosen value: 5
changed parameter: FriendshipValue
	chosen value: 20
changed parameter: Judas
	chosen value: 30
changed parameter: DenunciationCost
	chosen value: 100
 Study of the possibility of honoring being an ESS (once SS is stable)
Adding a Demand gene --> which should prevent a dishonest signal // should be null in time of peace

 Study of the possibility of honoring being an ESS (once SS is stable)
Adding a Demand gene --> which should prevent a dishonest signal // should be null in time of peace

...lame23: Experience Sacrifice.py 3 - lundi 25 mars 2019, 18:08:59 (UTC+0100)
changed parameter: NbTraitors
	chosen value: 10
changed parameter: JoiningBonus
	chosen value: 20
changed parameter: FriendshipValue
	chosen value: 0
changed parameter: Judas
	chosen value: 10
changed parameter: DenunciationCost
	chosen value: 200
...lame23: Experience Sacrifice.py 2 - lundi 25 mars 2019, 18:09:11 (UTC+0100)
changed parameter: NbTraitors
	chosen value: 60
changed parameter: JoiningBonus
	chosen value: 15
changed parameter: FriendshipValue
	chosen value: 10
changed parameter: Judas
	chosen value: 20
changed parameter: DenunciationCost
	chosen value: 0
 Study of the possibility of honoring being an ESS (once SS is stable)
Adding a Demand gene --> which should prevent a dishonest signal // should be null in time of peace

...lame23: Experience Sacrifice.py 2 - lundi 25 mars 2019, 18:09:40 (UTC+0100)
changed parameter: NbTraitors
	chosen value: 30
changed parameter: JoiningBonus
	chosen value: 0
changed parameter: FriendshipValue
	chosen value: 5
changed parameter: Judas
	chosen value: 50
changed parameter: DenunciationCost
	chosen value: 100
 Study of the possibility of honoring being an ESS (once SS is stable)
Adding a Demand gene --> which should prevent a dishonest signal // should be null in time of peace

...lame23: Experience Sacrifice.py 2 - lundi 25 mars 2019, 18:10:02 (UTC+0100)
changed parameter: NbTraitors
	chosen value: 10
changed parameter: JoiningBonus
	chosen value: 10
changed parameter: FriendshipValue
	chosen value: 15
changed parameter: Judas
	chosen value: 30
changed parameter: DenunciationCost
	chosen value: 100
 Study of the possibility of honoring being an ESS (once SS is stable)
Adding a Demand gene --> which should prevent a dishonest signal // should be null in time of peace

...lame23: Experience Sacrifice.py 2 - lundi 25 mars 2019, 18:10:21 (UTC+0100)
changed parameter: NbTraitors
	chosen value: 50
changed parameter: JoiningBonus
	chosen value: 5
changed parameter: FriendshipValue
	chosen value: 5
changed parameter: Judas
	chosen value: 50
changed parameter: DenunciationCost
	chosen value: 200
 Study of the possibility of honoring being an ESS (once SS is stable)
Adding a Demand gene --> which should prevent a dishonest signal // should be null in time of peace

...lame23: Experience Sacrifice.py 2 - lundi 25 mars 2019, 18:11:07 (UTC+0100)
changed parameter: NbTraitors
	chosen value: 70
changed parameter: JoiningBonus
	chosen value: 0
changed parameter: FriendshipValue
	chosen value: 15
changed parameter: Judas
	chosen value: 10
changed parameter: DenunciationCost
	chosen value: 0
 Study of the possibility of honoring being an ESS (once SS is stable)
Adding a Demand gene --> which should prevent a dishonest signal // should be null in time of peace

 Study of the possibility of honoring being an ESS (once SS is stable)
Adding a Demand gene --> which should prevent a dishonest signal // should be null in time of peace

...lame23: Experience Sacrifice.py 2 - lundi 25 mars 2019, 18:11:19 (UTC+0100)
changed parameter: NbTraitors
	chosen value: 30
changed parameter: JoiningBonus
	chosen value: 15
changed parameter: FriendshipValue
	chosen value: 0
changed parameter: Judas
	chosen value: 0
changed parameter: DenunciationCost
	chosen value: 0
 Study of the possibility of honoring being an ESS (once SS is stable)
Adding a Demand gene --> which should prevent a dishonest signal // should be null in time of peace

...lame23: Experience Sacrifice.py 2 - lundi 25 mars 2019, 18:11:29 (UTC+0100)
changed parameter: NbTraitors
	chosen value: 40
changed parameter: JoiningBonus
	chosen value: 20
changed parameter: FriendshipValue
	chosen value: 20
changed parameter: Judas
	chosen value: 20
changed parameter: DenunciationCost
	chosen value: 200
...lame23: Experience Sacrifice.py 2 - lundi 25 mars 2019, 18:11:30 (UTC+0100)
changed parameter: NbTraitors
	chosen value: 0
changed parameter: JoiningBonus
	chosen value: 10
changed parameter: FriendshipValue
	chosen value: 10
changed parameter: Judas
	chosen value: 40
changed parameter: DenunciationCost
	chosen value: 100
 Study of the possibility of honoring being an ESS (once SS is stable)
Adding a Demand gene --> which should prevent a dishonest signal // should be null in time of peace

...lame23: Experience Sacrifice.py 2 - lundi 25 mars 2019, 18:12:29 (UTC+0100)
changed parameter: NbTraitors
	chosen value: 100
changed parameter: JoiningBonus
	chosen value: 5
changed parameter: FriendshipValue
	chosen value: 5
changed parameter: Judas
	chosen value: 20
changed parameter: DenunciationCost
	chosen value: 0
 Study of the possibility of honoring being an ESS (once SS is stable)
Adding a Demand gene --> which should prevent a dishonest signal // should be null in time of peace

...lame23: Experience Sacrifice.py 3 - lundi 25 mars 2019, 18:13:48 (UTC+0100)
changed parameter: NbTraitors
	chosen value: 80
changed parameter: JoiningBonus
	chosen value: 10
changed parameter: FriendshipValue
	chosen value: 0
changed parameter: Judas
	chosen value: 10
changed parameter: DenunciationCost
	chosen value: 200
 Study of the possibility of honoring being an ESS (once SS is stable)
Adding a Demand gene --> which should prevent a dishonest signal // should be null in time of peace

...lame23: Experience Sacrifice.py 3 - lundi 25 mars 2019, 18:14:55 (UTC+0100)
changed parameter: NbTraitors
	chosen value: 20
changed parameter: JoiningBonus
	chosen value: 20
changed parameter: FriendshipValue
	chosen value: 15
changed parameter: Judas
	chosen value: 0
changed parameter: DenunciationCost
	chosen value: 100
 Study of the possibility of honoring being an ESS (once SS is stable)
Adding a Demand gene --> which should prevent a dishonest signal // should be null in time of peace

...lame23: Experience Sacrifice.py 3 - lundi 25 mars 2019, 18:15:13 (UTC+0100)
changed parameter: NbTraitors
	chosen value: 60
changed parameter: JoiningBonus
	chosen value: 0
changed parameter: FriendshipValue
	chosen value: 10
changed parameter: Judas
	chosen value: 40
changed parameter: DenunciationCost
	chosen value: 100
 Study of the possibility of honoring being an ESS (once SS is stable)
Adding a Demand gene --> which should prevent a dishonest signal // should be null in time of peace

...lame23: Experience Sacrifice.py 3 - lundi 25 mars 2019, 18:15:30 (UTC+0100)
changed parameter: NbTraitors
	chosen value: 90
changed parameter: JoiningBonus
	chosen value: 15
changed parameter: FriendshipValue
	chosen value: 20
changed parameter: Judas
	chosen value: 50
changed parameter: DenunciationCost
	chosen value: 200
 Study of the possibility of honoring being an ESS (once SS is stable)
Adding a Demand gene --> which should prevent a dishonest signal // should be null in time of peace

...lame23: Experience Sacrifice.py 3 - lundi 25 mars 2019, 18:15:45 (UTC+0100)
changed parameter: NbTraitors
	chosen value: 50
changed parameter: JoiningBonus
	chosen value: 20
changed parameter: FriendshipValue
	chosen value: 5
changed parameter: Judas
	chosen value: 30
changed parameter: DenunciationCost
	chosen value: 0
 Study of the possibility of honoring being an ESS (once SS is stable)
Adding a Demand gene --> which should prevent a dishonest signal // should be null in time of peace

...lame23: Experience Sacrifice.py 3 - lundi 25 mars 2019, 18:16:18 (UTC+0100)
changed parameter: NbTraitors
	chosen value: 0
changed parameter: JoiningBonus
	chosen value: 15
changed parameter: FriendshipValue
	chosen value: 20
changed parameter: Judas
	chosen value: 20
changed parameter: DenunciationCost
	chosen value: 100
 Study of the possibility of honoring being an ESS (once SS is stable)
Adding a Demand gene --> which should prevent a dishonest signal // should be null in time of peace

...lame23: Experience Sacrifice.py 3 - lundi 25 mars 2019, 18:16:21 (UTC+0100)
changed parameter: NbTraitors
	chosen value: 80
changed parameter: JoiningBonus
	chosen value: 5
changed parameter: FriendshipValue
	chosen value: 10
changed parameter: Judas
	chosen value: 0
changed parameter: DenunciationCost
	chosen value: 200
 Study of the possibility of honoring being an ESS (once SS is stable)
Adding a Demand gene --> which should prevent a dishonest signal // should be null in time of peace

...lame23: Experience Sacrifice.py 3 - lundi 25 mars 2019, 18:16:34 (UTC+0100)
changed parameter: NbTraitors
	chosen value: 70
changed parameter: JoiningBonus
	chosen value: 0
changed parameter: FriendshipValue
	chosen value: 0
changed parameter: Judas
	chosen value: 40
changed parameter: DenunciationCost
	chosen value: 0
 Study of the possibility of honoring being an ESS (once SS is stable)
Adding a Demand gene --> which should prevent a dishonest signal // should be null in time of peace

...lame23: Experience Sacrifice.py 3 - lundi 25 mars 2019, 18:16:56 (UTC+0100)
changed parameter: NbTraitors
	chosen value: 90
changed parameter: JoiningBonus
	chosen value: 10
changed parameter: FriendshipValue
	chosen value: 15
changed parameter: Judas
	chosen value: 30
changed parameter: DenunciationCost
	chosen value: 100
 Study of the possibility of honoring being an ESS (once SS is stable)
Adding a Demand gene --> which should prevent a dishonest signal // should be null in time of peace

 Study of the possibility of honoring being an ESS (once SS is stable)
Adding a Demand gene --> which should prevent a dishonest signal // should be null in time of peace

...lame23: Experience Sacrifice.py 3 - lundi 25 mars 2019, 18:17:09 (UTC+0100)
changed parameter: NbTraitors
	chosen value: 40
changed parameter: JoiningBonus
	chosen value: 15
changed parameter: FriendshipValue
	chosen value: 15
changed parameter: Judas
	chosen value: 50
changed parameter: DenunciationCost
	chosen value: 200
...lame23: Experience Sacrifice.py 3 - lundi 25 mars 2019, 18:17:13 (UTC+0100)
changed parameter: NbTraitors
	chosen value: 20
changed parameter: JoiningBonus
	chosen value: 0
changed parameter: FriendshipValue
	chosen value: 20
changed parameter: Judas
	chosen value: 10
changed parameter: DenunciationCost
	chosen value: 0
 Study of the possibility of honoring being an ESS (once SS is stable)
Adding a Demand gene --> which should prevent a dishonest signal // should be null in time of peace

...lame23: Experience Sacrifice.py 4 - lundi 25 mars 2019, 18:18:10 (UTC+0100)
changed parameter: NbTraitors
	chosen value: 30
changed parameter: JoiningBonus
	chosen value: 20
changed parameter: FriendshipValue
	chosen value: 0
changed parameter: Judas
	chosen value: 20
changed parameter: DenunciationCost
	chosen value: 100
 Study of the possibility of honoring being an ESS (once SS is stable)
Adding a Demand gene --> which should prevent a dishonest signal // should be null in time of peace

...lame23: Experience Sacrifice.py 3 - lundi 25 mars 2019, 18:19:31 (UTC+0100)
changed parameter: NbTraitors
	chosen value: 100
changed parameter: JoiningBonus
	chosen value: 10
changed parameter: FriendshipValue
	chosen value: 10
changed parameter: Judas
	chosen value: 10
changed parameter: DenunciationCost
	chosen value: 200
 Study of the possibility of honoring being an ESS (once SS is stable)
Adding a Demand gene --> which should prevent a dishonest signal // should be null in time of peace

...lame23: Experience Sacrifice.py 3 - lundi 25 mars 2019, 18:19:50 (UTC+0100)
changed parameter: NbTraitors
	chosen value: 60
changed parameter: JoiningBonus
	chosen value: 5
changed parameter: FriendshipValue
	chosen value: 5
changed parameter: Judas
	chosen value: 50
changed parameter: DenunciationCost
	chosen value: 0
 Study of the possibility of honoring being an ESS (once SS is stable)
Adding a Demand gene --> which should prevent a dishonest signal // should be null in time of peace

...lame23: Experience Sacrifice.py 3 - lundi 25 mars 2019, 18:20:09 (UTC+0100)
changed parameter: NbTraitors
	chosen value: 10
changed parameter: JoiningBonus
	chosen value: 0
changed parameter: FriendshipValue
	chosen value: 0
changed parameter: Judas
	chosen value: 40
changed parameter: DenunciationCost
	chosen value: 100
 Study of the possibility of honoring being an ESS (once SS is stable)
Adding a Demand gene --> which should prevent a dishonest signal // should be null in time of peace

...lame23: Experience Sacrifice.py 3 - lundi 25 mars 2019, 18:20:31 (UTC+0100)
changed parameter: NbTraitors
	chosen value: 50
changed parameter: JoiningBonus
	chosen value: 20
changed parameter: FriendshipValue
	chosen value: 15
changed parameter: Judas
	chosen value: 30
changed parameter: DenunciationCost
	chosen value: 200
 Study of the possibility of honoring being an ESS (once SS is stable)
Adding a Demand gene --> which should prevent a dishonest signal // should be null in time of peace

...lame23: Experience Sacrifice.py 3 - lundi 25 mars 2019, 18:21:04 (UTC+0100)
changed parameter: NbTraitors
	chosen value: 30
changed parameter: JoiningBonus
	chosen value: 5
changed parameter: FriendshipValue
	chosen value: 20
changed parameter: Judas
	chosen value: 0
changed parameter: DenunciationCost
	chosen value: 0
 Study of the possibility of honoring being an ESS (once SS is stable)
Adding a Demand gene --> which should prevent a dishonest signal // should be null in time of peace

...lame23: Experience Sacrifice.py 4 - lundi 25 mars 2019, 18:21:13 (UTC+0100)
changed parameter: NbTraitors
	chosen value: 90
changed parameter: JoiningBonus
	chosen value: 10
changed parameter: FriendshipValue
	chosen value: 10
changed parameter: Judas
	chosen value: 30
changed parameter: DenunciationCost
	chosen value: 100
 Study of the possibility of honoring being an ESS (once SS is stable)
Adding a Demand gene --> which should prevent a dishonest signal // should be null in time of peace

 Study of the possibility of honoring being an ESS (once SS is stable)
Adding a Demand gene --> which should prevent a dishonest signal // should be null in time of peace

 Study of the possibility of honoring being an ESS (once SS is stable)
Adding a Demand gene --> which should prevent a dishonest signal // should be null in time of peace

...lame23: Experience Sacrifice.py 3 - lundi 25 mars 2019, 18:21:56 (UTC+0100)
changed parameter: NbTraitors
	chosen value: 10
changed parameter: JoiningBonus
	chosen value: 15
changed parameter: FriendshipValue
	chosen value: 5
changed parameter: Judas
	chosen value: 20
changed parameter: DenunciationCost
	chosen value: 200
...lame23: Experience Sacrifice.py 3 - lundi 25 mars 2019, 18:22:02 (UTC+0100)
changed parameter: NbTraitors
	chosen value: 100
changed parameter: JoiningBonus
	chosen value: 10
changed parameter: FriendshipValue
	chosen value: 15
changed parameter: Judas
	chosen value: 0
changed parameter: DenunciationCost
	chosen value: 0
...lame23: Experience Sacrifice.py 4 - lundi 25 mars 2019, 18:22:04 (UTC+0100)
changed parameter: NbTraitors
	chosen value: 80
changed parameter: JoiningBonus
	chosen value: 15
changed parameter: FriendshipValue
	chosen value: 5
changed parameter: Judas
	chosen value: 10
changed parameter: DenunciationCost
	chosen value: 0
 Study of the possibility of honoring being an ESS (once SS is stable)
Adding a Demand gene --> which should prevent a dishonest signal // should be null in time of peace

...lame23: Experience Sacrifice.py 3 - lundi 25 mars 2019, 18:22:32 (UTC+0100)
changed parameter: NbTraitors
	chosen value: 70
changed parameter: JoiningBonus
	chosen value: 20
changed parameter: FriendshipValue
	chosen value: 10
changed parameter: Judas
	chosen value: 50
changed parameter: DenunciationCost
	chosen value: 100
 Study of the possibility of honoring being an ESS (once SS is stable)
Adding a Demand gene --> which should prevent a dishonest signal // should be null in time of peace

...lame23: Experience Sacrifice.py 4 - lundi 25 mars 2019, 18:24:20 (UTC+0100)
changed parameter: NbTraitors
	chosen value: 40
changed parameter: JoiningBonus
	chosen value: 0
changed parameter: FriendshipValue
	chosen value: 0
changed parameter: Judas
	chosen value: 40
changed parameter: DenunciationCost
	chosen value: 200
 Study of the possibility of honoring being an ESS (once SS is stable)
Adding a Demand gene --> which should prevent a dishonest signal // should be null in time of peace

...lame23: Experience Sacrifice.py 4 - lundi 25 mars 2019, 18:24:46 (UTC+0100)
changed parameter: NbTraitors
	chosen value: 60
changed parameter: JoiningBonus
	chosen value: 5
changed parameter: FriendshipValue
	chosen value: 20
changed parameter: Judas
	chosen value: 40
changed parameter: DenunciationCost
	chosen value: 100
 Study of the possibility of honoring being an ESS (once SS is stable)
Adding a Demand gene --> which should prevent a dishonest signal // should be null in time of peace

 Study of the possibility of honoring being an ESS (once SS is stable)
Adding a Demand gene --> which should prevent a dishonest signal // should be null in time of peace

...lame23: Experience Sacrifice.py 4 - lundi 25 mars 2019, 18:25:14 (UTC+0100)
changed parameter: NbTraitors
	chosen value: 20
changed parameter: JoiningBonus
	chosen value: 0
changed parameter: FriendshipValue
	chosen value: 20
changed parameter: Judas
	chosen value: 20
changed parameter: DenunciationCost
	chosen value: 0
...lame23: Experience Sacrifice.py 4 - lundi 25 mars 2019, 18:25:20 (UTC+0100)
changed parameter: NbTraitors
	chosen value: 0
changed parameter: JoiningBonus
	chosen value: 10
changed parameter: FriendshipValue
	chosen value: 15
changed parameter: Judas
	chosen value: 30
changed parameter: DenunciationCost
	chosen value: 200
 Study of the possibility of honoring being an ESS (once SS is stable)
Adding a Demand gene --> which should prevent a dishonest signal // should be null in time of peace

...lame23: Experience Sacrifice.py 4 - lundi 25 mars 2019, 18:25:53 (UTC+0100)
changed parameter: NbTraitors
	chosen value: 20
changed parameter: JoiningBonus
	chosen value: 15
changed parameter: FriendshipValue
	chosen value: 10
changed parameter: Judas
	chosen value: 50
changed parameter: DenunciationCost
	chosen value: 200
 Study of the possibility of honoring being an ESS (once SS is stable)
Adding a Demand gene --> which should prevent a dishonest signal // should be null in time of peace

 Study of the possibility of honoring being an ESS (once SS is stable)
Adding a Demand gene --> which should prevent a dishonest signal // should be null in time of peace

...lame23: Experience Sacrifice.py 4 - lundi 25 mars 2019, 18:26:13 (UTC+0100)
changed parameter: NbTraitors
	chosen value: 30
changed parameter: JoiningBonus
	chosen value: 5
changed parameter: FriendshipValue
	chosen value: 0
changed parameter: Judas
	chosen value: 0
changed parameter: DenunciationCost
	chosen value: 100
...lame23: Experience Sacrifice.py 4 - lundi 25 mars 2019, 18:26:19 (UTC+0100)
changed parameter: NbTraitors
	chosen value: 80
changed parameter: JoiningBonus
	chosen value: 20
changed parameter: FriendshipValue
	chosen value: 5
changed parameter: Judas
	chosen value: 10
changed parameter: DenunciationCost
	chosen value: 0
 Study of the possibility of honoring being an ESS (once SS is stable)
Adding a Demand gene --> which should prevent a dishonest signal // should be null in time of peace

...lame23: Experience Sacrifice.py 4 - lundi 25 mars 2019, 18:26:36 (UTC+0100)
changed parameter: NbTraitors
	chosen value: 40
changed parameter: JoiningBonus
	chosen value: 15
changed parameter: FriendshipValue
	chosen value: 15
changed parameter: Judas
	chosen value: 30
changed parameter: DenunciationCost
	chosen value: 100
 Study of the possibility of honoring being an ESS (once SS is stable)
Adding a Demand gene --> which should prevent a dishonest signal // should be null in time of peace

...lame23: Experience Sacrifice.py 4 - lundi 25 mars 2019, 18:27:15 (UTC+0100)
changed parameter: NbTraitors
	chosen value: 10
changed parameter: JoiningBonus
	chosen value: 20
changed parameter: FriendshipValue
	chosen value: 10
changed parameter: Judas
	chosen value: 50
changed parameter: DenunciationCost
	chosen value: 0
 Study of the possibility of honoring being an ESS (once SS is stable)
Adding a Demand gene --> which should prevent a dishonest signal // should be null in time of peace

...lame23: Experience Sacrifice.py 5 - lundi 25 mars 2019, 18:27:44 (UTC+0100)
changed parameter: NbTraitors
	chosen value: 50
changed parameter: JoiningBonus
	chosen value: 0
changed parameter: FriendshipValue
	chosen value: 20
changed parameter: Judas
	chosen value: 10
changed parameter: DenunciationCost
	chosen value: 200
 Study of the possibility of honoring being an ESS (once SS is stable)
Adding a Demand gene --> which should prevent a dishonest signal // should be null in time of peace

 Study of the possibility of honoring being an ESS (once SS is stable)
Adding a Demand gene --> which should prevent a dishonest signal // should be null in time of peace

...lame23: Experience Sacrifice.py 4 - lundi 25 mars 2019, 18:27:59 (UTC+0100)
changed parameter: NbTraitors
	chosen value: 60
changed parameter: JoiningBonus
	chosen value: 5
changed parameter: FriendshipValue
	chosen value: 5
changed parameter: Judas
	chosen value: 40
changed parameter: DenunciationCost
	chosen value: 0
...lame23: Experience Sacrifice.py 4 - lundi 25 mars 2019, 18:28:01 (UTC+0100)
changed parameter: NbTraitors
	chosen value: 70
changed parameter: JoiningBonus
	chosen value: 10
changed parameter: FriendshipValue
	chosen value: 0
changed parameter: Judas
	chosen value: 20
changed parameter: DenunciationCost
	chosen value: 200
 Study of the possibility of honoring being an ESS (once SS is stable)
Adding a Demand gene --> which should prevent a dishonest signal // should be null in time of peace

 Study of the possibility of honoring being an ESS (once SS is stable)
Adding a Demand gene --> which should prevent a dishonest signal // should be null in time of peace

...lame23: Experience Sacrifice.py 4 - lundi 25 mars 2019, 18:30:03 (UTC+0100)
changed parameter: NbTraitors
	chosen value: 0
changed parameter: JoiningBonus
	chosen value: 10
changed parameter: FriendshipValue
	chosen value: 20
changed parameter: Judas
	chosen value: 0
changed parameter: DenunciationCost
	chosen value: 100
 Study of the possibility of honoring being an ESS (once SS is stable)
Adding a Demand gene --> which should prevent a dishonest signal // should be null in time of peace

...lame23: Experience Sacrifice.py 4 - lundi 25 mars 2019, 18:30:12 (UTC+0100)
changed parameter: NbTraitors
	chosen value: 100
changed parameter: JoiningBonus
	chosen value: 0
changed parameter: FriendshipValue
	chosen value: 10
changed parameter: Judas
	chosen value: 30
changed parameter: DenunciationCost
	chosen value: 100
 Study of the possibility of honoring being an ESS (once SS is stable)
Adding a Demand gene --> which should prevent a dishonest signal // should be null in time of peace

...lame23: Experience Sacrifice.py 5 - lundi 25 mars 2019, 18:30:24 (UTC+0100)
changed parameter: NbTraitors
	chosen value: 90
changed parameter: JoiningBonus
	chosen value: 5
changed parameter: FriendshipValue
	chosen value: 0
changed parameter: Judas
	chosen value: 40
changed parameter: DenunciationCost
	chosen value: 200
...lame23: Experience Sacrifice.py 5 - lundi 25 mars 2019, 18:30:25 (UTC+0100)
changed parameter: NbTraitors
	chosen value: 50
changed parameter: JoiningBonus
	chosen value: 15
changed parameter: FriendshipValue
	chosen value: 5
changed parameter: Judas
	chosen value: 20
changed parameter: DenunciationCost
	chosen value: 0
 Study of the possibility of honoring being an ESS (once SS is stable)
Adding a Demand gene --> which should prevent a dishonest signal // should be null in time of peace

...lame23: Experience Sacrifice.py 5 - lundi 25 mars 2019, 18:30:46 (UTC+0100)
changed parameter: NbTraitors
	chosen value: 70
changed parameter: JoiningBonus
	chosen value: 20
changed parameter: FriendshipValue
	chosen value: 15
changed parameter: Judas
	chosen value: 0
changed parameter: DenunciationCost
	chosen value: 100
 Study of the possibility of honoring being an ESS (once SS is stable)
Adding a Demand gene --> which should prevent a dishonest signal // should be null in time of peace

...lame23: Experience Sacrifice.py 4 - lundi 25 mars 2019, 18:31:20 (UTC+0100)
changed parameter: NbTraitors
	chosen value: 90
changed parameter: JoiningBonus
	chosen value: 10
changed parameter: FriendshipValue
	chosen value: 5
changed parameter: Judas
	chosen value: 50
changed parameter: DenunciationCost
	chosen value: 0
 Study of the possibility of honoring being an ESS (once SS is stable)
Adding a Demand gene --> which should prevent a dishonest signal // should be null in time of peace

 Study of the possibility of honoring being an ESS (once SS is stable)
Adding a Demand gene --> which should prevent a dishonest signal // should be null in time of peace

...lame23: Experience Sacrifice.py 4 - lundi 25 mars 2019, 18:31:57 (UTC+0100)
changed parameter: NbTraitors
	chosen value: 80
changed parameter: JoiningBonus
	chosen value: 0
changed parameter: FriendshipValue
	chosen value: 20
changed parameter: Judas
	chosen value: 10
changed parameter: DenunciationCost
	chosen value: 200
...lame23: Experience Sacrifice.py 4 - lundi 25 mars 2019, 18:32:03 (UTC+0100)
changed parameter: NbTraitors
	chosen value: 40
changed parameter: JoiningBonus
	chosen value: 20
changed parameter: FriendshipValue
	chosen value: 15
changed parameter: Judas
	chosen value: 30
changed parameter: DenunciationCost
	chosen value: 0
 Study of the possibility of honoring being an ESS (once SS is stable)
Adding a Demand gene --> which should prevent a dishonest signal // should be null in time of peace

 Study of the possibility of honoring being an ESS (once SS is stable)
Adding a Demand gene --> which should prevent a dishonest signal // should be null in time of peace

...lame23: Experience Sacrifice.py 5 - lundi 25 mars 2019, 18:32:23 (UTC+0100)
changed parameter: NbTraitors
	chosen value: 20
changed parameter: JoiningBonus
	chosen value: 15
changed parameter: FriendshipValue
	chosen value: 10
changed parameter: Judas
	chosen value: 0
changed parameter: DenunciationCost
	chosen value: 200
...lame23: Experience Sacrifice.py 5 - lundi 25 mars 2019, 18:32:31 (UTC+0100)
changed parameter: NbTraitors
	chosen value: 100
changed parameter: JoiningBonus
	chosen value: 5
changed parameter: FriendshipValue
	chosen value: 0
changed parameter: Judas
	chosen value: 10
changed parameter: DenunciationCost
	chosen value: 100
 Study of the possibility of honoring being an ESS (once SS is stable)
Adding a Demand gene --> which should prevent a dishonest signal // should be null in time of peace

...lame23: Experience Sacrifice.py 4 - lundi 25 mars 2019, 18:32:56 (UTC+0100)
changed parameter: NbTraitors
	chosen value: 30
changed parameter: JoiningBonus
	chosen value: 0
changed parameter: FriendshipValue
	chosen value: 15
changed parameter: Judas
	chosen value: 50
changed parameter: DenunciationCost
	chosen value: 100
 Study of the possibility of honoring being an ESS (once SS is stable)
Adding a Demand gene --> which should prevent a dishonest signal // should be null in time of peace

lame23: Experience Sacrifice.py 6 - lundi 25 mars 2019, 18:33:44 (UTC+0100) terminee
 Study of the possibility of honoring being an ESS (once SS is stable)
Adding a Demand gene --> which should prevent a dishonest signal // should be null in time of peace

...lame23: Experience Sacrifice.py 5 - lundi 25 mars 2019, 18:35:01 (UTC+0100)
changed parameter: NbTraitors
	chosen value: 10
changed parameter: JoiningBonus
	chosen value: 20
changed parameter: FriendshipValue
	chosen value: 0
changed parameter: Judas
	chosen value: 40
changed parameter: DenunciationCost
	chosen value: 200
 Study of the possibility of honoring being an ESS (once SS is stable)
Adding a Demand gene --> which should prevent a dishonest signal // should be null in time of peace

 Study of the possibility of honoring being an ESS (once SS is stable)
Adding a Demand gene --> which should prevent a dishonest signal // should be null in time of peace

...lame23: Experience Sacrifice.py 5 - lundi 25 mars 2019, 18:35:58 (UTC+0100)
changed parameter: NbTraitors
	chosen value: 0
changed parameter: JoiningBonus
	chosen value: 15
changed parameter: FriendshipValue
	chosen value: 5
changed parameter: Judas
	chosen value: 20
changed parameter: DenunciationCost
	chosen value: 0
...lame23: Experience Sacrifice.py 5 - lundi 25 mars 2019, 18:36:03 (UTC+0100)
changed parameter: NbTraitors
	chosen value: 60
changed parameter: JoiningBonus
	chosen value: 10
changed parameter: FriendshipValue
	chosen value: 10
changed parameter: Judas
	chosen value: 20
changed parameter: DenunciationCost
	chosen value: 100
 Study of the possibility of honoring being an ESS (once SS is stable)
Adding a Demand gene --> which should prevent a dishonest signal // should be null in time of peace

 Study of the possibility of honoring being an ESS (once SS is stable)
Adding a Demand gene --> which should prevent a dishonest signal // should be null in time of peace

...lame23: Experience Sacrifice.py 5 - lundi 25 mars 2019, 18:36:14 (UTC+0100)
changed parameter: NbTraitors
	chosen value: 50
changed parameter: JoiningBonus
	chosen value: 5
changed parameter: FriendshipValue
	chosen value: 20
changed parameter: Judas
	chosen value: 30
changed parameter: DenunciationCost
	chosen value: 0
...lame23: Experience Sacrifice.py 5 - lundi 25 mars 2019, 18:36:19 (UTC+0100)
changed parameter: NbTraitors
	chosen value: 100
changed parameter: JoiningBonus
	chosen value: 10
changed parameter: FriendshipValue
	chosen value: 10
changed parameter: Judas
	chosen value: 0
changed parameter: DenunciationCost
	chosen value: 200
 Study of the possibility of honoring being an ESS (once SS is stable)
Adding a Demand gene --> which should prevent a dishonest signal // should be null in time of peace

lame23: Experience Sacrifice.py 6 - lundi 25 mars 2019, 18:36:24 (UTC+0100) terminee
 Study of the possibility of honoring being an ESS (once SS is stable)
Adding a Demand gene --> which should prevent a dishonest signal // should be null in time of peace

...lame23: Experience Sacrifice.py 5 - lundi 25 mars 2019, 18:36:46 (UTC+0100)
changed parameter: NbTraitors
	chosen value: 70
changed parameter: JoiningBonus
	chosen value: 15
changed parameter: FriendshipValue
	chosen value: 5
changed parameter: Judas
	chosen value: 10
changed parameter: DenunciationCost
	chosen value: 100
 Study of the possibility of honoring being an ESS (once SS is stable)
Adding a Demand gene --> which should prevent a dishonest signal // should be null in time of peace

...lame23: Experience Sacrifice.py 5 - lundi 25 mars 2019, 18:37:52 (UTC+0100)
changed parameter: NbTraitors
	chosen value: 90
changed parameter: JoiningBonus
	chosen value: 0
changed parameter: FriendshipValue
	chosen value: 20
changed parameter: Judas
	chosen value: 40
changed parameter: DenunciationCost
	chosen value: 0
 Study of the possibility of honoring being an ESS (once SS is stable)
Adding a Demand gene --> which should prevent a dishonest signal // should be null in time of peace

...lame23: Experience Sacrifice.py 5 - lundi 25 mars 2019, 18:37:57 (UTC+0100)
changed parameter: NbTraitors
	chosen value: 10
changed parameter: JoiningBonus
	chosen value: 5
changed parameter: FriendshipValue
	chosen value: 0
changed parameter: Judas
	chosen value: 50
changed parameter: DenunciationCost
	chosen value: 200
 Study of the possibility of honoring being an ESS (once SS is stable)
Adding a Demand gene --> which should prevent a dishonest signal // should be null in time of peace

 Study of the possibility of honoring being an ESS (once SS is stable)
Adding a Demand gene --> which should prevent a dishonest signal // should be null in time of peace

...lame23: Experience Sacrifice.py 5 - lundi 25 mars 2019, 18:38:18 (UTC+0100)
changed parameter: NbTraitors
	chosen value: 60
changed parameter: JoiningBonus
	chosen value: 20
changed parameter: FriendshipValue
	chosen value: 15
changed parameter: Judas
	chosen value: 30
changed parameter: DenunciationCost
	chosen value: 0
...lame23: Experience Sacrifice.py 5 - lundi 25 mars 2019, 18:38:23 (UTC+0100)
changed parameter: NbTraitors
	chosen value: 20
changed parameter: JoiningBonus
	chosen value: 15
changed parameter: FriendshipValue
	chosen value: 10
changed parameter: Judas
	chosen value: 40
changed parameter: DenunciationCost
	chosen value: 100
 Study of the possibility of honoring being an ESS (once SS is stable)
Adding a Demand gene --> which should prevent a dishonest signal // should be null in time of peace

lame23: Experience Sacrifice.py 6 - lundi 25 mars 2019, 18:38:31 (UTC+0100) terminee
 Study of the possibility of honoring being an ESS (once SS is stable)
Adding a Demand gene --> which should prevent a dishonest signal // should be null in time of peace

...lame23: Experience Sacrifice.py 5 - lundi 25 mars 2019, 18:39:01 (UTC+0100)
changed parameter: NbTraitors
	chosen value: 30
changed parameter: JoiningBonus
	chosen value: 0
changed parameter: FriendshipValue
	chosen value: 20
changed parameter: Judas
	chosen value: 10
changed parameter: DenunciationCost
	chosen value: 200
 Study of the possibility of honoring being an ESS (once SS is stable)
Adding a Demand gene --> which should prevent a dishonest signal // should be null in time of peace

lame23: Experience Sacrifice.py 6 - lundi 25 mars 2019, 18:40:20 (UTC+0100) terminee
 Study of the possibility of honoring being an ESS (once SS is stable)
Adding a Demand gene --> which should prevent a dishonest signal // should be null in time of peace

 Study of the possibility of honoring being an ESS (once SS is stable)
Adding a Demand gene --> which should prevent a dishonest signal // should be null in time of peace

...lame23: Experience Sacrifice.py 5 - lundi 25 mars 2019, 18:40:59 (UTC+0100)
changed parameter: NbTraitors
	chosen value: 40
changed parameter: JoiningBonus
	chosen value: 5
changed parameter: FriendshipValue
	chosen value: 0
changed parameter: Judas
	chosen value: 50
changed parameter: DenunciationCost
	chosen value: 0
lame23: Experience Sacrifice.py 6 - lundi 25 mars 2019, 18:41:00 (UTC+0100) terminee
 Study of the possibility of honoring being an ESS (once SS is stable)
Adding a Demand gene --> which should prevent a dishonest signal // should be null in time of peace

...lame23: Experience Sacrifice.py 5 - lundi 25 mars 2019, 18:41:37 (UTC+0100)
changed parameter: NbTraitors
	chosen value: 80
changed parameter: JoiningBonus
	chosen value: 10
changed parameter: FriendshipValue
	chosen value: 5
changed parameter: Judas
	chosen value: 20
changed parameter: DenunciationCost
	chosen value: 100
 Study of the possibility of honoring being an ESS (once SS is stable)
Adding a Demand gene --> which should prevent a dishonest signal // should be null in time of peace

lame23: Experience Sacrifice.py 6 - lundi 25 mars 2019, 18:41:55 (UTC+0100) terminee
 Study of the possibility of honoring being an ESS (once SS is stable)
Adding a Demand gene --> which should prevent a dishonest signal // should be null in time of peace

...lame23: Experience Sacrifice.py 5 - lundi 25 mars 2019, 18:42:51 (UTC+0100)
changed parameter: NbTraitors
	chosen value: 0
changed parameter: JoiningBonus
	chosen value: 20
changed parameter: FriendshipValue
	chosen value: 15
changed parameter: Judas
	chosen value: 0
changed parameter: DenunciationCost
	chosen value: 200
 Study of the possibility of honoring being an ESS (once SS is stable)
Adding a Demand gene --> which should prevent a dishonest signal // should be null in time of peace

lame23: Experience Sacrifice.py 6 - lundi 25 mars 2019, 18:44:22 (UTC+0100) terminee
 Study of the possibility of honoring being an ESS (once SS is stable)
Adding a Demand gene --> which should prevent a dishonest signal // should be null in time of peace

lame23: Experience Sacrifice.py 6 - lundi 25 mars 2019, 18:44:49 (UTC+0100) terminee
 Study of the possibility of honoring being an ESS (once SS is stable)
Adding a Demand gene --> which should prevent a dishonest signal // should be null in time of peace

lame23: Experience Sacrifice.py 6 - lundi 25 mars 2019, 18:45:00 (UTC+0100) terminee
 Study of the possibility of honoring being an ESS (once SS is stable)
Adding a Demand gene --> which should prevent a dishonest signal // should be null in time of peace

lame23: Experience Sacrifice.py 6 - lundi 25 mars 2019, 18:45:06 (UTC+0100) terminee
 Study of the possibility of honoring being an ESS (once SS is stable)
Adding a Demand gene --> which should prevent a dishonest signal // should be null in time of peace

lame23: Experience Sacrifice.py 6 - lundi 25 mars 2019, 18:45:40 (UTC+0100) terminee
 Study of the possibility of honoring being an ESS (once SS is stable)
Adding a Demand gene --> which should prevent a dishonest signal // should be null in time of peace

lame23: Experience Sacrifice.py 6 - lundi 25 mars 2019, 18:45:53 (UTC+0100) terminee
 Study of the possibility of honoring being an ESS (once SS is stable)
Adding a Demand gene --> which should prevent a dishonest signal // should be null in time of peace

 Study of the possibility of honoring being an ESS (once SS is stable)
Adding a Demand gene --> which should prevent a dishonest signal // should be null in time of peace

lame23: Experience Sacrifice.py 6 - lundi 25 mars 2019, 18:46:52 (UTC+0100) terminee
lame23: Experience Sacrifice.py 6 - lundi 25 mars 2019, 18:46:55 (UTC+0100) terminee
 Study of the possibility of honoring being an ESS (once SS is stable)
Adding a Demand gene --> which should prevent a dishonest signal // should be null in time of peace

 Study of the possibility of honoring being an ESS (once SS is stable)
Adding a Demand gene --> which should prevent a dishonest signal // should be null in time of peace

lame23: Experience Sacrifice.py 6 - lundi 25 mars 2019, 18:48:10 (UTC+0100) terminee
lame23: Experience Sacrifice.py 6 - lundi 25 mars 2019, 18:48:14 (UTC+0100) terminee
 Study of the possibility of honoring being an ESS (once SS is stable)
Adding a Demand gene --> which should prevent a dishonest signal // should be null in time of peace

lame23: Experience Sacrifice.py 6 - lundi 25 mars 2019, 18:48:56 (UTC+0100) terminee
 Study of the possibility of honoring being an ESS (once SS is stable)
Adding a Demand gene --> which should prevent a dishonest signal // should be null in time of peace

lame23: Experience Sacrifice.py 6 - lundi 25 mars 2019, 18:49:10 (UTC+0100) terminee
 Study of the possibility of honoring being an ESS (once SS is stable)
Adding a Demand gene --> which should prevent a dishonest signal // should be null in time of peace

lame23: Experience Sacrifice.py 6 - lundi 25 mars 2019, 18:49:43 (UTC+0100) terminee
 Study of the possibility of honoring being an ESS (once SS is stable)
Adding a Demand gene --> which should prevent a dishonest signal // should be null in time of peace

lame23: Experience Sacrifice.py 6 - lundi 25 mars 2019, 18:53:34 (UTC+0100) terminee
