lame10.enst.fr: Experience Sacrifice.py 0 - Mon Mar 25 17:37:01 CET 2019 demarrage
...lame10.enst.fr: Experience Sacrifice.py 0 - Mon Mar 25 17:37:01 CET 2019
changed parameter: NbTraitors
	chosen value: 0
changed parameter: MaxOffer
	chosen value: 50
changed parameter: ReproductionRate
	chosen value: 30
lame10.enst.fr: Experience Sacrifice.py 0 - Mon Mar 25 17:37:03 CET 2019 demarrage
...lame10.enst.fr: Experience Sacrifice.py 0 - Mon Mar 25 17:37:03 CET 2019
changed parameter: NbTraitors
	chosen value: 90
changed parameter: MaxOffer
	chosen value: 100
changed parameter: ReproductionRate
	chosen value: 15
lame10.enst.fr: Experience Sacrifice.py 0 - Mon Mar 25 17:37:05 CET 2019 demarrage
...lame10.enst.fr: Experience Sacrifice.py 0 - Mon Mar 25 17:37:05 CET 2019
changed parameter: NbTraitors
	chosen value: 30
changed parameter: MaxOffer
	chosen value: 25
changed parameter: ReproductionRate
	chosen value: 50
lame10.enst.fr: Experience Sacrifice.py 0 - Mon Mar 25 17:37:07 CET 2019 demarrage
...lame10.enst.fr: Experience Sacrifice.py 0 - Mon Mar 25 17:37:07 CET 2019
changed parameter: NbTraitors
	chosen value: 60
changed parameter: MaxOffer
	chosen value: 5
changed parameter: ReproductionRate
	chosen value: 15
lame10.enst.fr: Experience Sacrifice.py 0 - Mon Mar 25 17:37:09 CET 2019 demarrage
...lame10.enst.fr: Experience Sacrifice.py 0 - Mon Mar 25 17:37:09 CET 2019
changed parameter: NbTraitors
	chosen value: 50
changed parameter: MaxOffer
	chosen value: 25
changed parameter: ReproductionRate
	chosen value: 30
lame10.enst.fr: Experience Sacrifice.py 0 - Mon Mar 25 17:37:11 CET 2019 demarrage
...lame10.enst.fr: Experience Sacrifice.py 0 - Mon Mar 25 17:37:11 CET 2019
changed parameter: NbTraitors
	chosen value: 10
changed parameter: MaxOffer
	chosen value: 100
changed parameter: ReproductionRate
	chosen value: 15
lame10.enst.fr: Experience Sacrifice.py 0 - Mon Mar 25 17:37:13 CET 2019 demarrage
...lame10.enst.fr: Experience Sacrifice.py 0 - Mon Mar 25 17:37:13 CET 2019
changed parameter: NbTraitors
	chosen value: 20
changed parameter: MaxOffer
	chosen value: 5
changed parameter: ReproductionRate
	chosen value: 30
lame10.enst.fr: Experience Sacrifice.py 0 - Mon Mar 25 17:37:15 CET 2019 demarrage
...lame10.enst.fr: Experience Sacrifice.py 0 - Mon Mar 25 17:37:15 CET 2019
changed parameter: NbTraitors
	chosen value: 100
changed parameter: MaxOffer
	chosen value: 75
changed parameter: ReproductionRate
	chosen value: 50
lame10.enst.fr: Experience Sacrifice.py 0 - Mon Mar 25 17:37:17 CET 2019 demarrage
...lame10.enst.fr: Experience Sacrifice.py 0 - Mon Mar 25 17:37:17 CET 2019
changed parameter: NbTraitors
	chosen value: 70
changed parameter: MaxOffer
	chosen value: 50
changed parameter: ReproductionRate
	chosen value: 50
lame10.enst.fr: Experience Sacrifice.py 0 - Mon Mar 25 17:37:19 CET 2019 demarrage
...lame10.enst.fr: Experience Sacrifice.py 0 - Mon Mar 25 17:37:19 CET 2019
changed parameter: NbTraitors
	chosen value: 80
changed parameter: MaxOffer
	chosen value: 5
changed parameter: ReproductionRate
	chosen value: 15
lame10.enst.fr: Experience Sacrifice.py 0 - Mon Mar 25 17:37:57 CET 2019 demarrage
...lame10.enst.fr: Experience Sacrifice.py 0 - Mon Mar 25 17:37:57 CET 2019
changed parameter: NbTraitors
	chosen value: 40
changed parameter: MaxOffer
	chosen value: 25
changed parameter: ReproductionRate
	chosen value: 30
lame10.enst.fr: Experience Sacrifice.py 0 - Mon Mar 25 17:37:59 CET 2019 demarrage
...lame10.enst.fr: Experience Sacrifice.py 0 - Mon Mar 25 17:37:59 CET 2019
changed parameter: NbTraitors
	chosen value: 50
changed parameter: MaxOffer
	chosen value: 50
changed parameter: ReproductionRate
	chosen value: 15
lame10.enst.fr: Experience Sacrifice.py 0 - Mon Mar 25 17:38:01 CET 2019 demarrage
...lame10.enst.fr: Experience Sacrifice.py 0 - Mon Mar 25 17:38:01 CET 2019
changed parameter: NbTraitors
	chosen value: 90
changed parameter: MaxOffer
	chosen value: 75
changed parameter: ReproductionRate
	chosen value: 50
lame10.enst.fr: Experience Sacrifice.py 0 - Mon Mar 25 17:38:03 CET 2019 demarrage
...lame10.enst.fr: Experience Sacrifice.py 0 - Mon Mar 25 17:38:04 CET 2019
changed parameter: NbTraitors
	chosen value: 10
changed parameter: MaxOffer
	chosen value: 100
changed parameter: ReproductionRate
	chosen value: 30
lame10.enst.fr: Experience Sacrifice.py 0 - Mon Mar 25 17:38:05 CET 2019 demarrage
...lame10.enst.fr: Experience Sacrifice.py 0 - Mon Mar 25 17:38:05 CET 2019
changed parameter: NbTraitors
	chosen value: 80
changed parameter: MaxOffer
	chosen value: 75
changed parameter: ReproductionRate
	chosen value: 15
lame10.enst.fr: Experience Sacrifice.py 0 - Mon Mar 25 17:38:07 CET 2019 demarrage
...lame10.enst.fr: Experience Sacrifice.py 0 - Mon Mar 25 17:38:07 CET 2019
changed parameter: NbTraitors
	chosen value: 60
changed parameter: MaxOffer
	chosen value: 25
changed parameter: ReproductionRate
	chosen value: 50
lame10.enst.fr: Experience Sacrifice.py 0 - Mon Mar 25 17:38:09 CET 2019 demarrage
...lame10.enst.fr: Experience Sacrifice.py 0 - Mon Mar 25 17:38:09 CET 2019
changed parameter: NbTraitors
	chosen value: 20
changed parameter: MaxOffer
	chosen value: 100
changed parameter: ReproductionRate
	chosen value: 30
lame10.enst.fr: Experience Sacrifice.py 0 - Mon Mar 25 17:38:11 CET 2019 demarrage
...lame10.enst.fr: Experience Sacrifice.py 0 - Mon Mar 25 17:38:11 CET 2019
changed parameter: NbTraitors
	chosen value: 30
changed parameter: MaxOffer
	chosen value: 50
changed parameter: ReproductionRate
	chosen value: 50
lame10.enst.fr: Experience Sacrifice.py 0 - Mon Mar 25 17:38:13 CET 2019 demarrage
...lame10.enst.fr: Experience Sacrifice.py 0 - Mon Mar 25 17:38:13 CET 2019
changed parameter: NbTraitors
	chosen value: 0
changed parameter: MaxOffer
	chosen value: 5
changed parameter: ReproductionRate
	chosen value: 15
lame10.enst.fr: Experience Sacrifice.py 0 - Mon Mar 25 17:38:15 CET 2019 demarrage
...lame10.enst.fr: Experience Sacrifice.py 0 - Mon Mar 25 17:38:15 CET 2019
changed parameter: NbTraitors
	chosen value: 100
changed parameter: MaxOffer
	chosen value: 25
changed parameter: ReproductionRate
	chosen value: 30
 Study of the possibility of honoring being an ESS (once SS is stable)
Adding a Demand gene --> which should prevent a dishonest signal // should be null in time of peace

...lame10.enst.fr: Experience Sacrifice.py 1 - Mon Mar 25 17:57:13 CET 2019
changed parameter: NbTraitors
	chosen value: 70
changed parameter: MaxOffer
	chosen value: 5
changed parameter: ReproductionRate
	chosen value: 15
 Study of the possibility of honoring being an ESS (once SS is stable)
Adding a Demand gene --> which should prevent a dishonest signal // should be null in time of peace

...lame10.enst.fr: Experience Sacrifice.py 1 - Mon Mar 25 17:59:10 CET 2019
changed parameter: NbTraitors
	chosen value: 80
changed parameter: MaxOffer
	chosen value: 75
changed parameter: ReproductionRate
	chosen value: 30
 Study of the possibility of honoring being an ESS (once SS is stable)
Adding a Demand gene --> which should prevent a dishonest signal // should be null in time of peace

...lame10.enst.fr: Experience Sacrifice.py 1 - Mon Mar 25 17:59:32 CET 2019
changed parameter: NbTraitors
	chosen value: 70
changed parameter: MaxOffer
	chosen value: 50
changed parameter: ReproductionRate
	chosen value: 50
 Study of the possibility of honoring being an ESS (once SS is stable)
Adding a Demand gene --> which should prevent a dishonest signal // should be null in time of peace

...lame10.enst.fr: Experience Sacrifice.py 1 - Mon Mar 25 18:01:43 CET 2019
changed parameter: NbTraitors
	chosen value: 20
changed parameter: MaxOffer
	chosen value: 100
changed parameter: ReproductionRate
	chosen value: 50
 Study of the possibility of honoring being an ESS (once SS is stable)
Adding a Demand gene --> which should prevent a dishonest signal // should be null in time of peace

 Study of the possibility of honoring being an ESS (once SS is stable)
Adding a Demand gene --> which should prevent a dishonest signal // should be null in time of peace

...lame10.enst.fr: Experience Sacrifice.py 1 - Mon Mar 25 18:02:59 CET 2019
changed parameter: NbTraitors
	chosen value: 100
changed parameter: MaxOffer
	chosen value: 25
changed parameter: ReproductionRate
	chosen value: 30
...lame10.enst.fr: Experience Sacrifice.py 1 - Mon Mar 25 18:03:12 CET 2019
changed parameter: NbTraitors
	chosen value: 0
changed parameter: MaxOffer
	chosen value: 100
changed parameter: ReproductionRate
	chosen value: 15
 Study of the possibility of honoring being an ESS (once SS is stable)
Adding a Demand gene --> which should prevent a dishonest signal // should be null in time of peace

...lame10.enst.fr: Experience Sacrifice.py 1 - Mon Mar 25 18:04:09 CET 2019
changed parameter: NbTraitors
	chosen value: 10
changed parameter: MaxOffer
	chosen value: 50
changed parameter: ReproductionRate
	chosen value: 50
 Study of the possibility of honoring being an ESS (once SS is stable)
Adding a Demand gene --> which should prevent a dishonest signal // should be null in time of peace

 Study of the possibility of honoring being an ESS (once SS is stable)
Adding a Demand gene --> which should prevent a dishonest signal // should be null in time of peace

...lame10.enst.fr: Experience Sacrifice.py 1 - Mon Mar 25 18:07:05 CET 2019
changed parameter: NbTraitors
	chosen value: 40
changed parameter: MaxOffer
	chosen value: 75
changed parameter: ReproductionRate
	chosen value: 15
 Study of the possibility of honoring being an ESS (once SS is stable)
Adding a Demand gene --> which should prevent a dishonest signal // should be null in time of peace

...lame10.enst.fr: Experience Sacrifice.py 1 - Mon Mar 25 18:07:19 CET 2019
changed parameter: NbTraitors
	chosen value: 50
changed parameter: MaxOffer
	chosen value: 5
changed parameter: ReproductionRate
	chosen value: 30
...lame10.enst.fr: Experience Sacrifice.py 1 - Mon Mar 25 18:07:20 CET 2019
changed parameter: NbTraitors
	chosen value: 30
changed parameter: MaxOffer
	chosen value: 25
changed parameter: ReproductionRate
	chosen value: 30
 Study of the possibility of honoring being an ESS (once SS is stable)
Adding a Demand gene --> which should prevent a dishonest signal // should be null in time of peace

...lame10.enst.fr: Experience Sacrifice.py 1 - Mon Mar 25 18:08:22 CET 2019
changed parameter: NbTraitors
	chosen value: 90
changed parameter: MaxOffer
	chosen value: 5
changed parameter: ReproductionRate
	chosen value: 15
 Study of the possibility of honoring being an ESS (once SS is stable)
Adding a Demand gene --> which should prevent a dishonest signal // should be null in time of peace

...lame10.enst.fr: Experience Sacrifice.py 1 - Mon Mar 25 18:10:33 CET 2019
changed parameter: NbTraitors
	chosen value: 60
changed parameter: MaxOffer
	chosen value: 50
changed parameter: ReproductionRate
	chosen value: 50
 Study of the possibility of honoring being an ESS (once SS is stable)
Adding a Demand gene --> which should prevent a dishonest signal // should be null in time of peace

...lame10.enst.fr: Experience Sacrifice.py 1 - Mon Mar 25 18:13:13 CET 2019
changed parameter: NbTraitors
	chosen value: 40
changed parameter: MaxOffer
	chosen value: 75
changed parameter: ReproductionRate
	chosen value: 30
 Study of the possibility of honoring being an ESS (once SS is stable)
Adding a Demand gene --> which should prevent a dishonest signal // should be null in time of peace

...lame10.enst.fr: Experience Sacrifice.py 1 - Mon Mar 25 18:15:07 CET 2019
changed parameter: NbTraitors
	chosen value: 50
changed parameter: MaxOffer
	chosen value: 100
changed parameter: ReproductionRate
	chosen value: 15
 Study of the possibility of honoring being an ESS (once SS is stable)
Adding a Demand gene --> which should prevent a dishonest signal // should be null in time of peace

...lame10.enst.fr: Experience Sacrifice.py 1 - Mon Mar 25 18:16:43 CET 2019
changed parameter: NbTraitors
	chosen value: 0
changed parameter: MaxOffer
	chosen value: 50
changed parameter: ReproductionRate
	chosen value: 50
 Study of the possibility of honoring being an ESS (once SS is stable)
Adding a Demand gene --> which should prevent a dishonest signal // should be null in time of peace

...lame10.enst.fr: Experience Sacrifice.py 1 - Mon Mar 25 18:17:38 CET 2019
changed parameter: NbTraitors
	chosen value: 100
changed parameter: MaxOffer
	chosen value: 5
changed parameter: ReproductionRate
	chosen value: 50
 Study of the possibility of honoring being an ESS (once SS is stable)
Adding a Demand gene --> which should prevent a dishonest signal // should be null in time of peace

 Study of the possibility of honoring being an ESS (once SS is stable)
Adding a Demand gene --> which should prevent a dishonest signal // should be null in time of peace

...lame10.enst.fr: Experience Sacrifice.py 2 - Mon Mar 25 18:19:37 CET 2019
changed parameter: NbTraitors
	chosen value: 10
changed parameter: MaxOffer
	chosen value: 75
changed parameter: ReproductionRate
	chosen value: 30
...lame10.enst.fr: Experience Sacrifice.py 1 - Mon Mar 25 18:19:57 CET 2019
changed parameter: NbTraitors
	chosen value: 20
changed parameter: MaxOffer
	chosen value: 25
changed parameter: ReproductionRate
	chosen value: 15
 Study of the possibility of honoring being an ESS (once SS is stable)
Adding a Demand gene --> which should prevent a dishonest signal // should be null in time of peace

...lame10.enst.fr: Experience Sacrifice.py 1 - Mon Mar 25 18:21:57 CET 2019
changed parameter: NbTraitors
	chosen value: 90
changed parameter: MaxOffer
	chosen value: 100
changed parameter: ReproductionRate
	chosen value: 50
 Study of the possibility of honoring being an ESS (once SS is stable)
Adding a Demand gene --> which should prevent a dishonest signal // should be null in time of peace

 Study of the possibility of honoring being an ESS (once SS is stable)
Adding a Demand gene --> which should prevent a dishonest signal // should be null in time of peace

...lame10.enst.fr: Experience Sacrifice.py 1 - Mon Mar 25 18:22:41 CET 2019
changed parameter: NbTraitors
	chosen value: 30
changed parameter: MaxOffer
	chosen value: 100
changed parameter: ReproductionRate
	chosen value: 30
...lame10.enst.fr: Experience Sacrifice.py 1 - Mon Mar 25 18:23:01 CET 2019
changed parameter: NbTraitors
	chosen value: 60
changed parameter: MaxOffer
	chosen value: 75
changed parameter: ReproductionRate
	chosen value: 15
 Study of the possibility of honoring being an ESS (once SS is stable)
Adding a Demand gene --> which should prevent a dishonest signal // should be null in time of peace

...lame10.enst.fr: Experience Sacrifice.py 2 - Mon Mar 25 18:26:47 CET 2019
changed parameter: NbTraitors
	chosen value: 70
changed parameter: MaxOffer
	chosen value: 25
changed parameter: ReproductionRate
	chosen value: 30
 Study of the possibility of honoring being an ESS (once SS is stable)
Adding a Demand gene --> which should prevent a dishonest signal // should be null in time of peace

...lame10.enst.fr: Experience Sacrifice.py 2 - Mon Mar 25 18:27:09 CET 2019
changed parameter: NbTraitors
	chosen value: 80
changed parameter: MaxOffer
	chosen value: 5
changed parameter: ReproductionRate
	chosen value: 50
 Study of the possibility of honoring being an ESS (once SS is stable)
Adding a Demand gene --> which should prevent a dishonest signal // should be null in time of peace

...lame10.enst.fr: Experience Sacrifice.py 2 - Mon Mar 25 18:29:06 CET 2019
changed parameter: NbTraitors
	chosen value: 30
changed parameter: MaxOffer
	chosen value: 50
changed parameter: ReproductionRate
	chosen value: 15
 Study of the possibility of honoring being an ESS (once SS is stable)
Adding a Demand gene --> which should prevent a dishonest signal // should be null in time of peace

...lame10.enst.fr: Experience Sacrifice.py 2 - Mon Mar 25 18:31:40 CET 2019
changed parameter: NbTraitors
	chosen value: 50
changed parameter: MaxOffer
	chosen value: 25
changed parameter: ReproductionRate
	chosen value: 50
 Study of the possibility of honoring being an ESS (once SS is stable)
Adding a Demand gene --> which should prevent a dishonest signal // should be null in time of peace

...lame10.enst.fr: Experience Sacrifice.py 2 - Mon Mar 25 18:34:16 CET 2019
changed parameter: NbTraitors
	chosen value: 90
changed parameter: MaxOffer
	chosen value: 75
changed parameter: ReproductionRate
	chosen value: 30
 Study of the possibility of honoring being an ESS (once SS is stable)
Adding a Demand gene --> which should prevent a dishonest signal // should be null in time of peace

...lame10.enst.fr: Experience Sacrifice.py 2 - Mon Mar 25 18:34:45 CET 2019
changed parameter: NbTraitors
	chosen value: 0
changed parameter: MaxOffer
	chosen value: 5
changed parameter: ReproductionRate
	chosen value: 15
 Study of the possibility of honoring being an ESS (once SS is stable)
Adding a Demand gene --> which should prevent a dishonest signal // should be null in time of peace

...lame10.enst.fr: Experience Sacrifice.py 2 - Mon Mar 25 18:38:04 CET 2019
changed parameter: NbTraitors
	chosen value: 10
changed parameter: MaxOffer
	chosen value: 100
changed parameter: ReproductionRate
	chosen value: 30
 Study of the possibility of honoring being an ESS (once SS is stable)
Adding a Demand gene --> which should prevent a dishonest signal // should be null in time of peace

...lame10.enst.fr: Experience Sacrifice.py 2 - Mon Mar 25 18:38:20 CET 2019
changed parameter: NbTraitors
	chosen value: 70
changed parameter: MaxOffer
	chosen value: 50
changed parameter: ReproductionRate
	chosen value: 15
 Study of the possibility of honoring being an ESS (once SS is stable)
Adding a Demand gene --> which should prevent a dishonest signal // should be null in time of peace

...lame10.enst.fr: Experience Sacrifice.py 2 - Mon Mar 25 18:39:42 CET 2019
changed parameter: NbTraitors
	chosen value: 60
changed parameter: MaxOffer
	chosen value: 75
changed parameter: ReproductionRate
	chosen value: 50
 Study of the possibility of honoring being an ESS (once SS is stable)
Adding a Demand gene --> which should prevent a dishonest signal // should be null in time of peace

...lame10.enst.fr: Experience Sacrifice.py 2 - Mon Mar 25 18:41:13 CET 2019
changed parameter: NbTraitors
	chosen value: 80
changed parameter: MaxOffer
	chosen value: 100
changed parameter: ReproductionRate
	chosen value: 50
 Study of the possibility of honoring being an ESS (once SS is stable)
Adding a Demand gene --> which should prevent a dishonest signal // should be null in time of peace

...lame10.enst.fr: Experience Sacrifice.py 2 - Mon Mar 25 18:42:36 CET 2019
changed parameter: NbTraitors
	chosen value: 40
changed parameter: MaxOffer
	chosen value: 50
changed parameter: ReproductionRate
	chosen value: 15
 Study of the possibility of honoring being an ESS (once SS is stable)
Adding a Demand gene --> which should prevent a dishonest signal // should be null in time of peace

...lame10.enst.fr: Experience Sacrifice.py 2 - Mon Mar 25 18:44:43 CET 2019
changed parameter: NbTraitors
	chosen value: 100
changed parameter: MaxOffer
	chosen value: 5
changed parameter: ReproductionRate
	chosen value: 30
 Study of the possibility of honoring being an ESS (once SS is stable)
Adding a Demand gene --> which should prevent a dishonest signal // should be null in time of peace

...lame10.enst.fr: Experience Sacrifice.py 2 - Mon Mar 25 18:45:53 CET 2019
changed parameter: NbTraitors
	chosen value: 20
changed parameter: MaxOffer
	chosen value: 25
changed parameter: ReproductionRate
	chosen value: 15
 Study of the possibility of honoring being an ESS (once SS is stable)
Adding a Demand gene --> which should prevent a dishonest signal // should be null in time of peace

...lame10.enst.fr: Experience Sacrifice.py 2 - Mon Mar 25 18:46:41 CET 2019
changed parameter: NbTraitors
	chosen value: 50
changed parameter: MaxOffer
	chosen value: 75
changed parameter: ReproductionRate
	chosen value: 50
 Study of the possibility of honoring being an ESS (once SS is stable)
Adding a Demand gene --> which should prevent a dishonest signal // should be null in time of peace

...lame10.enst.fr: Experience Sacrifice.py 2 - Mon Mar 25 18:48:57 CET 2019
changed parameter: NbTraitors
	chosen value: 10
changed parameter: MaxOffer
	chosen value: 50
changed parameter: ReproductionRate
	chosen value: 30
 Study of the possibility of honoring being an ESS (once SS is stable)
Adding a Demand gene --> which should prevent a dishonest signal // should be null in time of peace

...lame10.enst.fr: Experience Sacrifice.py 3 - Mon Mar 25 18:51:21 CET 2019
changed parameter: NbTraitors
	chosen value: 70
changed parameter: MaxOffer
	chosen value: 100
changed parameter: ReproductionRate
	chosen value: 30
 Study of the possibility of honoring being an ESS (once SS is stable)
Adding a Demand gene --> which should prevent a dishonest signal // should be null in time of peace

...lame10.enst.fr: Experience Sacrifice.py 2 - Mon Mar 25 18:52:05 CET 2019
changed parameter: NbTraitors
	chosen value: 40
changed parameter: MaxOffer
	chosen value: 25
changed parameter: ReproductionRate
	chosen value: 50
 Study of the possibility of honoring being an ESS (once SS is stable)
Adding a Demand gene --> which should prevent a dishonest signal // should be null in time of peace

...lame10.enst.fr: Experience Sacrifice.py 3 - Mon Mar 25 18:52:48 CET 2019
changed parameter: NbTraitors
	chosen value: 90
changed parameter: MaxOffer
	chosen value: 5
changed parameter: ReproductionRate
	chosen value: 15
 Study of the possibility of honoring being an ESS (once SS is stable)
Adding a Demand gene --> which should prevent a dishonest signal // should be null in time of peace

...lame10.enst.fr: Experience Sacrifice.py 3 - Mon Mar 25 18:58:19 CET 2019
changed parameter: NbTraitors
	chosen value: 100
changed parameter: MaxOffer
	chosen value: 25
changed parameter: ReproductionRate
	chosen value: 30
 Study of the possibility of honoring being an ESS (once SS is stable)
Adding a Demand gene --> which should prevent a dishonest signal // should be null in time of peace

 Study of the possibility of honoring being an ESS (once SS is stable)
Adding a Demand gene --> which should prevent a dishonest signal // should be null in time of peace

...lame10.enst.fr: Experience Sacrifice.py 2 - Mon Mar 25 19:00:50 CET 2019
changed parameter: NbTraitors
	chosen value: 80
changed parameter: MaxOffer
	chosen value: 50
changed parameter: ReproductionRate
	chosen value: 15
...lame10.enst.fr: Experience Sacrifice.py 3 - Mon Mar 25 19:00:53 CET 2019
changed parameter: NbTraitors
	chosen value: 20
changed parameter: MaxOffer
	chosen value: 75
changed parameter: ReproductionRate
	chosen value: 50
 Study of the possibility of honoring being an ESS (once SS is stable)
Adding a Demand gene --> which should prevent a dishonest signal // should be null in time of peace

...lame10.enst.fr: Experience Sacrifice.py 2 - Mon Mar 25 19:01:39 CET 2019
changed parameter: NbTraitors
	chosen value: 60
changed parameter: MaxOffer
	chosen value: 5
changed parameter: ReproductionRate
	chosen value: 50
 Study of the possibility of honoring being an ESS (once SS is stable)
Adding a Demand gene --> which should prevent a dishonest signal // should be null in time of peace

...lame10.enst.fr: Experience Sacrifice.py 3 - Mon Mar 25 19:02:02 CET 2019
changed parameter: NbTraitors
	chosen value: 0
changed parameter: MaxOffer
	chosen value: 100
changed parameter: ReproductionRate
	chosen value: 30
 Study of the possibility of honoring being an ESS (once SS is stable)
Adding a Demand gene --> which should prevent a dishonest signal // should be null in time of peace

...lame10.enst.fr: Experience Sacrifice.py 3 - Mon Mar 25 19:02:19 CET 2019
changed parameter: NbTraitors
	chosen value: 30
changed parameter: MaxOffer
	chosen value: 5
changed parameter: ReproductionRate
	chosen value: 15
 Study of the possibility of honoring being an ESS (once SS is stable)
Adding a Demand gene --> which should prevent a dishonest signal // should be null in time of peace

...lame10.enst.fr: Experience Sacrifice.py 2 - Mon Mar 25 19:03:16 CET 2019
changed parameter: NbTraitors
	chosen value: 30
changed parameter: MaxOffer
	chosen value: 75
changed parameter: ReproductionRate
	chosen value: 50
 Study of the possibility of honoring being an ESS (once SS is stable)
Adding a Demand gene --> which should prevent a dishonest signal // should be null in time of peace

...lame10.enst.fr: Experience Sacrifice.py 3 - Mon Mar 25 19:05:38 CET 2019
changed parameter: NbTraitors
	chosen value: 90
changed parameter: MaxOffer
	chosen value: 100
changed parameter: ReproductionRate
	chosen value: 30
 Study of the possibility of honoring being an ESS (once SS is stable)
Adding a Demand gene --> which should prevent a dishonest signal // should be null in time of peace

...lame10.enst.fr: Experience Sacrifice.py 3 - Mon Mar 25 19:08:55 CET 2019
changed parameter: NbTraitors
	chosen value: 70
changed parameter: MaxOffer
	chosen value: 25
changed parameter: ReproductionRate
	chosen value: 15
 Study of the possibility of honoring being an ESS (once SS is stable)
Adding a Demand gene --> which should prevent a dishonest signal // should be null in time of peace

 Study of the possibility of honoring being an ESS (once SS is stable)
Adding a Demand gene --> which should prevent a dishonest signal // should be null in time of peace

...lame10.enst.fr: Experience Sacrifice.py 3 - Mon Mar 25 19:09:31 CET 2019
changed parameter: NbTraitors
	chosen value: 0
changed parameter: MaxOffer
	chosen value: 50
changed parameter: ReproductionRate
	chosen value: 30
...lame10.enst.fr: Experience Sacrifice.py 3 - Mon Mar 25 19:09:41 CET 2019
changed parameter: NbTraitors
	chosen value: 20
changed parameter: MaxOffer
	chosen value: 5
changed parameter: ReproductionRate
	chosen value: 50
 Study of the possibility of honoring being an ESS (once SS is stable)
Adding a Demand gene --> which should prevent a dishonest signal // should be null in time of peace

...lame10.enst.fr: Experience Sacrifice.py 3 - Mon Mar 25 19:15:29 CET 2019
changed parameter: NbTraitors
	chosen value: 40
changed parameter: MaxOffer
	chosen value: 25
changed parameter: ReproductionRate
	chosen value: 15
 Study of the possibility of honoring being an ESS (once SS is stable)
Adding a Demand gene --> which should prevent a dishonest signal // should be null in time of peace

...lame10.enst.fr: Experience Sacrifice.py 3 - Mon Mar 25 19:16:14 CET 2019
changed parameter: NbTraitors
	chosen value: 50
changed parameter: MaxOffer
	chosen value: 100
changed parameter: ReproductionRate
	chosen value: 50
 Study of the possibility of honoring being an ESS (once SS is stable)
Adding a Demand gene --> which should prevent a dishonest signal // should be null in time of peace

...lame10.enst.fr: Experience Sacrifice.py 4 - Mon Mar 25 19:17:05 CET 2019
changed parameter: NbTraitors
	chosen value: 80
changed parameter: MaxOffer
	chosen value: 50
changed parameter: ReproductionRate
	chosen value: 15
 Study of the possibility of honoring being an ESS (once SS is stable)
Adding a Demand gene --> which should prevent a dishonest signal // should be null in time of peace

...lame10.enst.fr: Experience Sacrifice.py 4 - Mon Mar 25 19:17:13 CET 2019
changed parameter: NbTraitors
	chosen value: 100
changed parameter: MaxOffer
	chosen value: 75
changed parameter: ReproductionRate
	chosen value: 30
 Study of the possibility of honoring being an ESS (once SS is stable)
Adding a Demand gene --> which should prevent a dishonest signal // should be null in time of peace

...lame10.enst.fr: Experience Sacrifice.py 3 - Mon Mar 25 19:20:16 CET 2019
changed parameter: NbTraitors
	chosen value: 10
changed parameter: MaxOffer
	chosen value: 5
changed parameter: ReproductionRate
	chosen value: 30
 Study of the possibility of honoring being an ESS (once SS is stable)
Adding a Demand gene --> which should prevent a dishonest signal // should be null in time of peace

...lame10.enst.fr: Experience Sacrifice.py 3 - Mon Mar 25 19:21:43 CET 2019
changed parameter: NbTraitors
	chosen value: 60
changed parameter: MaxOffer
	chosen value: 100
changed parameter: ReproductionRate
	chosen value: 15
 Study of the possibility of honoring being an ESS (once SS is stable)
Adding a Demand gene --> which should prevent a dishonest signal // should be null in time of peace

...lame10.enst.fr: Experience Sacrifice.py 3 - Mon Mar 25 19:22:11 CET 2019
changed parameter: NbTraitors
	chosen value: 80
changed parameter: MaxOffer
	chosen value: 25
changed parameter: ReproductionRate
	chosen value: 50
 Study of the possibility of honoring being an ESS (once SS is stable)
Adding a Demand gene --> which should prevent a dishonest signal // should be null in time of peace

 Study of the possibility of honoring being an ESS (once SS is stable)
Adding a Demand gene --> which should prevent a dishonest signal // should be null in time of peace

...lame10.enst.fr: Experience Sacrifice.py 4 - Mon Mar 25 19:23:50 CET 2019
changed parameter: NbTraitors
	chosen value: 0
changed parameter: MaxOffer
	chosen value: 75
changed parameter: ReproductionRate
	chosen value: 15
...lame10.enst.fr: Experience Sacrifice.py 3 - Mon Mar 25 19:23:52 CET 2019
changed parameter: NbTraitors
	chosen value: 70
changed parameter: MaxOffer
	chosen value: 50
changed parameter: ReproductionRate
	chosen value: 50
 Study of the possibility of honoring being an ESS (once SS is stable)
Adding a Demand gene --> which should prevent a dishonest signal // should be null in time of peace

...lame10.enst.fr: Experience Sacrifice.py 3 - Mon Mar 25 19:26:31 CET 2019
changed parameter: NbTraitors
	chosen value: 60
changed parameter: MaxOffer
	chosen value: 75
changed parameter: ReproductionRate
	chosen value: 30
 Study of the possibility of honoring being an ESS (once SS is stable)
Adding a Demand gene --> which should prevent a dishonest signal // should be null in time of peace

...lame10.enst.fr: Experience Sacrifice.py 4 - Mon Mar 25 19:30:47 CET 2019
changed parameter: NbTraitors
	chosen value: 40
changed parameter: MaxOffer
	chosen value: 100
changed parameter: ReproductionRate
	chosen value: 15
 Study of the possibility of honoring being an ESS (once SS is stable)
Adding a Demand gene --> which should prevent a dishonest signal // should be null in time of peace

...lame10.enst.fr: Experience Sacrifice.py 4 - Mon Mar 25 19:31:42 CET 2019
changed parameter: NbTraitors
	chosen value: 30
changed parameter: MaxOffer
	chosen value: 5
changed parameter: ReproductionRate
	chosen value: 50
 Study of the possibility of honoring being an ESS (once SS is stable)
Adding a Demand gene --> which should prevent a dishonest signal // should be null in time of peace

 Study of the possibility of honoring being an ESS (once SS is stable)
Adding a Demand gene --> which should prevent a dishonest signal // should be null in time of peace

...lame10.enst.fr: Experience Sacrifice.py 4 - Mon Mar 25 19:33:58 CET 2019
changed parameter: NbTraitors
	chosen value: 100
changed parameter: MaxOffer
	chosen value: 25
changed parameter: ReproductionRate
	chosen value: 30
...lame10.enst.fr: Experience Sacrifice.py 3 - Mon Mar 25 19:34:17 CET 2019
changed parameter: NbTraitors
	chosen value: 10
changed parameter: MaxOffer
	chosen value: 50
changed parameter: ReproductionRate
	chosen value: 30
 Study of the possibility of honoring being an ESS (once SS is stable)
Adding a Demand gene --> which should prevent a dishonest signal // should be null in time of peace

...lame10.enst.fr: Experience Sacrifice.py 4 - Mon Mar 25 19:35:42 CET 2019
changed parameter: NbTraitors
	chosen value: 20
changed parameter: MaxOffer
	chosen value: 100
changed parameter: ReproductionRate
	chosen value: 50
 Study of the possibility of honoring being an ESS (once SS is stable)
Adding a Demand gene --> which should prevent a dishonest signal // should be null in time of peace

...lame10.enst.fr: Experience Sacrifice.py 4 - Mon Mar 25 19:38:19 CET 2019
changed parameter: NbTraitors
	chosen value: 50
changed parameter: MaxOffer
	chosen value: 5
changed parameter: ReproductionRate
	chosen value: 15
 Study of the possibility of honoring being an ESS (once SS is stable)
Adding a Demand gene --> which should prevent a dishonest signal // should be null in time of peace

...lame10.enst.fr: Experience Sacrifice.py 5 - Mon Mar 25 19:39:33 CET 2019
changed parameter: NbTraitors
	chosen value: 90
changed parameter: MaxOffer
	chosen value: 25
changed parameter: ReproductionRate
	chosen value: 15
 Study of the possibility of honoring being an ESS (once SS is stable)
Adding a Demand gene --> which should prevent a dishonest signal // should be null in time of peace

...lame10.enst.fr: Experience Sacrifice.py 5 - Mon Mar 25 19:40:27 CET 2019
changed parameter: NbTraitors
	chosen value: 30
changed parameter: MaxOffer
	chosen value: 75
changed parameter: ReproductionRate
	chosen value: 50
 Study of the possibility of honoring being an ESS (once SS is stable)
Adding a Demand gene --> which should prevent a dishonest signal // should be null in time of peace

...lame10.enst.fr: Experience Sacrifice.py 4 - Mon Mar 25 19:42:31 CET 2019
changed parameter: NbTraitors
	chosen value: 80
changed parameter: MaxOffer
	chosen value: 50
changed parameter: ReproductionRate
	chosen value: 30
 Study of the possibility of honoring being an ESS (once SS is stable)
Adding a Demand gene --> which should prevent a dishonest signal // should be null in time of peace

...lame10.enst.fr: Experience Sacrifice.py 4 - Mon Mar 25 19:43:02 CET 2019
changed parameter: NbTraitors
	chosen value: 20
changed parameter: MaxOffer
	chosen value: 25
changed parameter: ReproductionRate
	chosen value: 50
 Study of the possibility of honoring being an ESS (once SS is stable)
Adding a Demand gene --> which should prevent a dishonest signal // should be null in time of peace

...lame10.enst.fr: Experience Sacrifice.py 4 - Mon Mar 25 19:43:50 CET 2019
changed parameter: NbTraitors
	chosen value: 0
changed parameter: MaxOffer
	chosen value: 75
changed parameter: ReproductionRate
	chosen value: 15
 Study of the possibility of honoring being an ESS (once SS is stable)
Adding a Demand gene --> which should prevent a dishonest signal // should be null in time of peace

 Study of the possibility of honoring being an ESS (once SS is stable)
Adding a Demand gene --> which should prevent a dishonest signal // should be null in time of peace

...lame10.enst.fr: Experience Sacrifice.py 3 - Mon Mar 25 19:44:57 CET 2019
changed parameter: NbTraitors
	chosen value: 50
changed parameter: MaxOffer
	chosen value: 100
changed parameter: ReproductionRate
	chosen value: 30
...lame10.enst.fr: Experience Sacrifice.py 3 - Mon Mar 25 19:45:09 CET 2019
changed parameter: NbTraitors
	chosen value: 90
changed parameter: MaxOffer
	chosen value: 50
changed parameter: ReproductionRate
	chosen value: 50
 Study of the possibility of honoring being an ESS (once SS is stable)
Adding a Demand gene --> which should prevent a dishonest signal // should be null in time of peace

...lame10.enst.fr: Experience Sacrifice.py 5 - Mon Mar 25 19:48:52 CET 2019
changed parameter: NbTraitors
	chosen value: 100
changed parameter: MaxOffer
	chosen value: 5
changed parameter: ReproductionRate
	chosen value: 15
 Study of the possibility of honoring being an ESS (once SS is stable)
Adding a Demand gene --> which should prevent a dishonest signal // should be null in time of peace

...lame10.enst.fr: Experience Sacrifice.py 5 - Mon Mar 25 19:50:29 CET 2019
changed parameter: NbTraitors
	chosen value: 70
changed parameter: MaxOffer
	chosen value: 25
changed parameter: ReproductionRate
	chosen value: 30
 Study of the possibility of honoring being an ESS (once SS is stable)
Adding a Demand gene --> which should prevent a dishonest signal // should be null in time of peace

...lame10.enst.fr: Experience Sacrifice.py 4 - Mon Mar 25 19:52:34 CET 2019
changed parameter: NbTraitors
	chosen value: 60
changed parameter: MaxOffer
	chosen value: 100
changed parameter: ReproductionRate
	chosen value: 30
 Study of the possibility of honoring being an ESS (once SS is stable)
Adding a Demand gene --> which should prevent a dishonest signal // should be null in time of peace

...lame10.enst.fr: Experience Sacrifice.py 4 - Mon Mar 25 19:52:59 CET 2019
changed parameter: NbTraitors
	chosen value: 40
changed parameter: MaxOffer
	chosen value: 5
changed parameter: ReproductionRate
	chosen value: 15
 Study of the possibility of honoring being an ESS (once SS is stable)
Adding a Demand gene --> which should prevent a dishonest signal // should be null in time of peace

...lame10.enst.fr: Experience Sacrifice.py 4 - Mon Mar 25 19:54:54 CET 2019
changed parameter: NbTraitors
	chosen value: 10
changed parameter: MaxOffer
	chosen value: 75
changed parameter: ReproductionRate
	chosen value: 50
 Study of the possibility of honoring being an ESS (once SS is stable)
Adding a Demand gene --> which should prevent a dishonest signal // should be null in time of peace

...lame10.enst.fr: Experience Sacrifice.py 4 - Mon Mar 25 19:55:37 CET 2019
changed parameter: NbTraitors
	chosen value: 100
changed parameter: MaxOffer
	chosen value: 50
changed parameter: ReproductionRate
	chosen value: 50
 Study of the possibility of honoring being an ESS (once SS is stable)
Adding a Demand gene --> which should prevent a dishonest signal // should be null in time of peace

...lame10.enst.fr: Experience Sacrifice.py 5 - Mon Mar 25 20:00:42 CET 2019
changed parameter: NbTraitors
	chosen value: 40
changed parameter: MaxOffer
	chosen value: 100
changed parameter: ReproductionRate
	chosen value: 15
 Study of the possibility of honoring being an ESS (once SS is stable)
Adding a Demand gene --> which should prevent a dishonest signal // should be null in time of peace

lame10.enst.fr: Experience Sacrifice.py 6 - Mon Mar 25 20:02:06 CET 2019 terminee
 Study of the possibility of honoring being an ESS (once SS is stable)
Adding a Demand gene --> which should prevent a dishonest signal // should be null in time of peace

 Study of the possibility of honoring being an ESS (once SS is stable)
Adding a Demand gene --> which should prevent a dishonest signal // should be null in time of peace

...lame10.enst.fr: Experience Sacrifice.py 4 - Mon Mar 25 20:04:03 CET 2019
changed parameter: NbTraitors
	chosen value: 70
changed parameter: MaxOffer
	chosen value: 5
changed parameter: ReproductionRate
	chosen value: 30
...lame10.enst.fr: Experience Sacrifice.py 5 - Mon Mar 25 20:04:14 CET 2019
changed parameter: NbTraitors
	chosen value: 50
changed parameter: MaxOffer
	chosen value: 25
changed parameter: ReproductionRate
	chosen value: 30
 Study of the possibility of honoring being an ESS (once SS is stable)
Adding a Demand gene --> which should prevent a dishonest signal // should be null in time of peace

...lame10.enst.fr: Experience Sacrifice.py 4 - Mon Mar 25 20:05:32 CET 2019
changed parameter: NbTraitors
	chosen value: 20
changed parameter: MaxOffer
	chosen value: 50
changed parameter: ReproductionRate
	chosen value: 50
 Study of the possibility of honoring being an ESS (once SS is stable)
Adding a Demand gene --> which should prevent a dishonest signal // should be null in time of peace

...lame10.enst.fr: Experience Sacrifice.py 4 - Mon Mar 25 20:05:52 CET 2019
changed parameter: NbTraitors
	chosen value: 80
changed parameter: MaxOffer
	chosen value: 75
changed parameter: ReproductionRate
	chosen value: 15
 Study of the possibility of honoring being an ESS (once SS is stable)
Adding a Demand gene --> which should prevent a dishonest signal // should be null in time of peace

lame10.enst.fr: Experience Sacrifice.py 6 - Mon Mar 25 20:11:53 CET 2019 terminee
 Study of the possibility of honoring being an ESS (once SS is stable)
Adding a Demand gene --> which should prevent a dishonest signal // should be null in time of peace

...lame10.enst.fr: Experience Sacrifice.py 5 - Mon Mar 25 20:13:31 CET 2019
changed parameter: NbTraitors
	chosen value: 60
changed parameter: MaxOffer
	chosen value: 100
changed parameter: ReproductionRate
	chosen value: 50
 Study of the possibility of honoring being an ESS (once SS is stable)
Adding a Demand gene --> which should prevent a dishonest signal // should be null in time of peace

...lame10.enst.fr: Experience Sacrifice.py 4 - Mon Mar 25 20:17:13 CET 2019
changed parameter: NbTraitors
	chosen value: 30
changed parameter: MaxOffer
	chosen value: 5
changed parameter: ReproductionRate
	chosen value: 30
 Study of the possibility of honoring being an ESS (once SS is stable)
Adding a Demand gene --> which should prevent a dishonest signal // should be null in time of peace

 Study of the possibility of honoring being an ESS (once SS is stable)
Adding a Demand gene --> which should prevent a dishonest signal // should be null in time of peace

...lame10.enst.fr: Experience Sacrifice.py 5 - Mon Mar 25 20:21:26 CET 2019
changed parameter: NbTraitors
	chosen value: 90
changed parameter: MaxOffer
	chosen value: 50
changed parameter: ReproductionRate
	chosen value: 15
...lame10.enst.fr: Experience Sacrifice.py 5 - Mon Mar 25 20:21:56 CET 2019
changed parameter: NbTraitors
	chosen value: 10
changed parameter: MaxOffer
	chosen value: 25
changed parameter: ReproductionRate
	chosen value: 50
 Study of the possibility of honoring being an ESS (once SS is stable)
Adding a Demand gene --> which should prevent a dishonest signal // should be null in time of peace

...lame10.enst.fr: Experience Sacrifice.py 5 - Mon Mar 25 20:25:00 CET 2019
changed parameter: NbTraitors
	chosen value: 0
changed parameter: MaxOffer
	chosen value: 75
changed parameter: ReproductionRate
	chosen value: 30
 Study of the possibility of honoring being an ESS (once SS is stable)
Adding a Demand gene --> which should prevent a dishonest signal // should be null in time of peace

...lame10.enst.fr: Experience Sacrifice.py 5 - Mon Mar 25 20:26:18 CET 2019
changed parameter: NbTraitors
	chosen value: 10
changed parameter: MaxOffer
	chosen value: 100
changed parameter: ReproductionRate
	chosen value: 15
 Study of the possibility of honoring being an ESS (once SS is stable)
Adding a Demand gene --> which should prevent a dishonest signal // should be null in time of peace

lame10.enst.fr: Experience Sacrifice.py 6 - Mon Mar 25 20:36:18 CET 2019 terminee
 Study of the possibility of honoring being an ESS (once SS is stable)
Adding a Demand gene --> which should prevent a dishonest signal // should be null in time of peace

...lame10.enst.fr: Experience Sacrifice.py 5 - Mon Mar 25 20:40:52 CET 2019
changed parameter: NbTraitors
	chosen value: 0
changed parameter: MaxOffer
	chosen value: 75
changed parameter: ReproductionRate
	chosen value: 30
 Study of the possibility of honoring being an ESS (once SS is stable)
Adding a Demand gene --> which should prevent a dishonest signal // should be null in time of peace

lame10.enst.fr: Experience Sacrifice.py 6 - Mon Mar 25 20:45:18 CET 2019 terminee
 Study of the possibility of honoring being an ESS (once SS is stable)
Adding a Demand gene --> which should prevent a dishonest signal // should be null in time of peace

lame10.enst.fr: Experience Sacrifice.py 6 - Mon Mar 25 20:49:32 CET 2019 terminee
 Study of the possibility of honoring being an ESS (once SS is stable)
Adding a Demand gene --> which should prevent a dishonest signal // should be null in time of peace

...lame10.enst.fr: Experience Sacrifice.py 5 - Mon Mar 25 20:55:45 CET 2019
changed parameter: NbTraitors
	chosen value: 70
changed parameter: MaxOffer
	chosen value: 50
changed parameter: ReproductionRate
	chosen value: 15
 Study of the possibility of honoring being an ESS (once SS is stable)
Adding a Demand gene --> which should prevent a dishonest signal // should be null in time of peace

...lame10.enst.fr: Experience Sacrifice.py 5 - Mon Mar 25 20:57:54 CET 2019
changed parameter: NbTraitors
	chosen value: 80
changed parameter: MaxOffer
	chosen value: 25
changed parameter: ReproductionRate
	chosen value: 50
 Study of the possibility of honoring being an ESS (once SS is stable)
Adding a Demand gene --> which should prevent a dishonest signal // should be null in time of peace

...lame10.enst.fr: Experience Sacrifice.py 4 - Mon Mar 25 21:02:39 CET 2019
changed parameter: NbTraitors
	chosen value: 20
changed parameter: MaxOffer
	chosen value: 5
changed parameter: ReproductionRate
	chosen value: 15
 Study of the possibility of honoring being an ESS (once SS is stable)
Adding a Demand gene --> which should prevent a dishonest signal // should be null in time of peace

lame10.enst.fr: Experience Sacrifice.py 6 - Mon Mar 25 21:16:49 CET 2019 terminee
 Study of the possibility of honoring being an ESS (once SS is stable)
Adding a Demand gene --> which should prevent a dishonest signal // should be null in time of peace

 Study of the possibility of honoring being an ESS (once SS is stable)
Adding a Demand gene --> which should prevent a dishonest signal // should be null in time of peace

...lame10.enst.fr: Experience Sacrifice.py 5 - Mon Mar 25 21:22:09 CET 2019
changed parameter: NbTraitors
	chosen value: 60
changed parameter: MaxOffer
	chosen value: 25
changed parameter: ReproductionRate
	chosen value: 50
...lame10.enst.fr: Experience Sacrifice.py 5 - Mon Mar 25 21:22:43 CET 2019
changed parameter: NbTraitors
	chosen value: 90
changed parameter: MaxOffer
	chosen value: 5
changed parameter: ReproductionRate
	chosen value: 30
 Study of the possibility of honoring being an ESS (once SS is stable)
Adding a Demand gene --> which should prevent a dishonest signal // should be null in time of peace

...lame10.enst.fr: Experience Sacrifice.py 5 - Mon Mar 25 21:24:14 CET 2019
changed parameter: NbTraitors
	chosen value: 50
changed parameter: MaxOffer
	chosen value: 50
changed parameter: ReproductionRate
	chosen value: 30
 Study of the possibility of honoring being an ESS (once SS is stable)
Adding a Demand gene --> which should prevent a dishonest signal // should be null in time of peace

lame10.enst.fr: Experience Sacrifice.py 6 - Mon Mar 25 21:30:14 CET 2019 terminee
 Study of the possibility of honoring being an ESS (once SS is stable)
Adding a Demand gene --> which should prevent a dishonest signal // should be null in time of peace

lame10.enst.fr: Experience Sacrifice.py 6 - Mon Mar 25 21:38:23 CET 2019 terminee
 Study of the possibility of honoring being an ESS (once SS is stable)
Adding a Demand gene --> which should prevent a dishonest signal // should be null in time of peace

...lame10.enst.fr: Experience Sacrifice.py 5 - Mon Mar 25 21:48:05 CET 2019
changed parameter: NbTraitors
	chosen value: 100
changed parameter: MaxOffer
	chosen value: 100
changed parameter: ReproductionRate
	chosen value: 15
 Study of the possibility of honoring being an ESS (once SS is stable)
Adding a Demand gene --> which should prevent a dishonest signal // should be null in time of peace

...lame10.enst.fr: Experience Sacrifice.py 5 - Mon Mar 25 21:49:33 CET 2019
changed parameter: NbTraitors
	chosen value: 30
changed parameter: MaxOffer
	chosen value: 75
changed parameter: ReproductionRate
	chosen value: 50
 Study of the possibility of honoring being an ESS (once SS is stable)
Adding a Demand gene --> which should prevent a dishonest signal // should be null in time of peace

lame10.enst.fr: Experience Sacrifice.py 6 - Mon Mar 25 21:55:27 CET 2019 terminee
 Study of the possibility of honoring being an ESS (once SS is stable)
Adding a Demand gene --> which should prevent a dishonest signal // should be null in time of peace

lame10.enst.fr: Experience Sacrifice.py 6 - Mon Mar 25 22:00:03 CET 2019 terminee
 Study of the possibility of honoring being an ESS (once SS is stable)
Adding a Demand gene --> which should prevent a dishonest signal // should be null in time of peace

lame10.enst.fr: Experience Sacrifice.py 6 - Mon Mar 25 22:00:15 CET 2019 terminee
 Study of the possibility of honoring being an ESS (once SS is stable)
Adding a Demand gene --> which should prevent a dishonest signal // should be null in time of peace

...lame10.enst.fr: Experience Sacrifice.py 5 - Mon Mar 25 22:03:34 CET 2019
changed parameter: NbTraitors
	chosen value: 40
changed parameter: MaxOffer
	chosen value: 100
changed parameter: ReproductionRate
	chosen value: 50
 Study of the possibility of honoring being an ESS (once SS is stable)
Adding a Demand gene --> which should prevent a dishonest signal // should be null in time of peace

lame10.enst.fr: Experience Sacrifice.py 6 - Mon Mar 25 22:12:00 CET 2019 terminee
 Study of the possibility of honoring being an ESS (once SS is stable)
Adding a Demand gene --> which should prevent a dishonest signal // should be null in time of peace

lame10.enst.fr: Experience Sacrifice.py 6 - Mon Mar 25 22:20:14 CET 2019 terminee
 Study of the possibility of honoring being an ESS (once SS is stable)
Adding a Demand gene --> which should prevent a dishonest signal // should be null in time of peace

lame10.enst.fr: Experience Sacrifice.py 6 - Mon Mar 25 22:33:52 CET 2019 terminee
 Study of the possibility of honoring being an ESS (once SS is stable)
Adding a Demand gene --> which should prevent a dishonest signal // should be null in time of peace

lame10.enst.fr: Experience Sacrifice.py 6 - Mon Mar 25 22:34:33 CET 2019 terminee
 Study of the possibility of honoring being an ESS (once SS is stable)
Adding a Demand gene --> which should prevent a dishonest signal // should be null in time of peace

lame10.enst.fr: Experience Sacrifice.py 6 - Mon Mar 25 22:40:14 CET 2019 terminee
 Study of the possibility of honoring being an ESS (once SS is stable)
Adding a Demand gene --> which should prevent a dishonest signal // should be null in time of peace

lame10.enst.fr: Experience Sacrifice.py 6 - Mon Mar 25 22:43:36 CET 2019 terminee
 Study of the possibility of honoring being an ESS (once SS is stable)
Adding a Demand gene --> which should prevent a dishonest signal // should be null in time of peace

lame10.enst.fr: Experience Sacrifice.py 6 - Mon Mar 25 22:58:29 CET 2019 terminee
 Study of the possibility of honoring being an ESS (once SS is stable)
Adding a Demand gene --> which should prevent a dishonest signal // should be null in time of peace

lame10.enst.fr: Experience Sacrifice.py 6 - Mon Mar 25 23:17:53 CET 2019 terminee
 Study of the possibility of honoring being an ESS (once SS is stable)
Adding a Demand gene --> which should prevent a dishonest signal // should be null in time of peace

lame10.enst.fr: Experience Sacrifice.py 6 - Mon Mar 25 23:27:36 CET 2019 terminee
lame10.enst.fr: Experience Sacrifice.py 0 - Tue Mar 26 11:55:15 CET 2019 demarrage
...lame10.enst.fr: Experience Sacrifice.py 0 - Tue Mar 26 11:55:15 CET 2019
changed parameter: NbTraitors
	chosen value: 100
changed parameter: MaxOffer
	chosen value: 50
changed parameter: ReproductionRate
	chosen value: 15
lame10.enst.fr: Experience Sacrifice.py 0 - Tue Mar 26 11:55:17 CET 2019 demarrage
...lame10.enst.fr: Experience Sacrifice.py 0 - Tue Mar 26 11:55:17 CET 2019
changed parameter: NbTraitors
	chosen value: 30
changed parameter: MaxOffer
	chosen value: 75
changed parameter: ReproductionRate
	chosen value: 30
lame10.enst.fr: Experience Sacrifice.py 0 - Tue Mar 26 11:55:19 CET 2019 demarrage
...lame10.enst.fr: Experience Sacrifice.py 0 - Tue Mar 26 11:55:19 CET 2019
changed parameter: NbTraitors
	chosen value: 90
changed parameter: MaxOffer
	chosen value: 25
changed parameter: ReproductionRate
	chosen value: 30
lame10.enst.fr: Experience Sacrifice.py 0 - Tue Mar 26 11:55:21 CET 2019 demarrage
...lame10.enst.fr: Experience Sacrifice.py 0 - Tue Mar 26 11:55:21 CET 2019
changed parameter: NbTraitors
	chosen value: 60
changed parameter: MaxOffer
	chosen value: 5
changed parameter: ReproductionRate
	chosen value: 50
lame10.enst.fr: Experience Sacrifice.py 0 - Tue Mar 26 11:55:23 CET 2019 demarrage
...lame10.enst.fr: Experience Sacrifice.py 0 - Tue Mar 26 11:55:23 CET 2019
changed parameter: NbTraitors
	chosen value: 0
changed parameter: MaxOffer
	chosen value: 100
changed parameter: ReproductionRate
	chosen value: 15
lame10.enst.fr: Experience Sacrifice.py 0 - Tue Mar 26 11:55:25 CET 2019 demarrage
...lame10.enst.fr: Experience Sacrifice.py 0 - Tue Mar 26 11:55:25 CET 2019
changed parameter: NbTraitors
	chosen value: 40
changed parameter: MaxOffer
	chosen value: 5
changed parameter: ReproductionRate
	chosen value: 30
lame10.enst.fr: Experience Sacrifice.py 0 - Tue Mar 26 11:55:27 CET 2019 demarrage
...lame10.enst.fr: Experience Sacrifice.py 0 - Tue Mar 26 11:55:27 CET 2019
changed parameter: NbTraitors
	chosen value: 80
changed parameter: MaxOffer
	chosen value: 50
changed parameter: ReproductionRate
	chosen value: 15
lame10.enst.fr: Experience Sacrifice.py 0 - Tue Mar 26 11:55:29 CET 2019 demarrage
...lame10.enst.fr: Experience Sacrifice.py 0 - Tue Mar 26 11:55:29 CET 2019
changed parameter: NbTraitors
	chosen value: 50
changed parameter: MaxOffer
	chosen value: 25
changed parameter: ReproductionRate
	chosen value: 50
lame10.enst.fr: Experience Sacrifice.py 0 - Tue Mar 26 11:55:31 CET 2019 demarrage
...lame10.enst.fr: Experience Sacrifice.py 0 - Tue Mar 26 11:55:31 CET 2019
changed parameter: NbTraitors
	chosen value: 70
changed parameter: MaxOffer
	chosen value: 75
changed parameter: ReproductionRate
	chosen value: 15
lame10.enst.fr: Experience Sacrifice.py 0 - Tue Mar 26 11:55:33 CET 2019 demarrage
...lame10.enst.fr: Experience Sacrifice.py 0 - Tue Mar 26 11:55:33 CET 2019
changed parameter: NbTraitors
	chosen value: 20
changed parameter: MaxOffer
	chosen value: 5
changed parameter: ReproductionRate
	chosen value: 30
lame10.enst.fr: Experience Sacrifice.py 0 - Tue Mar 26 12:02:59 CET 2019 demarrage
...lame10.enst.fr: Experience Sacrifice.py 0 - Tue Mar 26 12:02:59 CET 2019
changed parameter: NbTraitors
	chosen value: 10
changed parameter: MaxOffer
	chosen value: 100
changed parameter: ReproductionRate
	chosen value: 50
lame10.enst.fr: Experience Sacrifice.py 0 - Tue Mar 26 12:03:01 CET 2019 demarrage
...lame10.enst.fr: Experience Sacrifice.py 0 - Tue Mar 26 12:03:01 CET 2019
changed parameter: NbTraitors
	chosen value: 20
changed parameter: MaxOffer
	chosen value: 75
changed parameter: ReproductionRate
	chosen value: 30
lame10.enst.fr: Experience Sacrifice.py 0 - Tue Mar 26 12:03:03 CET 2019 demarrage
...lame10.enst.fr: Experience Sacrifice.py 0 - Tue Mar 26 12:03:03 CET 2019
changed parameter: NbTraitors
	chosen value: 50
changed parameter: MaxOffer
	chosen value: 25
changed parameter: ReproductionRate
	chosen value: 15
lame10.enst.fr: Experience Sacrifice.py 0 - Tue Mar 26 12:03:05 CET 2019 demarrage
...lame10.enst.fr: Experience Sacrifice.py 0 - Tue Mar 26 12:03:05 CET 2019
changed parameter: NbTraitors
	chosen value: 100
changed parameter: MaxOffer
	chosen value: 50
changed parameter: ReproductionRate
	chosen value: 50
lame10.enst.fr: Experience Sacrifice.py 0 - Tue Mar 26 12:03:07 CET 2019 demarrage
...lame10.enst.fr: Experience Sacrifice.py 0 - Tue Mar 26 12:03:07 CET 2019
changed parameter: NbTraitors
	chosen value: 40
changed parameter: MaxOffer
	chosen value: 50
changed parameter: ReproductionRate
	chosen value: 30
lame10.enst.fr: Experience Sacrifice.py 0 - Tue Mar 26 12:03:09 CET 2019 demarrage
...lame10.enst.fr: Experience Sacrifice.py 0 - Tue Mar 26 12:03:09 CET 2019
changed parameter: NbTraitors
	chosen value: 60
changed parameter: MaxOffer
	chosen value: 25
changed parameter: ReproductionRate
	chosen value: 15
lame10.enst.fr: Experience Sacrifice.py 0 - Tue Mar 26 12:03:11 CET 2019 demarrage
...lame10.enst.fr: Experience Sacrifice.py 0 - Tue Mar 26 12:03:11 CET 2019
changed parameter: NbTraitors
	chosen value: 70
changed parameter: MaxOffer
	chosen value: 75
changed parameter: ReproductionRate
	chosen value: 50
lame10.enst.fr: Experience Sacrifice.py 0 - Tue Mar 26 12:03:13 CET 2019 demarrage
...lame10.enst.fr: Experience Sacrifice.py 0 - Tue Mar 26 12:03:13 CET 2019
changed parameter: NbTraitors
	chosen value: 0
changed parameter: MaxOffer
	chosen value: 5
changed parameter: ReproductionRate
	chosen value: 50
lame10.enst.fr: Experience Sacrifice.py 0 - Tue Mar 26 12:03:15 CET 2019 demarrage
...lame10.enst.fr: Experience Sacrifice.py 0 - Tue Mar 26 12:03:15 CET 2019
changed parameter: NbTraitors
	chosen value: 10
changed parameter: MaxOffer
	chosen value: 100
changed parameter: ReproductionRate
	chosen value: 15
lame10.enst.fr: Experience Sacrifice.py 0 - Tue Mar 26 12:03:17 CET 2019 demarrage
...lame10.enst.fr: Experience Sacrifice.py 0 - Tue Mar 26 12:03:17 CET 2019
changed parameter: NbTraitors
	chosen value: 80
changed parameter: MaxOffer
	chosen value: 25
changed parameter: ReproductionRate
	chosen value: 30
 Study of the possibility of honoring being an ESS (once SS is stable)
Adding a Demand gene --> which should prevent a dishonest signal // should be null in time of peace

...lame10.enst.fr: Experience Sacrifice.py 1 - Tue Mar 26 12:18:25 CET 2019
changed parameter: NbTraitors
	chosen value: 30
changed parameter: MaxOffer
	chosen value: 50
changed parameter: ReproductionRate
	chosen value: 50
 Study of the possibility of honoring being an ESS (once SS is stable)
Adding a Demand gene --> which should prevent a dishonest signal // should be null in time of peace

...lame10.enst.fr: Experience Sacrifice.py 1 - Tue Mar 26 12:19:03 CET 2019
changed parameter: NbTraitors
	chosen value: 90
changed parameter: MaxOffer
	chosen value: 5
changed parameter: ReproductionRate
	chosen value: 15
 Study of the possibility of honoring being an ESS (once SS is stable)
Adding a Demand gene --> which should prevent a dishonest signal // should be null in time of peace

...lame10.enst.fr: Experience Sacrifice.py 1 - Tue Mar 26 12:20:35 CET 2019
changed parameter: NbTraitors
	chosen value: 0
changed parameter: MaxOffer
	chosen value: 100
changed parameter: ReproductionRate
	chosen value: 30
 Study of the possibility of honoring being an ESS (once SS is stable)
Adding a Demand gene --> which should prevent a dishonest signal // should be null in time of peace

...lame10.enst.fr: Experience Sacrifice.py 1 - Tue Mar 26 12:26:55 CET 2019
changed parameter: NbTraitors
	chosen value: 30
changed parameter: MaxOffer
	chosen value: 75
changed parameter: ReproductionRate
	chosen value: 15
 Study of the possibility of honoring being an ESS (once SS is stable)
Adding a Demand gene --> which should prevent a dishonest signal // should be null in time of peace

...lame10.enst.fr: Experience Sacrifice.py 1 - Tue Mar 26 12:28:10 CET 2019
changed parameter: NbTraitors
	chosen value: 20
changed parameter: MaxOffer
	chosen value: 100
changed parameter: ReproductionRate
	chosen value: 30
 Study of the possibility of honoring being an ESS (once SS is stable)
Adding a Demand gene --> which should prevent a dishonest signal // should be null in time of peace

...lame10.enst.fr: Experience Sacrifice.py 1 - Tue Mar 26 12:28:40 CET 2019
changed parameter: NbTraitors
	chosen value: 50
changed parameter: MaxOffer
	chosen value: 50
changed parameter: ReproductionRate
	chosen value: 50
 Study of the possibility of honoring being an ESS (once SS is stable)
Adding a Demand gene --> which should prevent a dishonest signal // should be null in time of peace

...lame10.enst.fr: Experience Sacrifice.py 1 - Tue Mar 26 12:30:05 CET 2019
changed parameter: NbTraitors
	chosen value: 90
changed parameter: MaxOffer
	chosen value: 5
changed parameter: ReproductionRate
	chosen value: 30
 Study of the possibility of honoring being an ESS (once SS is stable)
Adding a Demand gene --> which should prevent a dishonest signal // should be null in time of peace

...lame10.enst.fr: Experience Sacrifice.py 1 - Tue Mar 26 12:33:04 CET 2019
changed parameter: NbTraitors
	chosen value: 100
changed parameter: MaxOffer
	chosen value: 75
changed parameter: ReproductionRate
	chosen value: 15
 Study of the possibility of honoring being an ESS (once SS is stable)
Adding a Demand gene --> which should prevent a dishonest signal // should be null in time of peace

...lame10.enst.fr: Experience Sacrifice.py 1 - Tue Mar 26 12:37:36 CET 2019
changed parameter: NbTraitors
	chosen value: 80
changed parameter: MaxOffer
	chosen value: 25
changed parameter: ReproductionRate
	chosen value: 50
 Study of the possibility of honoring being an ESS (once SS is stable)
Adding a Demand gene --> which should prevent a dishonest signal // should be null in time of peace

...lame10.enst.fr: Experience Sacrifice.py 1 - Tue Mar 26 12:54:12 CET 2019
changed parameter: NbTraitors
	chosen value: 40
changed parameter: MaxOffer
	chosen value: 100
changed parameter: ReproductionRate
	chosen value: 30
 Study of the possibility of honoring being an ESS (once SS is stable)
Adding a Demand gene --> which should prevent a dishonest signal // should be null in time of peace

...lame10.enst.fr: Experience Sacrifice.py 2 - Wed Mar 27 05:12:55 CET 2019
changed parameter: NbTraitors
	chosen value: 10
changed parameter: MaxOffer
	chosen value: 50
changed parameter: ReproductionRate
	chosen value: 50
 Study of the possibility of honoring being an ESS (once SS is stable)
Adding a Demand gene --> which should prevent a dishonest signal // should be null in time of peace

...lame10.enst.fr: Experience Sacrifice.py 2 - Wed Mar 27 05:15:15 CET 2019
changed parameter: NbTraitors
	chosen value: 70
changed parameter: MaxOffer
	chosen value: 5
changed parameter: ReproductionRate
	chosen value: 15
 Study of the possibility of honoring being an ESS (once SS is stable)
Adding a Demand gene --> which should prevent a dishonest signal // should be null in time of peace

...lame10.enst.fr: Experience Sacrifice.py 1 - Wed Mar 27 06:06:57 CET 2019
changed parameter: NbTraitors
	chosen value: 60
changed parameter: MaxOffer
	chosen value: 25
changed parameter: ReproductionRate
	chosen value: 30
 Study of the possibility of honoring being an ESS (once SS is stable)
Adding a Demand gene --> which should prevent a dishonest signal // should be null in time of peace

...lame10.enst.fr: Experience Sacrifice.py 2 - Wed Mar 27 06:30:48 CET 2019
changed parameter: NbTraitors
	chosen value: 10
changed parameter: MaxOffer
	chosen value: 75
changed parameter: ReproductionRate
	chosen value: 15
 Study of the possibility of honoring being an ESS (once SS is stable)
Adding a Demand gene --> which should prevent a dishonest signal // should be null in time of peace

...lame10.enst.fr: Experience Sacrifice.py 1 - Wed Mar 27 06:33:58 CET 2019
changed parameter: NbTraitors
	chosen value: 50
changed parameter: MaxOffer
	chosen value: 100
changed parameter: ReproductionRate
	chosen value: 50
 Study of the possibility of honoring being an ESS (once SS is stable)
Adding a Demand gene --> which should prevent a dishonest signal // should be null in time of peace

...lame10.enst.fr: Experience Sacrifice.py 1 - Wed Mar 27 06:36:31 CET 2019
changed parameter: NbTraitors
	chosen value: 80
changed parameter: MaxOffer
	chosen value: 5
changed parameter: ReproductionRate
	chosen value: 30
