lame10.enst.fr: Experience Exogene.py 0 - Tue Mar 26 12:10:50 CET 2019 demarrage
...lame10.enst.fr: Experience Exogene.py 0 - Tue Mar 26 12:10:50 CET 2019
changed parameter: SacrificeHeredity
	chosen value: 50
changed parameter: Admiration
	chosen value: 50
changed parameter: ReproductionRate
	chosen value: 30
lame10.enst.fr: Experience Exogene.py 0 - Tue Mar 26 12:10:52 CET 2019 demarrage
...lame10.enst.fr: Experience Exogene.py 0 - Tue Mar 26 12:10:52 CET 2019
changed parameter: SacrificeHeredity
	chosen value: 25
changed parameter: Admiration
	chosen value: 100
changed parameter: ReproductionRate
	chosen value: 100
lame10.enst.fr: Experience Exogene.py 0 - Tue Mar 26 12:10:54 CET 2019 demarrage
...lame10.enst.fr: Experience Exogene.py 0 - Tue Mar 26 12:10:54 CET 2019
changed parameter: SacrificeHeredity
	chosen value: 100
changed parameter: Admiration
	chosen value: 0
changed parameter: ReproductionRate
	chosen value: 15
lame10.enst.fr: Experience Exogene.py 0 - Tue Mar 26 12:10:56 CET 2019 demarrage
...lame10.enst.fr: Experience Exogene.py 0 - Tue Mar 26 12:10:56 CET 2019
changed parameter: SacrificeHeredity
	chosen value: 0
changed parameter: Admiration
	chosen value: 5
changed parameter: ReproductionRate
	chosen value: 50
lame10.enst.fr: Experience Exogene.py 0 - Tue Mar 26 12:10:58 CET 2019 demarrage
...lame10.enst.fr: Experience Exogene.py 0 - Tue Mar 26 12:10:58 CET 2019
changed parameter: SacrificeHeredity
	chosen value: 50
changed parameter: Admiration
	chosen value: 20
changed parameter: ReproductionRate
	chosen value: 30
lame10.enst.fr: Experience Exogene.py 0 - Tue Mar 26 12:11:00 CET 2019 demarrage
...lame10.enst.fr: Experience Exogene.py 0 - Tue Mar 26 12:11:00 CET 2019
changed parameter: SacrificeHeredity
	chosen value: 75
changed parameter: Admiration
	chosen value: 50
changed parameter: ReproductionRate
	chosen value: 15
lame10.enst.fr: Experience Exogene.py 0 - Tue Mar 26 12:11:02 CET 2019 demarrage
...lame10.enst.fr: Experience Exogene.py 0 - Tue Mar 26 12:11:02 CET 2019
changed parameter: SacrificeHeredity
	chosen value: 100
changed parameter: Admiration
	chosen value: 10
changed parameter: ReproductionRate
	chosen value: 50
lame10.enst.fr: Experience Exogene.py 0 - Tue Mar 26 12:11:04 CET 2019 demarrage
...lame10.enst.fr: Experience Exogene.py 0 - Tue Mar 26 12:11:04 CET 2019
changed parameter: SacrificeHeredity
	chosen value: 25
changed parameter: Admiration
	chosen value: 100
changed parameter: ReproductionRate
	chosen value: 30
lame10.enst.fr: Experience Exogene.py 0 - Tue Mar 26 12:11:06 CET 2019 demarrage
...lame10.enst.fr: Experience Exogene.py 0 - Tue Mar 26 12:11:06 CET 2019
changed parameter: SacrificeHeredity
	chosen value: 0
changed parameter: Admiration
	chosen value: 5
changed parameter: ReproductionRate
	chosen value: 100
lame10.enst.fr: Experience Exogene.py 0 - Tue Mar 26 12:11:08 CET 2019 demarrage
...lame10.enst.fr: Experience Exogene.py 0 - Tue Mar 26 12:11:08 CET 2019
changed parameter: SacrificeHeredity
	chosen value: 75
changed parameter: Admiration
	chosen value: 0
changed parameter: ReproductionRate
	chosen value: 15
lame10.enst.fr: Experience Exogene.py 0 - Tue Mar 26 12:11:19 CET 2019 demarrage
...lame10.enst.fr: Experience Exogene.py 0 - Tue Mar 26 12:11:28 CET 2019
lame10.enst.fr: Experience Exogene.py 0 - Tue Mar 26 12:11:28 CET 2019 demarrage
lame10.enst.fr: Experience Exogene.py 0 - Tue Mar 26 12:11:28 CET 2019 demarrage
lame10.enst.fr: Experience Exogene.py 0 - Tue Mar 26 12:11:28 CET 2019 demarrage
lame10.enst.fr: Experience Exogene.py 0 - Tue Mar 26 12:11:28 CET 2019 demarrage
............lame10.enst.fr: Experience Exogene.py 0 - Tue Mar 26 12:11:28 CET 2019
lame10.enst.fr: Experience Exogene.py 0 - Tue Mar 26 12:11:28 CET 2019
lame10.enst.fr: Experience Exogene.py 0 - Tue Mar 26 12:11:28 CET 2019
lame10.enst.fr: Experience Exogene.py 0 - Tue Mar 26 12:11:28 CET 2019
changed parameter: SacrificeHeredity
	chosen value: 100
changed parameter: Admiration
	chosen value: 50
changed parameter: ReproductionRate
	chosen value: 100
changed parameter: SacrificeHeredity
	chosen value: 50
changed parameter: Admiration
	chosen value: 20
changed parameter: ReproductionRate
	chosen value: 30
changed parameter: SacrificeHeredity
	chosen value: 50
changed parameter: Admiration
	chosen value: 100
changed parameter: ReproductionRate
	chosen value: 50
changed parameter: SacrificeHeredity
	chosen value: 50
changed parameter: Admiration
	chosen value: 20
changed parameter: ReproductionRate
	chosen value: 30
changed parameter: SacrificeHeredity
	chosen value: 25
changed parameter: Admiration
	chosen value: 5
changed parameter: ReproductionRate
	chosen value: 30
lame10.enst.fr: Experience Exogene.py 0 - Tue Mar 26 12:11:29 CET 2019 demarrage
...lame10.enst.fr: Experience Exogene.py 0 - Tue Mar 26 12:11:29 CET 2019
changed parameter: SacrificeHeredity
	chosen value: 50
changed parameter: Admiration
	chosen value: 10
changed parameter: ReproductionRate
	chosen value: 50
lame10.enst.fr: Experience Exogene.py 0 - Tue Mar 26 12:11:31 CET 2019 demarrage
...lame10.enst.fr: Experience Exogene.py 0 - Tue Mar 26 12:11:31 CET 2019
changed parameter: SacrificeHeredity
	chosen value: 100
changed parameter: Admiration
	chosen value: 100
changed parameter: ReproductionRate
	chosen value: 50
lame10.enst.fr: Experience Exogene.py 0 - Tue Mar 26 12:11:33 CET 2019 demarrage
...lame10.enst.fr: Experience Exogene.py 0 - Tue Mar 26 12:11:33 CET 2019
changed parameter: SacrificeHeredity
	chosen value: 0
changed parameter: Admiration
	chosen value: 0
changed parameter: ReproductionRate
	chosen value: 15
lame10.enst.fr: Experience Exogene.py 0 - Tue Mar 26 12:11:35 CET 2019 demarrage
...lame10.enst.fr: Experience Exogene.py 0 - Tue Mar 26 12:11:35 CET 2019
changed parameter: SacrificeHeredity
	chosen value: 50
changed parameter: Admiration
	chosen value: 20
changed parameter: ReproductionRate
	chosen value: 30
lame10.enst.fr: Experience Exogene.py 0 - Tue Mar 26 12:11:37 CET 2019 demarrage
...lame10.enst.fr: Experience Exogene.py 0 - Tue Mar 26 12:11:37 CET 2019
changed parameter: SacrificeHeredity
	chosen value: 25
changed parameter: Admiration
	chosen value: 0
changed parameter: ReproductionRate
	chosen value: 100
lame10.enst.fr: Experience Exogene.py 0 - Tue Mar 26 15:52:06 CET 2019 demarrage
...lame10.enst.fr: Experience Exogene.py 0 - Tue Mar 26 15:52:06 CET 2019
changed parameter: SacrificeHeredity
	chosen value: 75
changed parameter: Admiration
	chosen value: 20
changed parameter: ReproductionRate
	chosen value: 50
lame10.enst.fr: Experience Exogene.py 0 - Tue Mar 26 15:52:08 CET 2019 demarrage
...lame10.enst.fr: Experience Exogene.py 0 - Tue Mar 26 15:52:08 CET 2019
changed parameter: SacrificeHeredity
	chosen value: 50
changed parameter: Admiration
	chosen value: 100
changed parameter: ReproductionRate
	chosen value: 30
lame10.enst.fr: Experience Exogene.py 0 - Tue Mar 26 15:52:10 CET 2019 demarrage
...lame10.enst.fr: Experience Exogene.py 0 - Tue Mar 26 15:52:10 CET 2019
changed parameter: SacrificeHeredity
	chosen value: 0
changed parameter: Admiration
	chosen value: 10
changed parameter: ReproductionRate
	chosen value: 100
lame10.enst.fr: Experience Exogene.py 0 - Tue Mar 26 15:52:12 CET 2019 demarrage
...lame10.enst.fr: Experience Exogene.py 0 - Tue Mar 26 15:52:12 CET 2019
changed parameter: SacrificeHeredity
	chosen value: 100
changed parameter: Admiration
	chosen value: 50
changed parameter: ReproductionRate
	chosen value: 15
lame10.enst.fr: Experience Exogene.py 0 - Tue Mar 26 15:52:14 CET 2019 demarrage
...lame10.enst.fr: Experience Exogene.py 0 - Tue Mar 26 15:52:14 CET 2019
changed parameter: SacrificeHeredity
	chosen value: 25
changed parameter: Admiration
	chosen value: 5
changed parameter: ReproductionRate
	chosen value: 50
lame10.enst.fr: Experience Exogene.py 0 - Tue Mar 26 15:52:16 CET 2019 demarrage
...lame10.enst.fr: Experience Exogene.py 0 - Tue Mar 26 15:52:16 CET 2019
changed parameter: SacrificeHeredity
	chosen value: 75
changed parameter: Admiration
	chosen value: 5
changed parameter: ReproductionRate
	chosen value: 30
lame10.enst.fr: Experience Exogene.py 0 - Tue Mar 26 15:52:18 CET 2019 demarrage
...lame10.enst.fr: Experience Exogene.py 0 - Tue Mar 26 15:52:18 CET 2019
changed parameter: SacrificeHeredity
	chosen value: 50
changed parameter: Admiration
	chosen value: 10
changed parameter: ReproductionRate
	chosen value: 100
lame10.enst.fr: Experience Exogene.py 0 - Tue Mar 26 15:52:20 CET 2019 demarrage
...lame10.enst.fr: Experience Exogene.py 0 - Tue Mar 26 15:52:20 CET 2019
changed parameter: SacrificeHeredity
	chosen value: 75
changed parameter: Admiration
	chosen value: 20
changed parameter: ReproductionRate
	chosen value: 15
lame10.enst.fr: Experience Exogene.py 0 - Tue Mar 26 15:52:22 CET 2019 demarrage
...lame10.enst.fr: Experience Exogene.py 0 - Tue Mar 26 15:52:22 CET 2019
changed parameter: SacrificeHeredity
	chosen value: 25
changed parameter: Admiration
	chosen value: 0
changed parameter: ReproductionRate
	chosen value: 50
lame10.enst.fr: Experience Exogene.py 0 - Tue Mar 26 15:52:24 CET 2019 demarrage
...lame10.enst.fr: Experience Exogene.py 0 - Tue Mar 26 15:52:24 CET 2019
changed parameter: SacrificeHeredity
	chosen value: 100
changed parameter: Admiration
	chosen value: 50
changed parameter: ReproductionRate
	chosen value: 15
lame10.enst.fr: Experience Exogene.py 0 - Tue Mar 26 18:47:49 CET 2019 demarrage
...lame10.enst.fr: Experience Exogene.py 0 - Tue Mar 26 18:47:49 CET 2019
changed parameter: SacrificeHeredity
	chosen value: 0
changed parameter: Admiration
	chosen value: 100
changed parameter: ReproductionRate
	chosen value: 100
lame10.enst.fr: Experience Exogene.py 0 - Tue Mar 26 18:47:51 CET 2019 demarrage
...lame10.enst.fr: Experience Exogene.py 0 - Tue Mar 26 18:47:51 CET 2019
changed parameter: SacrificeHeredity
	chosen value: 0
changed parameter: Admiration
	chosen value: 50
changed parameter: ReproductionRate
	chosen value: 30
lame10.enst.fr: Experience Exogene.py 0 - Tue Mar 26 18:47:53 CET 2019 demarrage
...lame10.enst.fr: Experience Exogene.py 0 - Tue Mar 26 18:47:53 CET 2019
changed parameter: SacrificeHeredity
	chosen value: 100
changed parameter: Admiration
	chosen value: 10
changed parameter: ReproductionRate
	chosen value: 30
lame10.enst.fr: Experience Exogene.py 0 - Tue Mar 26 18:47:55 CET 2019 demarrage
...lame10.enst.fr: Experience Exogene.py 0 - Tue Mar 26 18:47:55 CET 2019
changed parameter: SacrificeHeredity
	chosen value: 75
changed parameter: Admiration
	chosen value: 0
changed parameter: ReproductionRate
	chosen value: 50
lame10.enst.fr: Experience Exogene.py 0 - Tue Mar 26 18:47:57 CET 2019 demarrage
...lame10.enst.fr: Experience Exogene.py 0 - Tue Mar 26 18:47:57 CET 2019
changed parameter: SacrificeHeredity
	chosen value: 50
changed parameter: Admiration
	chosen value: 20
changed parameter: ReproductionRate
	chosen value: 15
lame10.enst.fr: Experience Exogene.py 0 - Tue Mar 26 18:47:59 CET 2019 demarrage
...lame10.enst.fr: Experience Exogene.py 0 - Tue Mar 26 18:47:59 CET 2019
changed parameter: SacrificeHeredity
	chosen value: 25
changed parameter: Admiration
	chosen value: 100
changed parameter: ReproductionRate
	chosen value: 100
lame10.enst.fr: Experience Exogene.py 0 - Tue Mar 26 18:48:01 CET 2019 demarrage
...lame10.enst.fr: Experience Exogene.py 0 - Tue Mar 26 18:48:01 CET 2019
changed parameter: SacrificeHeredity
	chosen value: 50
changed parameter: Admiration
	chosen value: 5
changed parameter: ReproductionRate
	chosen value: 100
lame10.enst.fr: Experience Exogene.py 0 - Tue Mar 26 18:48:03 CET 2019 demarrage
...lame10.enst.fr: Experience Exogene.py 0 - Tue Mar 26 18:48:03 CET 2019
changed parameter: SacrificeHeredity
	chosen value: 25
changed parameter: Admiration
	chosen value: 100
changed parameter: ReproductionRate
	chosen value: 50
lame10.enst.fr: Experience Exogene.py 0 - Tue Mar 26 18:48:05 CET 2019 demarrage
...lame10.enst.fr: Experience Exogene.py 0 - Tue Mar 26 18:48:05 CET 2019
changed parameter: SacrificeHeredity
	chosen value: 0
changed parameter: Admiration
	chosen value: 5
changed parameter: ReproductionRate
	chosen value: 30
lame10.enst.fr: Experience Exogene.py 0 - Tue Mar 26 18:48:07 CET 2019 demarrage
...lame10.enst.fr: Experience Exogene.py 0 - Tue Mar 26 18:48:07 CET 2019
changed parameter: SacrificeHeredity
	chosen value: 100
changed parameter: Admiration
	chosen value: 50
changed parameter: ReproductionRate
	chosen value: 15
 Study of the possibility of self-sacrifice being an ESS
Simplified 'first-step' (base) version where Admiration is automatic/exogenous
11-03: implementing jeux a 2 vitesses : sacrifice Select // other ...
14-03: interactions a 2 comme dans Def_s...

...lame10.enst.fr: Experience Exogene.py 1 - Tue Mar 26 19:39:51 CET 2019
changed parameter: SacrificeHeredity
	chosen value: 75
changed parameter: Admiration
	chosen value: 10
changed parameter: ReproductionRate
	chosen value: 30
 Study of the possibility of self-sacrifice being an ESS
Simplified 'first-step' (base) version where Admiration is automatic/exogenous
11-03: implementing jeux a 2 vitesses : sacrifice Select // other ...
14-03: interactions a 2 comme dans Def_s...

...lame10.enst.fr: Experience Exogene.py 1 - Tue Mar 26 19:48:48 CET 2019
changed parameter: SacrificeHeredity
	chosen value: 75
changed parameter: Admiration
	chosen value: 20
changed parameter: ReproductionRate
	chosen value: 50
 Study of the possibility of self-sacrifice being an ESS
Simplified 'first-step' (base) version where Admiration is automatic/exogenous
11-03: implementing jeux a 2 vitesses : sacrifice Select // other ...
14-03: interactions a 2 comme dans Def_s...

...lame10.enst.fr: Experience Exogene.py 1 - Tue Mar 26 19:49:08 CET 2019
changed parameter: SacrificeHeredity
	chosen value: 100
changed parameter: Admiration
	chosen value: 0
changed parameter: ReproductionRate
	chosen value: 100
 Study of the possibility of self-sacrifice being an ESS
Simplified 'first-step' (base) version where Admiration is automatic/exogenous
11-03: implementing jeux a 2 vitesses : sacrifice Select // other ...
14-03: interactions a 2 comme dans Def_s...

...lame10.enst.fr: Experience Exogene.py 1 - Tue Mar 26 19:51:26 CET 2019
changed parameter: SacrificeHeredity
	chosen value: 50
changed parameter: Admiration
	chosen value: 100
changed parameter: ReproductionRate
	chosen value: 15
 Study of the possibility of self-sacrifice being an ESS
Simplified 'first-step' (base) version where Admiration is automatic/exogenous
11-03: implementing jeux a 2 vitesses : sacrifice Select // other ...
14-03: interactions a 2 comme dans Def_s...

...lame10.enst.fr: Experience Exogene.py 1 - Tue Mar 26 22:52:03 CET 2019
changed parameter: SacrificeHeredity
	chosen value: 0
changed parameter: Admiration
	chosen value: 10
changed parameter: ReproductionRate
	chosen value: 50
 Study of the possibility of self-sacrifice being an ESS
Simplified 'first-step' (base) version where Admiration is automatic/exogenous
11-03: implementing jeux a 2 vitesses : sacrifice Select // other ...
14-03: interactions a 2 comme dans Def_s...

...lame10.enst.fr: Experience Exogene.py 1 - Tue Mar 26 23:04:32 CET 2019
changed parameter: SacrificeHeredity
	chosen value: 25
changed parameter: Admiration
	chosen value: 5
changed parameter: ReproductionRate
	chosen value: 100
 Study of the possibility of self-sacrifice being an ESS
Simplified 'first-step' (base) version where Admiration is automatic/exogenous
11-03: implementing jeux a 2 vitesses : sacrifice Select // other ...
14-03: interactions a 2 comme dans Def_s...

...lame10.enst.fr: Experience Exogene.py 1 - Tue Mar 26 23:58:57 CET 2019
changed parameter: SacrificeHeredity
	chosen value: 75
changed parameter: Admiration
	chosen value: 0
changed parameter: ReproductionRate
	chosen value: 30
 Study of the possibility of self-sacrifice being an ESS
Simplified 'first-step' (base) version where Admiration is automatic/exogenous
11-03: implementing jeux a 2 vitesses : sacrifice Select // other ...
14-03: interactions a 2 comme dans Def_s...

...lame10.enst.fr: Experience Exogene.py 1 - Wed Mar 27 03:31:46 CET 2019
changed parameter: SacrificeHeredity
	chosen value: 50
changed parameter: Admiration
	chosen value: 50
changed parameter: ReproductionRate
	chosen value: 15
 Study of the possibility of self-sacrifice being an ESS
Simplified 'first-step' (base) version where Admiration is automatic/exogenous
11-03: implementing jeux a 2 vitesses : sacrifice Select // other ...
14-03: interactions a 2 comme dans Def_s...

...lame10.enst.fr: Experience Exogene.py 1 - Wed Mar 27 03:36:18 CET 2019
changed parameter: SacrificeHeredity
	chosen value: 100
changed parameter: Admiration
	chosen value: 20
changed parameter: ReproductionRate
	chosen value: 50
 Study of the possibility of self-sacrifice being an ESS
Simplified 'first-step' (base) version where Admiration is automatic/exogenous
11-03: implementing jeux a 2 vitesses : sacrifice Select // other ...
14-03: interactions a 2 comme dans Def_s...

...lame10.enst.fr: Experience Exogene.py 2 - Wed Mar 27 06:36:52 CET 2019
changed parameter: SacrificeHeredity
	chosen value: 25
changed parameter: Admiration
	chosen value: 0
changed parameter: ReproductionRate
	chosen value: 100
 Study of the possibility of self-sacrifice being an ESS
Simplified 'first-step' (base) version where Admiration is automatic/exogenous
11-03: implementing jeux a 2 vitesses : sacrifice Select // other ...
14-03: interactions a 2 comme dans Def_s...

...lame10.enst.fr: Experience Exogene.py 1 - Wed Mar 27 07:30:00 CET 2019
changed parameter: SacrificeHeredity
	chosen value: 0
changed parameter: Admiration
	chosen value: 5
changed parameter: ReproductionRate
	chosen value: 15
 Study of the possibility of self-sacrifice being an ESS
Simplified 'first-step' (base) version where Admiration is automatic/exogenous
11-03: implementing jeux a 2 vitesses : sacrifice Select // other ...
14-03: interactions a 2 comme dans Def_s...

...lame10.enst.fr: Experience Exogene.py 1 - Wed Mar 27 07:55:20 CET 2019
changed parameter: SacrificeHeredity
	chosen value: 100
changed parameter: Admiration
	chosen value: 100
changed parameter: ReproductionRate
	chosen value: 30
 Study of the possibility of self-sacrifice being an ESS
Simplified 'first-step' (base) version where Admiration is automatic/exogenous
11-03: implementing jeux a 2 vitesses : sacrifice Select // other ...
14-03: interactions a 2 comme dans Def_s...

...lame10.enst.fr: Experience Exogene.py 1 - Wed Mar 27 07:58:19 CET 2019
changed parameter: SacrificeHeredity
	chosen value: 75
changed parameter: Admiration
	chosen value: 10
changed parameter: ReproductionRate
	chosen value: 100
 Study of the possibility of self-sacrifice being an ESS
Simplified 'first-step' (base) version where Admiration is automatic/exogenous
11-03: implementing jeux a 2 vitesses : sacrifice Select // other ...
14-03: interactions a 2 comme dans Def_s...

...lame10.enst.fr: Experience Exogene.py 1 - Wed Mar 27 07:58:54 CET 2019
changed parameter: SacrificeHeredity
	chosen value: 50
changed parameter: Admiration
	chosen value: 20
changed parameter: ReproductionRate
	chosen value: 50
 Study of the possibility of self-sacrifice being an ESS
Simplified 'first-step' (base) version where Admiration is automatic/exogenous
11-03: implementing jeux a 2 vitesses : sacrifice Select // other ...
14-03: interactions a 2 comme dans Def_s...

...lame10.enst.fr: Experience Exogene.py 1 - Wed Mar 27 08:17:32 CET 2019
changed parameter: SacrificeHeredity
	chosen value: 0
changed parameter: Admiration
	chosen value: 50
changed parameter: ReproductionRate
	chosen value: 15
 Study of the possibility of self-sacrifice being an ESS
Simplified 'first-step' (base) version where Admiration is automatic/exogenous
11-03: implementing jeux a 2 vitesses : sacrifice Select // other ...
14-03: interactions a 2 comme dans Def_s...

...lame10.enst.fr: Experience Exogene.py 1 - Wed Mar 27 08:24:21 CET 2019
changed parameter: SacrificeHeredity
	chosen value: 25
changed parameter: Admiration
	chosen value: 20
changed parameter: ReproductionRate
	chosen value: 30
 Study of the possibility of self-sacrifice being an ESS
Simplified 'first-step' (base) version where Admiration is automatic/exogenous
11-03: implementing jeux a 2 vitesses : sacrifice Select // other ...
14-03: interactions a 2 comme dans Def_s...

...lame10.enst.fr: Experience Exogene.py 1 - Wed Mar 27 08:27:35 CET 2019
changed parameter: SacrificeHeredity
	chosen value: 25
changed parameter: Admiration
	chosen value: 50
changed parameter: ReproductionRate
	chosen value: 15
 Study of the possibility of self-sacrifice being an ESS
Simplified 'first-step' (base) version where Admiration is automatic/exogenous
11-03: implementing jeux a 2 vitesses : sacrifice Select // other ...
14-03: interactions a 2 comme dans Def_s...

...lame10.enst.fr: Experience Exogene.py 1 - Wed Mar 27 08:27:38 CET 2019
changed parameter: SacrificeHeredity
	chosen value: 75
changed parameter: Admiration
	chosen value: 5
changed parameter: ReproductionRate
	chosen value: 100
 Study of the possibility of self-sacrifice being an ESS
Simplified 'first-step' (base) version where Admiration is automatic/exogenous
11-03: implementing jeux a 2 vitesses : sacrifice Select // other ...
14-03: interactions a 2 comme dans Def_s...

...lame10.enst.fr: Experience Exogene.py 1 - Wed Mar 27 08:36:19 CET 2019
changed parameter: SacrificeHeredity
	chosen value: 0
changed parameter: Admiration
	chosen value: 100
changed parameter: ReproductionRate
	chosen value: 30
 Study of the possibility of self-sacrifice being an ESS
Simplified 'first-step' (base) version where Admiration is automatic/exogenous
11-03: implementing jeux a 2 vitesses : sacrifice Select // other ...
14-03: interactions a 2 comme dans Def_s...

...lame10.enst.fr: Experience Exogene.py 1 - Wed Mar 27 11:12:04 CET 2019
changed parameter: SacrificeHeredity
	chosen value: 100
changed parameter: Admiration
	chosen value: 10
changed parameter: ReproductionRate
	chosen value: 50
 Study of the possibility of self-sacrifice being an ESS
Simplified 'first-step' (base) version where Admiration is automatic/exogenous
11-03: implementing jeux a 2 vitesses : sacrifice Select // other ...
14-03: interactions a 2 comme dans Def_s...

...lame10.enst.fr: Experience Exogene.py 1 - Wed Mar 27 11:24:19 CET 2019
changed parameter: SacrificeHeredity
	chosen value: 50
changed parameter: Admiration
	chosen value: 0
changed parameter: ReproductionRate
	chosen value: 15
 Study of the possibility of self-sacrifice being an ESS
Simplified 'first-step' (base) version where Admiration is automatic/exogenous
11-03: implementing jeux a 2 vitesses : sacrifice Select // other ...
14-03: interactions a 2 comme dans Def_s...

...lame10.enst.fr: Experience Exogene.py 2 - Wed Mar 27 12:17:08 CET 2019
changed parameter: SacrificeHeredity
	chosen value: 50
changed parameter: Admiration
	chosen value: 20
changed parameter: ReproductionRate
	chosen value: 100
